#-----------------------------------------------------------
# Vivado v2019.2 (64-bit)
# SW Build 2708876 on Wed Nov  6 21:39:14 MST 2019
# IP Build 2700528 on Thu Nov  7 00:09:20 MST 2019
# Start of session at: Tue Apr 21 00:32:58 2020
# Process ID: 3538
# Current directory: /home/nate/projects/duneWireTension/ElectricalMethod/firmware/simulation
# Command line: vivado
# Log file: /home/nate/projects/duneWireTension/ElectricalMethod/firmware/simulation/vivado.log
# Journal file: /home/nate/projects/duneWireTension/ElectricalMethod/firmware/simulation/vivado.jou
#-----------------------------------------------------------
start_gui
open_project /home/nate/projects/duneWireTension/vivadoProjects/cores2018/project_1/project_1.xpr
CRITICAL WARNING: [Project 1-863] The design checkpoint file /home/nate/projects/duneWireTension/ElectricalMethod/firmware/source/cores/checkpoints/dwa_ps_bd.dcp was generated for a block design or an IP or BD by an out of context synthesis run and should not directly be used as a source in a Vivado flow to refer to an IP source.  As of 2017.1, the DCP from OOC runs will not contain XDC timing constraints because these are expected to be referred to by the IP .xci or .xcix file source. DCP files prior to 2017.1 will contain incorrect constraints because they were generated with default OOC clock period which will not likely match your top level clock constraints when used in the full design context. 
 
Scanning sources...
Finished scanning sources
INFO: [IP_Flow 19-234] Refreshing IP repositories
INFO: [IP_Flow 19-1704] No user IP repositories specified
INFO: [IP_Flow 19-2313] Loaded Vivado IP repository '/home/nate/opt/Xilinx/Vivado/2019.2/data/ip'.
WARNING: [IP_Flow 19-2162] IP 'fifo_autoDatacollection' is locked:
* IP definition 'FIFO Generator (13.2)' for IP 'fifo_autoDatacollection' (customized with software release 2018.3) has a different revision in the IP Catalog.
WARNING: [IP_Flow 19-2162] IP 'blkMem_mainsAvg' is locked:
* IP definition 'Block Memory Generator (8.4)' for IP 'blkMem_mainsAvg' (customized with software release 2018.3) has a different revision in the IP Catalog.
WARNING: [IP_Flow 19-2162] IP 'ila_xadc' is locked:
* IP definition 'ILA (Integrated Logic Analyzer) (6.2)' for IP 'ila_xadc' (customized with software release 2018.3) has a different revision in the IP Catalog. * Current project part 'xc7z020clg400-1' and the part 'xc7z020clg400-2' used to customize the IP 'ila_xadc' do not match.
WARNING: [IP_Flow 19-2162] IP 'fifo_adcData' is locked:
* IP definition 'FIFO Generator (13.2)' for IP 'fifo_adcData' (customized with software release 2018.2) has a different revision in the IP Catalog. * Current project part 'xc7z020clg400-1' and the part 'xc7vx485tffg1761-2' used to customize the IP 'fifo_adcData' do not match.
WARNING: [IP_Flow 19-2162] IP 'ila_xadc_big' is locked:
* IP definition 'ILA (Integrated Logic Analyzer) (6.2)' for IP 'ila_xadc_big' (customized with software release 2018.3) has a different revision in the IP Catalog.
WARNING: [IP_Flow 19-2162] IP 'vio_ctrl' is locked:
* Current project part 'xc7z020clg400-1' and the part 'xc7z020clg400-2' used to customize the IP 'vio_ctrl' do not match.
WARNING: [IP_Flow 19-2162] IP 'xadc_senseWire' is locked:
* IP definition 'XADC Wizard (3.3)' for IP 'xadc_senseWire' (customized with software release 2018.3) has a different revision in the IP Catalog.
WARNING: [IP_Flow 19-2162] IP 'ila_0' is locked:
* IP definition 'ILA (Integrated Logic Analyzer) (6.2)' for IP 'ila_0' (customized with software release 2018.2) has a different revision in the IP Catalog. * Current project part 'xc7z020clg400-1' and the part 'xc7vx485tffg1761-2' used to customize the IP 'ila_0' do not match.
WARNING: [IP_Flow 19-2162] IP 'dds_compiler_1khz' is locked:
* IP definition 'DDS Compiler (6.0)' for IP 'dds_compiler_1khz' (customized with software release 2018.3) has a different revision in the IP Catalog.
WARNING: [IP_Flow 19-3664] IP 'dwa_ps_bd_rst_ps7_0_100M_0' generated file not found '/home/nate/projects/duneWireTension/ElectricalMethod/firmware/source/cores/ip_repo/src/dwa_ps_bd_rst_ps7_0_100M_0/dwa_ps_bd_rst_ps7_0_100M_0.dcp'. Please regenerate to continue.
WARNING: [IP_Flow 19-3664] IP 'dwa_ps_bd_rst_ps7_0_100M_0' generated file not found '/home/nate/projects/duneWireTension/ElectricalMethod/firmware/source/cores/ip_repo/src/dwa_ps_bd_rst_ps7_0_100M_0/dwa_ps_bd_rst_ps7_0_100M_0_stub.v'. Please regenerate to continue.
WARNING: [IP_Flow 19-3664] IP 'dwa_ps_bd_rst_ps7_0_100M_0' generated file not found '/home/nate/projects/duneWireTension/ElectricalMethod/firmware/source/cores/ip_repo/src/dwa_ps_bd_rst_ps7_0_100M_0/dwa_ps_bd_rst_ps7_0_100M_0_stub.vhdl'. Please regenerate to continue.
WARNING: [IP_Flow 19-3664] IP 'dwa_ps_bd_rst_ps7_0_100M_0' generated file not found '/home/nate/projects/duneWireTension/ElectricalMethod/firmware/source/cores/ip_repo/src/dwa_ps_bd_rst_ps7_0_100M_0/dwa_ps_bd_rst_ps7_0_100M_0_sim_netlist.v'. Please regenerate to continue.
WARNING: [IP_Flow 19-3664] IP 'dwa_ps_bd_rst_ps7_0_100M_0' generated file not found '/home/nate/projects/duneWireTension/ElectricalMethod/firmware/source/cores/ip_repo/src/dwa_ps_bd_rst_ps7_0_100M_0/dwa_ps_bd_rst_ps7_0_100M_0_sim_netlist.vhdl'. Please regenerate to continue.
WARNING: [IP_Flow 19-2162] IP 'dwa_ps_bd_rst_ps7_0_100M_0' is locked:
* This IP has board specific outputs. Current project board 'unset' and the board 'em.avnet.com:microzed_7020:part0:1.1' used to customize the IP 'dwa_ps_bd_rst_ps7_0_100M_0' do not match.
WARNING: [IP_Flow 19-3664] IP 'dwa_ps_bd_processing_system7_0_0' generated file not found '/home/nate/projects/duneWireTension/ElectricalMethod/firmware/source/cores/ip_repo/src/dwa_ps_bd_processing_system7_0_0/dwa_ps_bd_processing_system7_0_0.dcp'. Please regenerate to continue.
WARNING: [IP_Flow 19-3664] IP 'dwa_ps_bd_processing_system7_0_0' generated file not found '/home/nate/projects/duneWireTension/ElectricalMethod/firmware/source/cores/ip_repo/src/dwa_ps_bd_processing_system7_0_0/dwa_ps_bd_processing_system7_0_0_stub.v'. Please regenerate to continue.
WARNING: [IP_Flow 19-3664] IP 'dwa_ps_bd_processing_system7_0_0' generated file not found '/home/nate/projects/duneWireTension/ElectricalMethod/firmware/source/cores/ip_repo/src/dwa_ps_bd_processing_system7_0_0/dwa_ps_bd_processing_system7_0_0_stub.vhdl'. Please regenerate to continue.
WARNING: [IP_Flow 19-3664] IP 'dwa_ps_bd_processing_system7_0_0' generated file not found '/home/nate/projects/duneWireTension/ElectricalMethod/firmware/source/cores/ip_repo/src/dwa_ps_bd_processing_system7_0_0/dwa_ps_bd_processing_system7_0_0_sim_netlist.v'. Please regenerate to continue.
WARNING: [IP_Flow 19-3664] IP 'dwa_ps_bd_processing_system7_0_0' generated file not found '/home/nate/projects/duneWireTension/ElectricalMethod/firmware/source/cores/ip_repo/src/dwa_ps_bd_processing_system7_0_0/dwa_ps_bd_processing_system7_0_0_sim_netlist.vhdl'. Please regenerate to continue.
WARNING: [IP_Flow 19-2162] IP 'dwa_ps_bd_processing_system7_0_0' is locked:
* This IP has board specific outputs. Current project board 'unset' and the board 'em.avnet.com:microzed_7020:part0:1.1' used to customize the IP 'dwa_ps_bd_processing_system7_0_0' do not match.
WARNING: [IP_Flow 19-3664] IP 'dwa_ps_bd_dwa_registers_0_0' generated file not found '/home/nate/projects/duneWireTension/ElectricalMethod/firmware/source/cores/ip_repo/src/dwa_ps_bd_dwa_registers_0_0/dwa_ps_bd_dwa_registers_0_0.dcp'. Please regenerate to continue.
WARNING: [IP_Flow 19-3664] IP 'dwa_ps_bd_dwa_registers_0_0' generated file not found '/home/nate/projects/duneWireTension/ElectricalMethod/firmware/source/cores/ip_repo/src/dwa_ps_bd_dwa_registers_0_0/dwa_ps_bd_dwa_registers_0_0_stub.v'. Please regenerate to continue.
WARNING: [IP_Flow 19-3664] IP 'dwa_ps_bd_dwa_registers_0_0' generated file not found '/home/nate/projects/duneWireTension/ElectricalMethod/firmware/source/cores/ip_repo/src/dwa_ps_bd_dwa_registers_0_0/dwa_ps_bd_dwa_registers_0_0_stub.vhdl'. Please regenerate to continue.
WARNING: [IP_Flow 19-3664] IP 'dwa_ps_bd_dwa_registers_0_0' generated file not found '/home/nate/projects/duneWireTension/ElectricalMethod/firmware/source/cores/ip_repo/src/dwa_ps_bd_dwa_registers_0_0/dwa_ps_bd_dwa_registers_0_0_sim_netlist.v'. Please regenerate to continue.
WARNING: [IP_Flow 19-3664] IP 'dwa_ps_bd_dwa_registers_0_0' generated file not found '/home/nate/projects/duneWireTension/ElectricalMethod/firmware/source/cores/ip_repo/src/dwa_ps_bd_dwa_registers_0_0/dwa_ps_bd_dwa_registers_0_0_sim_netlist.vhdl'. Please regenerate to continue.
WARNING: [IP_Flow 19-2162] IP 'dwa_ps_bd_dwa_registers_0_0' is locked:
* IP definition 'dwa_registers (1.0)' for IP 'dwa_ps_bd_dwa_registers_0_0' (customized with software release 2018.3) was not found in the IP Catalog.
WARNING: [IP_Flow 19-2162] IP 'dwa_ps_bd_auto_pc_0' is locked:
* IP definition 'AXI Protocol Converter (2.1)' for IP 'dwa_ps_bd_auto_pc_0' (customized with software release 2018.3) has a different revision in the IP Catalog.
open_project: Time (s): cpu = 00:00:17 ; elapsed = 00:00:08 . Memory (MB): peak = 6834.754 ; gain = 169.633 ; free physical = 2825 ; free virtual = 17717
update_compile_order -fileset sources_1
launch_simulation
Command: launch_simulation 
INFO: [Vivado 12-5698] Checking validity of IPs in the design for the 'XSim' simulator...
INFO: [Vivado 12-5682] Launching behavioral simulation in '/home/nate/projects/duneWireTension/vivadoProjects/cores2018/project_1/project_1.sim/sim_1/behav/xsim'
INFO: [Vivado 12-4795] Using compiled simulation libraries for IPs
INFO: [SIM-utils-51] Simulation object is 'sim_1'
INFO: [USF-XSim-7] Finding pre-compiled libraries...
INFO: [USF-XSim-11] File '/home/nate/opt/Xilinx/Vivado/2019.2/data/xsim/xsim.ini' copied to run dir:'/home/nate/projects/duneWireTension/vivadoProjects/cores2018/project_1/project_1.sim/sim_1/behav/xsim'
INFO: [SIM-utils-54] Inspecting design source files for 'tb_adc_emu' in fileset 'sim_1'...
WARNING: [SIM-utils-52] IP component XML file does not exist: '/home/nate/projects/duneWireTension/ElectricalMethod/firmware/source/cores/ip_repo/src/dwa_ps_bd_auto_pc_0/dwa_ps_bd_auto_pc_0.xml'
INFO: [USF-XSim-97] Finding global include files...
INFO: [USF-XSim-98] Fetching design files from 'sim_1'...
INFO: [USF-XSim-2] XSim::Compile design
INFO: [USF-XSim-61] Executing 'COMPILE and ANALYZE' step in '/home/nate/projects/duneWireTension/vivadoProjects/cores2018/project_1/project_1.sim/sim_1/behav/xsim'
xvlog --incr --relax -prj tb_adc_emu_vlog.prj
xvhdl --incr --relax -prj tb_adc_emu_vhdl.prj
INFO: [VRFC 10-163] Analyzing VHDL file "/home/nate/projects/duneWireTension/ElectricalMethod/firmware/source/hdl/dacInterface.vhd" into library duneDwa
INFO: [VRFC 10-3107] analyzing entity 'dacInterface'
INFO: [VRFC 10-163] Analyzing VHDL file "/home/nate/projects/duneWireTension/ElectricalMethod/firmware/source/hdl/top_tension_analyzer.vhd" into library duneDwa
INFO: [VRFC 10-3107] analyzing entity 'top_tension_analyzer'
INFO: [VRFC 10-163] Analyzing VHDL file "/home/nate/projects/duneWireTension/ElectricalMethod/firmware/simulation/source/tb_adc_emu.vhd" into library duneDwa
INFO: [VRFC 10-3107] analyzing entity 'tb_adc_emu'
INFO: [USF-XSim-69] 'compile' step finished in '2' seconds
INFO: [USF-XSim-3] XSim::Elaborate design
INFO: [USF-XSim-61] Executing 'ELABORATE' step in '/home/nate/projects/duneWireTension/vivadoProjects/cores2018/project_1/project_1.sim/sim_1/behav/xsim'
xelab -wto 3787bf8d046f446d9f08c2fc73b2295d --incr --debug typical --relax --mt 8 -L xbip_utils_v3_0_9 -L axi_utils_v2_0_5 -L xbip_pipe_v3_0_5 -L xbip_bram18k_v3_0_5 -L mult_gen_v12_0_14 -L xbip_dsp48_wrapper_v3_0_4 -L xbip_dsp48_addsub_v3_0_5 -L xbip_dsp48_multadd_v3_0_5 -L dds_compiler_v6_0_17 -L xil_defaultlib -L fifo_generator_v13_2_3 -L blk_mem_gen_v8_4_2 -L duneDwa -L unisims_ver -L unimacro_ver -L secureip -L xpm --snapshot tb_adc_emu_behav duneDwa.tb_adc_emu duneDwa.glbl -log elaborate.log
Vivado Simulator 2019.2
Copyright 1986-1999, 2001-2019 Xilinx, Inc. All Rights Reserved.
Running: /home/nate/opt/Xilinx/Vivado/2019.2/bin/unwrapped/lnx64.o/xelab -wto 3787bf8d046f446d9f08c2fc73b2295d --incr --debug typical --relax --mt 8 -L xbip_utils_v3_0_9 -L axi_utils_v2_0_5 -L xbip_pipe_v3_0_5 -L xbip_bram18k_v3_0_5 -L mult_gen_v12_0_14 -L xbip_dsp48_wrapper_v3_0_4 -L xbip_dsp48_addsub_v3_0_5 -L xbip_dsp48_multadd_v3_0_5 -L dds_compiler_v6_0_17 -L xil_defaultlib -L fifo_generator_v13_2_3 -L blk_mem_gen_v8_4_2 -L duneDwa -L unisims_ver -L unimacro_ver -L secureip -L xpm --snapshot tb_adc_emu_behav duneDwa.tb_adc_emu duneDwa.glbl -log elaborate.log 
Using 8 slave threads.
Starting static elaboration
Pass Through NonSizing Optimizer
ERROR: [VRFC 10-664] expression has 11 elements ; expected 12 [/home/nate/projects/duneWireTension/ElectricalMethod/firmware/source/hdl/dacInterface.vhd:81]
ERROR: [XSIM 43-3322] Static elaboration of top level Verilog design unit(s) in library work failed.
INFO: [USF-XSim-69] 'elaborate' step finished in '2' seconds
INFO: [USF-XSim-99] Step results log file:'/home/nate/projects/duneWireTension/vivadoProjects/cores2018/project_1/project_1.sim/sim_1/behav/xsim/elaborate.log'
ERROR: [USF-XSim-62] 'elaborate' step failed with error(s). Please check the Tcl console output or '/home/nate/projects/duneWireTension/vivadoProjects/cores2018/project_1/project_1.sim/sim_1/behav/xsim/elaborate.log' file for more information.
ERROR: [Vivado 12-4473] Detected error while running simulation. Please correct the issue and retry this operation.
launch_simulation: Time (s): cpu = 00:00:08 ; elapsed = 00:00:07 . Memory (MB): peak = 6864.730 ; gain = 0.000 ; free physical = 2805 ; free virtual = 17707
ERROR: [Common 17-39] 'launch_simulation' failed due to earlier errors.
launch_simulation
Command: launch_simulation 
INFO: [Vivado 12-5698] Checking validity of IPs in the design for the 'XSim' simulator...
INFO: [Vivado 12-5682] Launching behavioral simulation in '/home/nate/projects/duneWireTension/vivadoProjects/cores2018/project_1/project_1.sim/sim_1/behav/xsim'
INFO: [Vivado 12-4795] Using compiled simulation libraries for IPs
INFO: [SIM-utils-51] Simulation object is 'sim_1'
INFO: [USF-XSim-7] Finding pre-compiled libraries...
INFO: [USF-XSim-11] File '/home/nate/opt/Xilinx/Vivado/2019.2/data/xsim/xsim.ini' copied to run dir:'/home/nate/projects/duneWireTension/vivadoProjects/cores2018/project_1/project_1.sim/sim_1/behav/xsim'
INFO: [SIM-utils-54] Inspecting design source files for 'tb_adc_emu' in fileset 'sim_1'...
WARNING: [SIM-utils-52] IP component XML file does not exist: '/home/nate/projects/duneWireTension/ElectricalMethod/firmware/source/cores/ip_repo/src/dwa_ps_bd_auto_pc_0/dwa_ps_bd_auto_pc_0.xml'
INFO: [USF-XSim-97] Finding global include files...
INFO: [USF-XSim-98] Fetching design files from 'sim_1'...
INFO: [USF-XSim-2] XSim::Compile design
INFO: [USF-XSim-61] Executing 'COMPILE and ANALYZE' step in '/home/nate/projects/duneWireTension/vivadoProjects/cores2018/project_1/project_1.sim/sim_1/behav/xsim'
xvlog --incr --relax -prj tb_adc_emu_vlog.prj
xvhdl --incr --relax -prj tb_adc_emu_vhdl.prj
INFO: [USF-XSim-69] 'compile' step finished in '2' seconds
INFO: [USF-XSim-3] XSim::Elaborate design
INFO: [USF-XSim-61] Executing 'ELABORATE' step in '/home/nate/projects/duneWireTension/vivadoProjects/cores2018/project_1/project_1.sim/sim_1/behav/xsim'
xelab -wto 3787bf8d046f446d9f08c2fc73b2295d --incr --debug typical --relax --mt 8 -L xbip_utils_v3_0_9 -L axi_utils_v2_0_5 -L xbip_pipe_v3_0_5 -L xbip_bram18k_v3_0_5 -L mult_gen_v12_0_14 -L xbip_dsp48_wrapper_v3_0_4 -L xbip_dsp48_addsub_v3_0_5 -L xbip_dsp48_multadd_v3_0_5 -L dds_compiler_v6_0_17 -L xil_defaultlib -L fifo_generator_v13_2_3 -L blk_mem_gen_v8_4_2 -L duneDwa -L unisims_ver -L unimacro_ver -L secureip -L xpm --snapshot tb_adc_emu_behav duneDwa.tb_adc_emu duneDwa.glbl -log elaborate.log
Vivado Simulator 2019.2
Copyright 1986-1999, 2001-2019 Xilinx, Inc. All Rights Reserved.
Running: /home/nate/opt/Xilinx/Vivado/2019.2/bin/unwrapped/lnx64.o/xelab -wto 3787bf8d046f446d9f08c2fc73b2295d --incr --debug typical --relax --mt 8 -L xbip_utils_v3_0_9 -L axi_utils_v2_0_5 -L xbip_pipe_v3_0_5 -L xbip_bram18k_v3_0_5 -L mult_gen_v12_0_14 -L xbip_dsp48_wrapper_v3_0_4 -L xbip_dsp48_addsub_v3_0_5 -L xbip_dsp48_multadd_v3_0_5 -L dds_compiler_v6_0_17 -L xil_defaultlib -L fifo_generator_v13_2_3 -L blk_mem_gen_v8_4_2 -L duneDwa -L unisims_ver -L unimacro_ver -L secureip -L xpm --snapshot tb_adc_emu_behav duneDwa.tb_adc_emu duneDwa.glbl -log elaborate.log 
Using 8 slave threads.
Starting static elaboration
Pass Through NonSizing Optimizer
ERROR: [VRFC 10-664] expression has 11 elements ; expected 12 [/home/nate/projects/duneWireTension/ElectricalMethod/firmware/source/hdl/dacInterface.vhd:81]
ERROR: [XSIM 43-3322] Static elaboration of top level Verilog design unit(s) in library work failed.
INFO: [USF-XSim-69] 'elaborate' step finished in '1' seconds
INFO: [USF-XSim-99] Step results log file:'/home/nate/projects/duneWireTension/vivadoProjects/cores2018/project_1/project_1.sim/sim_1/behav/xsim/elaborate.log'
ERROR: [USF-XSim-62] 'elaborate' step failed with error(s). Please check the Tcl console output or '/home/nate/projects/duneWireTension/vivadoProjects/cores2018/project_1/project_1.sim/sim_1/behav/xsim/elaborate.log' file for more information.
ERROR: [Vivado 12-4473] Detected error while running simulation. Please correct the issue and retry this operation.
launch_simulation: Time (s): cpu = 00:00:06 ; elapsed = 00:00:06 . Memory (MB): peak = 6864.730 ; gain = 0.000 ; free physical = 2793 ; free virtual = 17678
ERROR: [Common 17-39] 'launch_simulation' failed due to earlier errors.
launch_simulation
Command: launch_simulation 
INFO: [Vivado 12-5698] Checking validity of IPs in the design for the 'XSim' simulator...
INFO: [Vivado 12-5682] Launching behavioral simulation in '/home/nate/projects/duneWireTension/vivadoProjects/cores2018/project_1/project_1.sim/sim_1/behav/xsim'
INFO: [Vivado 12-4795] Using compiled simulation libraries for IPs
INFO: [SIM-utils-51] Simulation object is 'sim_1'
INFO: [USF-XSim-7] Finding pre-compiled libraries...
INFO: [USF-XSim-11] File '/home/nate/opt/Xilinx/Vivado/2019.2/data/xsim/xsim.ini' copied to run dir:'/home/nate/projects/duneWireTension/vivadoProjects/cores2018/project_1/project_1.sim/sim_1/behav/xsim'
INFO: [SIM-utils-54] Inspecting design source files for 'tb_adc_emu' in fileset 'sim_1'...
WARNING: [SIM-utils-52] IP component XML file does not exist: '/home/nate/projects/duneWireTension/ElectricalMethod/firmware/source/cores/ip_repo/src/dwa_ps_bd_auto_pc_0/dwa_ps_bd_auto_pc_0.xml'
INFO: [USF-XSim-97] Finding global include files...
INFO: [USF-XSim-98] Fetching design files from 'sim_1'...
INFO: [USF-XSim-2] XSim::Compile design
INFO: [USF-XSim-61] Executing 'COMPILE and ANALYZE' step in '/home/nate/projects/duneWireTension/vivadoProjects/cores2018/project_1/project_1.sim/sim_1/behav/xsim'
xvlog --incr --relax -prj tb_adc_emu_vlog.prj
xvhdl --incr --relax -prj tb_adc_emu_vhdl.prj
INFO: [VRFC 10-163] Analyzing VHDL file "/home/nate/projects/duneWireTension/ElectricalMethod/firmware/source/hdl/dacInterface.vhd" into library duneDwa
INFO: [VRFC 10-3107] analyzing entity 'dacInterface'
INFO: [VRFC 10-163] Analyzing VHDL file "/home/nate/projects/duneWireTension/ElectricalMethod/firmware/source/hdl/top_tension_analyzer.vhd" into library duneDwa
INFO: [VRFC 10-3107] analyzing entity 'top_tension_analyzer'
INFO: [VRFC 10-163] Analyzing VHDL file "/home/nate/projects/duneWireTension/ElectricalMethod/firmware/simulation/source/tb_adc_emu.vhd" into library duneDwa
INFO: [VRFC 10-3107] analyzing entity 'tb_adc_emu'
INFO: [USF-XSim-69] 'compile' step finished in '3' seconds
INFO: [USF-XSim-3] XSim::Elaborate design
INFO: [USF-XSim-61] Executing 'ELABORATE' step in '/home/nate/projects/duneWireTension/vivadoProjects/cores2018/project_1/project_1.sim/sim_1/behav/xsim'
xelab -wto 3787bf8d046f446d9f08c2fc73b2295d --incr --debug typical --relax --mt 8 -L xbip_utils_v3_0_9 -L axi_utils_v2_0_5 -L xbip_pipe_v3_0_5 -L xbip_bram18k_v3_0_5 -L mult_gen_v12_0_14 -L xbip_dsp48_wrapper_v3_0_4 -L xbip_dsp48_addsub_v3_0_5 -L xbip_dsp48_multadd_v3_0_5 -L dds_compiler_v6_0_17 -L xil_defaultlib -L fifo_generator_v13_2_3 -L blk_mem_gen_v8_4_2 -L duneDwa -L unisims_ver -L unimacro_ver -L secureip -L xpm --snapshot tb_adc_emu_behav duneDwa.tb_adc_emu duneDwa.glbl -log elaborate.log
Vivado Simulator 2019.2
Copyright 1986-1999, 2001-2019 Xilinx, Inc. All Rights Reserved.
Running: /home/nate/opt/Xilinx/Vivado/2019.2/bin/unwrapped/lnx64.o/xelab -wto 3787bf8d046f446d9f08c2fc73b2295d --incr --debug typical --relax --mt 8 -L xbip_utils_v3_0_9 -L axi_utils_v2_0_5 -L xbip_pipe_v3_0_5 -L xbip_bram18k_v3_0_5 -L mult_gen_v12_0_14 -L xbip_dsp48_wrapper_v3_0_4 -L xbip_dsp48_addsub_v3_0_5 -L xbip_dsp48_multadd_v3_0_5 -L dds_compiler_v6_0_17 -L xil_defaultlib -L fifo_generator_v13_2_3 -L blk_mem_gen_v8_4_2 -L duneDwa -L unisims_ver -L unimacro_ver -L secureip -L xpm --snapshot tb_adc_emu_behav duneDwa.tb_adc_emu duneDwa.glbl -log elaborate.log 
Using 8 slave threads.
Starting static elaboration
Pass Through NonSizing Optimizer
Completed static elaboration
Starting simulation data flow analysis
Completed simulation data flow analysis
Time Resolution for simulation is 1ps
Compiling package std.standard
Compiling package std.textio
Compiling package ieee.std_logic_1164
Compiling package ieee.numeric_std
Compiling package ieee.math_real
Compiling package dunedwa.global_def
Compiling package unisim.vcomponents
Compiling package ieee.vital_timing
Compiling package ieee.vital_primitives
Compiling package unisim.vpkg
Compiling package xbip_utils_v3_0_9.xbip_utils_v3_0_9_pkg
Compiling package xbip_utils_v3_0_9.xcc_utils_v3_0
Compiling package dds_compiler_v6_0_17.dds_compiler_v6_0_17_viv_comp
Compiling package ieee.std_logic_arith
Compiling package ieee.std_logic_signed
Compiling package dds_compiler_v6_0_17.pkg_dds_compiler_v6_0_17
Compiling package dds_compiler_v6_0_17.dds_compiler_v6_0_17_hdl_comps
Compiling package xbip_pipe_v3_0_5.xbip_pipe_v3_0_5_viv_comp
Compiling package axi_utils_v2_0_5.axi_utils_v2_0_5_pkg
Compiling package axi_utils_v2_0_5.global_util_pkg
Compiling package axi_utils_v2_0_5.axi_utils_comps
Compiling package ieee.std_logic_unsigned
Compiling package dds_compiler_v6_0_17.pkg_betas
Compiling package dds_compiler_v6_0_17.pkg_alphas
Compiling package vl.vl_types
Compiling module duneDwa.glbl
Compiling module unisims_ver.IBUFDS
Compiling module unisims_ver.MMCME2_ADV(CLKFBOUT_MULT_F=4.0,C...
Compiling module unisims_ver.BUFG
Compiling module xil_defaultlib.clk_sysclk_mmcm_clk_wiz
Compiling module xil_defaultlib.clk_sysclk_mmcm
Compiling architecture oddr_v of entity unisim.ODDR [\ODDR(ddr_clk_edge="SAME_EDGE")(...]
Compiling architecture struct of entity dunedwa.dacInterface [dacinterface_default]
Compiling architecture iddr_v of entity unisim.IDDR [\IDDR(1,13)(1,4)\]
Compiling architecture rtl of entity dunedwa.adcReadout [adcreadout_default]
Compiling module blk_mem_gen_v8_4_2.blk_mem_gen_v8_4_2_output_stage(...
Compiling module blk_mem_gen_v8_4_2.blk_mem_gen_v8_4_2_output_stage(...
Compiling module blk_mem_gen_v8_4_2.blk_mem_gen_v8_4_2_softecc_outpu...
Compiling module blk_mem_gen_v8_4_2.blk_mem_gen_v8_4_2_mem_module(C_...
Compiling module blk_mem_gen_v8_4_2.blk_mem_gen_v8_4_2(C_FAMILY="zyn...
Compiling module xil_defaultlib.blkMem_mainsAvg
Compiling architecture rtl of entity dunedwa.wtaController [wtacontroller_default]
Compiling module fifo_generator_v13_2_3.fifo_generator_v13_2_3_sync_stag...
Compiling module fifo_generator_v13_2_3.fifo_generator_v13_2_3_sync_stag...
Compiling module fifo_generator_v13_2_3.fifo_generator_v13_2_3_bhv_ver_a...
Compiling module fifo_generator_v13_2_3.fifo_generator_v13_2_3_bhv_ver_p...
Compiling module fifo_generator_v13_2_3.fifo_generator_v13_2_3_CONV_VER(...
Compiling module fifo_generator_v13_2_3.fifo_generator_vlog_beh(C_DATA_C...
Compiling module xil_defaultlib.fifo_autoDatacollection
Compiling architecture struct of entity dunedwa.top_tension_analyzer [\top_tension_analyzer(date_code=...]
Compiling architecture synth of entity xbip_pipe_v3_0_5.xbip_pipe_v3_0_5_viv [\xbip_pipe_v3_0_5_viv(c_latency=...]
Compiling architecture synth of entity xbip_pipe_v3_0_5.xbip_pipe_v3_0_5_viv [\xbip_pipe_v3_0_5_viv(c_has_ce=1...]
Compiling architecture synth of entity dds_compiler_v6_0_17.lut_ram [\lut_ram(init_val=("UUUUUUUUUUUU...]
Compiling architecture synth of entity xbip_pipe_v3_0_5.xbip_pipe_v3_0_5_viv [\xbip_pipe_v3_0_5_viv(c_latency=...]
Compiling architecture synth of entity dds_compiler_v6_0_17.dds_compiler_v6_0_17_rdy [\dds_compiler_v6_0_17_rdy(c_has_...]
Compiling architecture fdse_v of entity unisim.FDSE [fdse_default]
Compiling architecture synth of entity dds_compiler_v6_0_17.dither_wrap [\dither_wrap(ci_phase_err_width=...]
Compiling architecture synth of entity xbip_pipe_v3_0_5.xbip_pipe_v3_0_5_viv [\xbip_pipe_v3_0_5_viv(c_has_ce=1...]
Compiling architecture synth of entity xbip_pipe_v3_0_5.xbip_pipe_v3_0_5_viv [\xbip_pipe_v3_0_5_viv(c_latency=...]
Compiling architecture synth of entity xbip_pipe_v3_0_5.xbip_pipe_v3_0_5_viv [\xbip_pipe_v3_0_5_viv(c_has_ce=1...]
Compiling architecture synth of entity xbip_pipe_v3_0_5.xbip_pipe_v3_0_5_viv [\xbip_pipe_v3_0_5_viv(c_has_ce=1...]
Compiling architecture synth of entity xbip_pipe_v3_0_5.xbip_pipe_v3_0_5_viv [\xbip_pipe_v3_0_5_viv(c_latency=...]
Compiling architecture synth of entity dds_compiler_v6_0_17.pipe_add [\pipe_add(c_width=27,c_seg_width...]
Compiling architecture synth of entity dds_compiler_v6_0_17.accum [\accum(c_xdevicefamily="zynq",c_...]
Compiling architecture synth of entity xbip_pipe_v3_0_5.xbip_pipe_v3_0_5_viv [\xbip_pipe_v3_0_5_viv(c_latency=...]
Compiling architecture synth of entity xbip_pipe_v3_0_5.xbip_pipe_v3_0_5_viv [\xbip_pipe_v3_0_5_viv(c_latency=...]
Compiling architecture synth of entity xbip_pipe_v3_0_5.xbip_pipe_v3_0_5_viv [\xbip_pipe_v3_0_5_viv(c_latency=...]
Compiling architecture synth of entity xbip_pipe_v3_0_5.xbip_pipe_v3_0_5_viv [\xbip_pipe_v3_0_5_viv(c_latency=...]
Compiling architecture synth of entity dds_compiler_v6_0_17.sin_cos [\sin_cos(c_xdevicefamily="zynq",...]
Compiling architecture synth of entity xbip_pipe_v3_0_5.xbip_pipe_v3_0_5_viv [\xbip_pipe_v3_0_5_viv(c_has_ce=1...]
Compiling architecture synth of entity xbip_pipe_v3_0_5.xbip_pipe_v3_0_5_viv [\xbip_pipe_v3_0_5_viv(c_has_ce=1...]
Compiling architecture synth of entity dds_compiler_v6_0_17.dds_compiler_v6_0_17_core [\dds_compiler_v6_0_17_core(c_xde...]
Compiling architecture synth of entity dds_compiler_v6_0_17.dds_compiler_v6_0_17_viv [\dds_compiler_v6_0_17_viv(c_xdev...]
Compiling architecture xilinx of entity dds_compiler_v6_0_17.dds_compiler_v6_0_17 [\dds_compiler_v6_0_17(c_xdevicef...]
Compiling architecture dds_compiler_1khz_arch of entity xil_defaultlib.dds_compiler_1khz [dds_compiler_1khz_default]
Compiling architecture behav of entity dunedwa.adc_dds_io [adc_dds_io_default]
Compiling architecture tb of entity dunedwa.tb_adc_emu
Built simulation snapshot tb_adc_emu_behav
run_program: Time (s): cpu = 00:00:09 ; elapsed = 00:00:16 . Memory (MB): peak = 6994.641 ; gain = 0.000 ; free physical = 2805 ; free virtual = 17691
INFO: [USF-XSim-69] 'elaborate' step finished in '16' seconds
INFO: [USF-XSim-4] XSim::Simulate design
INFO: [USF-XSim-61] Executing 'SIMULATE' step in '/home/nate/projects/duneWireTension/vivadoProjects/cores2018/project_1/project_1.sim/sim_1/behav/xsim'
INFO: [USF-XSim-98] *** Running xsim
   with args "tb_adc_emu_behav -key {Behavioral:sim_1:Functional:tb_adc_emu} -tclbatch {tb_adc_emu.tcl} -view {/home/nate/projects/duneWireTension/vivadoProjects/cores2018/project_1/tb_adc_emu_behav.wcfg} -log {simulate.log}"
INFO: [USF-XSim-8] Loading simulator feature
Vivado Simulator 2019.2
Time resolution is 1 ps
open_wave_config /home/nate/projects/duneWireTension/vivadoProjects/cores2018/project_1/tb_adc_emu_behav.wcfg
source tb_adc_emu.tcl
# set curr_wave [current_wave_config]
# if { [string length $curr_wave] == 0 } {
#   if { [llength [get_objects]] > 0} {
#     add_wave /
#     set_property needs_save false [current_wave_config]
#   } else {
#      send_msg_id Add_Wave-1 WARNING "No top level signals found. Simulator will start without a wave window. If you want to open a wave window go to 'File->New Waveform Configuration' or type 'create_wave_config' in the TCL console."
#   }
# }
# run 1000ns
Block Memory Generator module tb_adc_emu.top_tension_analyzer_1.wtaController_inst.blkMem_mainsAvg_inst.inst.native_mem_module.blk_mem_gen_v8_4_2_inst is using a behavioral model for simulation which will not precisely model memory collision behavior.
WARNING: Behavioral models for independent clock FIFO configurations do not model synchronization delays. The behavioral models are functionally correct, and will represent the behavior of the configured FIFO. See the FIFO Generator User Guide for more information.
WARNING: Behavioral models for independent clock FIFO configurations do not model synchronization delays. The behavioral models are functionally correct, and will represent the behavior of the configured FIFO. See the FIFO Generator User Guide for more information.
WARNING: Behavioral models for independent clock FIFO configurations do not model synchronization delays. The behavioral models are functionally correct, and will represent the behavior of the configured FIFO. See the FIFO Generator User Guide for more information.
WARNING: Behavioral models for independent clock FIFO configurations do not model synchronization delays. The behavioral models are functionally correct, and will represent the behavior of the configured FIFO. See the FIFO Generator User Guide for more information.
WARNING: Behavioral models for independent clock FIFO configurations do not model synchronization delays. The behavioral models are functionally correct, and will represent the behavior of the configured FIFO. See the FIFO Generator User Guide for more information.
WARNING: Behavioral models for independent clock FIFO configurations do not model synchronization delays. The behavioral models are functionally correct, and will represent the behavior of the configured FIFO. See the FIFO Generator User Guide for more information.
WARNING: Behavioral models for independent clock FIFO configurations do not model synchronization delays. The behavioral models are functionally correct, and will represent the behavior of the configured FIFO. See the FIFO Generator User Guide for more information.
WARNING: Behavioral models for independent clock FIFO configurations do not model synchronization delays. The behavioral models are functionally correct, and will represent the behavior of the configured FIFO. See the FIFO Generator User Guide for more information.
INFO: [USF-XSim-96] XSim completed. Design snapshot 'tb_adc_emu_behav' loaded.
INFO: [USF-XSim-97] XSim simulation ran for 1000ns
launch_simulation: Time (s): cpu = 00:00:24 ; elapsed = 00:00:25 . Memory (MB): peak = 6998.926 ; gain = 4.285 ; free physical = 2651 ; free virtual = 17556
run ./scripts/force.tcl
ERROR: [#UNDEF] Time value . is not a valid number
restart
INFO: [Simtcl 6-17] Simulation restarted
run ./scripts/force.tcl
ERROR: [#UNDEF] Time value . is not a valid number
add_force {/tb_adc_emu/top_tension_analyzer_1/S_AXI_ACLK_100} -radix hex {1 10ns} {0 60000ps} -repeat_every 100000ps
force1
add_force {/tb_adc_emu/top_tension_analyzer_1/S_AXI_ACLK_10} -radix hex {1 0ns} {0 50000ps} -repeat_every 100000ps
force2
add_force {/tb_adc_emu/regToDwa[0]} -radix hex {00008000 0ns}
force3
add_force {/tb_adc_emu/regToDwa[2]} -radix hex {00000005 0ns}
force4
add_force {/tb_adc_emu/regToDwa[4]} -radix hex {00000800 0ns}
force5
add_force {/tb_adc_emu/regToDwa[5]} -radix hex {900 0ns}
force6
add_force {/tb_adc_emu/regToDwa[6]} -radix hex {20 0ns}
force7
run 10 us
Block Memory Generator module tb_adc_emu.top_tension_analyzer_1.wtaController_inst.blkMem_mainsAvg_inst.inst.native_mem_module.blk_mem_gen_v8_4_2_inst is using a behavioral model for simulation which will not precisely model memory collision behavior.
WARNING: Behavioral models for independent clock FIFO configurations do not model synchronization delays. The behavioral models are functionally correct, and will represent the behavior of the configured FIFO. See the FIFO Generator User Guide for more information.
WARNING: Behavioral models for independent clock FIFO configurations do not model synchronization delays. The behavioral models are functionally correct, and will represent the behavior of the configured FIFO. See the FIFO Generator User Guide for more information.
WARNING: Behavioral models for independent clock FIFO configurations do not model synchronization delays. The behavioral models are functionally correct, and will represent the behavior of the configured FIFO. See the FIFO Generator User Guide for more information.
WARNING: Behavioral models for independent clock FIFO configurations do not model synchronization delays. The behavioral models are functionally correct, and will represent the behavior of the configured FIFO. See the FIFO Generator User Guide for more information.
WARNING: Behavioral models for independent clock FIFO configurations do not model synchronization delays. The behavioral models are functionally correct, and will represent the behavior of the configured FIFO. See the FIFO Generator User Guide for more information.
WARNING: Behavioral models for independent clock FIFO configurations do not model synchronization delays. The behavioral models are functionally correct, and will represent the behavior of the configured FIFO. See the FIFO Generator User Guide for more information.
WARNING: Behavioral models for independent clock FIFO configurations do not model synchronization delays. The behavioral models are functionally correct, and will represent the behavior of the configured FIFO. See the FIFO Generator User Guide for more information.
WARNING: Behavioral models for independent clock FIFO configurations do not model synchronization delays. The behavioral models are functionally correct, and will represent the behavior of the configured FIFO. See the FIFO Generator User Guide for more information.
Warning: [Unisim MMCME2_ADV-20] Input CLKIN1 period and attribute CLKIN1_PERIOD are not same. Instance tb_adc_emu.top_tension_analyzer_1.clk_sysclk_mmcm_inst.inst.mmcm_adv_inst 
add_force {/tb_adc_emu/regToDwa[1]} -radix hex {1 0ns}
force8
run ./scripts/force.tcl
ERROR: [#UNDEF] Time value . is not a valid number
source ./scripts/force.tcl
# add_force {/tb_adc_emu/top_tension_analyzer_1/S_AXI_ACLK_100} -radix hex {1 10ns} {0 60000ps} -repeat_every 100000ps
# add_force {/tb_adc_emu/top_tension_analyzer_1/S_AXI_ACLK_10} -radix hex {1 0ns} {0 50000ps} -repeat_every 100000ps
# add_force {/tb_adc_emu/regToDwa[0]} -radix hex {00008000 0ns}
# add_force {/tb_adc_emu/regToDwa[2]} -radix hex {00000005 0ns}
# add_force {/tb_adc_emu/regToDwa[4]} -radix hex {00000800 0ns}
# add_force {/tb_adc_emu/regToDwa[5]} -radix hex {900 0ns}
# add_force {/tb_adc_emu/regToDwa[6]} -radix hex {20 0ns}
# add_force {/tb_adc_emu/regToDwa[7]} -radix hex {8 0ns}
# add_force {/tb_adc_emu/regToDwa[8]} -radix hex {10 0ns}
# add_force {/tb_adc_emu/regToDwa[9]} -radix hex {0 0ns}
# add_force {/tb_adc_emu/regToDwa[10]} -radix hex {7 0ns}
# add_force {/tb_adc_emu/regToDwa[11]} -radix hex {1d 0ns}
# add_force {/tb_adc_emu/regToDwa[12]} -radix hex {10 0ns}
# add_force {/tb_adc_emu/regToDwa[14]} -radix hex {0 0ns}
# add_force {/tb_adc_emu/regToDwa[1]} -radix hex {0 0ns}
# run 10 us
# add_force {/tb_adc_emu/regToDwa[1]} -radix hex {1 0ns}
# run 10 us
# add_force {/tb_adc_emu/regToDwa[9]} -radix hex {1 0ns}
# run 10 us
# add_force {/tb_adc_emu/regToDwa[9]} -radix hex {0 0ns}
force26
run all
run: Time (s): cpu = 00:00:09 ; elapsed = 00:00:41 . Memory (MB): peak = 7013.477 ; gain = 0.000 ; free physical = 2604 ; free virtual = 17522
run 100 us
run 100 us
run 100 us
run 100 us
run all
run: Time (s): cpu = 00:00:02 ; elapsed = 00:00:10 . Memory (MB): peak = 7028.484 ; gain = 0.000 ; free physical = 2658 ; free virtual = 17566
save_wave_config {/home/nate/projects/duneWireTension/vivadoProjects/cores2018/project_1/tb_adc_emu_behav.wcfg}
restart
INFO: [Simtcl 6-17] Simulation restarted
source ./scripts/force.tcl
# add_force {/tb_adc_emu/top_tension_analyzer_1/S_AXI_ACLK_100} -radix hex {1 10ns} {0 60000ps} -repeat_every 100000ps
# add_force {/tb_adc_emu/top_tension_analyzer_1/S_AXI_ACLK_10} -radix hex {1 0ns} {0 50000ps} -repeat_every 100000ps
# add_force {/tb_adc_emu/regToDwa[0]} -radix hex {00008000 0ns}
# add_force {/tb_adc_emu/regToDwa[2]} -radix hex {00000005 0ns}
# add_force {/tb_adc_emu/regToDwa[4]} -radix hex {00000800 0ns}
# add_force {/tb_adc_emu/regToDwa[5]} -radix hex {900 0ns}
# add_force {/tb_adc_emu/regToDwa[6]} -radix hex {20 0ns}
# add_force {/tb_adc_emu/regToDwa[7]} -radix hex {8 0ns}
# add_force {/tb_adc_emu/regToDwa[8]} -radix hex {10 0ns}
# add_force {/tb_adc_emu/regToDwa[9]} -radix hex {0 0ns}
# add_force {/tb_adc_emu/regToDwa[10]} -radix hex {7 0ns}
# add_force {/tb_adc_emu/regToDwa[11]} -radix hex {1d 0ns}
# add_force {/tb_adc_emu/regToDwa[12]} -radix hex {10 0ns}
# add_force {/tb_adc_emu/regToDwa[14]} -radix hex {0 0ns}
# add_force {/tb_adc_emu/regToDwa[1]} -radix hex {0 0ns}
# run 10 us
Block Memory Generator module tb_adc_emu.top_tension_analyzer_1.wtaController_inst.blkMem_mainsAvg_inst.inst.native_mem_module.blk_mem_gen_v8_4_2_inst is using a behavioral model for simulation which will not precisely model memory collision behavior.
WARNING: Behavioral models for independent clock FIFO configurations do not model synchronization delays. The behavioral models are functionally correct, and will represent the behavior of the configured FIFO. See the FIFO Generator User Guide for more information.
WARNING: Behavioral models for independent clock FIFO configurations do not model synchronization delays. The behavioral models are functionally correct, and will represent the behavior of the configured FIFO. See the FIFO Generator User Guide for more information.
WARNING: Behavioral models for independent clock FIFO configurations do not model synchronization delays. The behavioral models are functionally correct, and will represent the behavior of the configured FIFO. See the FIFO Generator User Guide for more information.
WARNING: Behavioral models for independent clock FIFO configurations do not model synchronization delays. The behavioral models are functionally correct, and will represent the behavior of the configured FIFO. See the FIFO Generator User Guide for more information.
WARNING: Behavioral models for independent clock FIFO configurations do not model synchronization delays. The behavioral models are functionally correct, and will represent the behavior of the configured FIFO. See the FIFO Generator User Guide for more information.
WARNING: Behavioral models for independent clock FIFO configurations do not model synchronization delays. The behavioral models are functionally correct, and will represent the behavior of the configured FIFO. See the FIFO Generator User Guide for more information.
WARNING: Behavioral models for independent clock FIFO configurations do not model synchronization delays. The behavioral models are functionally correct, and will represent the behavior of the configured FIFO. See the FIFO Generator User Guide for more information.
WARNING: Behavioral models for independent clock FIFO configurations do not model synchronization delays. The behavioral models are functionally correct, and will represent the behavior of the configured FIFO. See the FIFO Generator User Guide for more information.
Warning: [Unisim MMCME2_ADV-20] Input CLKIN1 period and attribute CLKIN1_PERIOD are not same. Instance tb_adc_emu.top_tension_analyzer_1.clk_sysclk_mmcm_inst.inst.mmcm_adv_inst 
# add_force {/tb_adc_emu/regToDwa[1]} -radix hex {1 0ns}
# run 10 us
# add_force {/tb_adc_emu/regToDwa[9]} -radix hex {1 0ns}
# run 10 us
# add_force {/tb_adc_emu/regToDwa[9]} -radix hex {0 0ns}
force44
run all
run: Time (s): cpu = 00:01:03 ; elapsed = 00:05:18 . Memory (MB): peak = 7028.484 ; gain = 0.000 ; free physical = 2469 ; free virtual = 17501
add_force {/tb_adc_emu/top_tension_analyzer_1/fifoAutoDC_ren} -radix hex {ff 0ns}
run 100 us
run 100 us
run 100 us
run 100 us
run all
run: Time (s): cpu = 00:00:05 ; elapsed = 00:00:48 . Memory (MB): peak = 7030.484 ; gain = 0.000 ; free physical = 2407 ; free virtual = 17473
add_force {/tb_adc_emu/regFromDwa_strb[24]} -radix hex {1 0ns}
run 100 us
source ./scripts/drainFifo.tcl
# add_force {/tb_adc_emu/regFromDwa_strb[24]} -radix hex {1 0ns}
# add_force {/tb_adc_emu/regFromDwa_strb[25]} -radix hex {1 0ns}
# add_force {/tb_adc_emu/regFromDwa_strb[26]} -radix hex {1 0ns}
# add_force {/tb_adc_emu/regFromDwa_strb[27]} -radix hex {1 0ns}
# add_force {/tb_adc_emu/regFromDwa_strb[28]} -radix hex {1 0ns}
# add_force {/tb_adc_emu/regFromDwa_strb[29]} -radix hex {1 0ns}
# add_force {/tb_adc_emu/regFromDwa_strb[30]} -radix hex {1 0ns}
# add_force {/tb_adc_emu/regFromDwa_strb[31]} -radix hex {1 0ns}
force54
run all
Failure: Not a real failure. Simulation finished successfully. Test completed successfully
Time: 250406385 ns  Iteration: 0  Process: /tb_adc_emu/stimuli  File: /home/nate/projects/duneWireTension/ElectricalMethod/firmware/simulation/source/tb_adc_emu.vhd
$finish called at time : 250406385 ns : File "/home/nate/projects/duneWireTension/ElectricalMethod/firmware/simulation/source/tb_adc_emu.vhd" Line 152
run: Time (s): cpu = 00:00:18 ; elapsed = 00:01:42 . Memory (MB): peak = 7046.488 ; gain = 0.000 ; free physical = 2426 ; free virtual = 17538
run 100 us
run 100 us
run 100 us
run 100 us
add_force {/tb_adc_emu/top_tension_analyzer_1/S_AXI_ACLK_10} -radix hex {1 0ns} {0 50000ps} -repeat_every 100000ps
add_force {/tb_adc_emu/top_tension_analyzer_1/S_AXI_ACLK_100} -radix hex {1 0ns} {0 5000ps} -repeat_every 10000ps
restart
INFO: [Simtcl 6-17] Simulation restarted
source ./scripts/force.tcl
# add_force {/tb_adc_emu/top_tension_analyzer_1/S_AXI_ACLK_10} -radix hex {1 0ns} {0 50000ps} -repeat_every 100000ps
# add_force {/tb_adc_emu/top_tension_analyzer_1/S_AXI_ACLK_100} -radix hex {1 0ns} {0 5000ps} -repeat_every 10000ps
# add_force {/tb_adc_emu/regFromDwa_strb[24]} -radix hex {0 0ns}
# add_force {/tb_adc_emu/regFromDwa_strb[25]} -radix hex {0 0ns}
# add_force {/tb_adc_emu/regFromDwa_strb[26]} -radix hex {0 0ns}
# add_force {/tb_adc_emu/regFromDwa_strb[27]} -radix hex {0 0ns}
# add_force {/tb_adc_emu/regFromDwa_strb[28]} -radix hex {0 0ns}
# add_force {/tb_adc_emu/regFromDwa_strb[29]} -radix hex {0 0ns}
# add_force {/tb_adc_emu/regFromDwa_strb[30]} -radix hex {0 0ns}
# add_force {/tb_adc_emu/regFromDwa_strb[31]} -radix hex {0 0ns}
# add_force {/tb_adc_emu/regToDwa[0]} -radix hex {00008000 0ns}
FATAL_ERROR: Vivado Simulator kernel has discovered an exceptional condition from which it cannot recover. Process will terminate. For technical support on this issue, please open a WebCase with this project attached at http://www.xilinx.com/support.
Time: 0 ps  Iteration: 0
ERROR: unknown error occurred
    while executing
"add_force {/tb_adc_emu/regToDwa[0]} -radix hex {00008000 0ns}"
    (file "./scripts/force.tcl" line 15)
save_wave_config {/home/nate/projects/duneWireTension/vivadoProjects/cores2018/project_1/tb_adc_emu_behav.wcfg}
close_sim
