#-----------------------------------------------------------
# Webtalk v2018.3 (64-bit)
# SW Build 2405991 on Thu Dec  6 23:36:41 MST 2018
# 
# Start of session at: Thu Sep 12 20:32:51 2019
# Process ID: 4425
# Current directory: /home/nate/projects/duneWireTension/vivadoProjects/microzedTut/microzedTut.sdk/webtalk
# Command line: wbtcv -mode batch -source sdk_webtalk.tcl
# Log file: /home/nate/projects/duneWireTension/vivadoProjects/microzedTut/microzedTut.sdk/webtalk/webtalk.log
# Journal file: /home/nate/projects/duneWireTension/vivadoProjects/microzedTut/microzedTut.sdk/webtalk/webtalk.jou
#-----------------------------------------------------------
source sdk_webtalk.tcl
# webtalk_init -webtalk_dir /home/nate/projects/duneWireTension/vivadoProjects/microzedTut/microzedTut.sdk/webtalk
# webtalk_register_client -client project
# webtalk_add_data -client project -key date_generated -value "2019-09-12 20:32:50" -context "software_version_and_target_device"
# webtalk_add_data -client project -key product_version -value "SDK v2018.3" -context "software_version_and_target_device"
# webtalk_add_data -client project -key build_version -value "2018.3" -context "software_version_and_target_device"
# webtalk_add_data -client project -key os_platform -value "amd64" -context "software_version_and_target_device"
# webtalk_add_data -client project -key registration_id -value "174621291_176764970_210688094_201" -context "software_version_and_target_device"
# webtalk_add_data -client project -key tool_flow -value "SDK" -context "software_version_and_target_device"
# webtalk_add_data -client project -key beta -value "false" -context "software_version_and_target_device"
# webtalk_add_data -client project -key route_design -value "NA" -context "software_version_and_target_device"
# webtalk_add_data -client project -key target_family -value "NA" -context "software_version_and_target_device"
# webtalk_add_data -client project -key target_device -value "NA" -context "software_version_and_target_device"
# webtalk_add_data -client project -key target_package -value "NA" -context "software_version_and_target_device"
# webtalk_add_data -client project -key target_speed -value "NA" -context "software_version_and_target_device"
# webtalk_add_data -client project -key random_id -value "o2dtpk5nuvai3t2rms9531a8sl" -context "software_version_and_target_device"
# webtalk_add_data -client project -key project_id -value "2018.3_3" -context "software_version_and_target_device"
# webtalk_add_data -client project -key project_iteration -value "3" -context "software_version_and_target_device"
# webtalk_add_data -client project -key os_name -value "CentOS" -context "user_environment"
# webtalk_add_data -client project -key os_release -value "CentOS Linux release 7.6.1810 (Core)" -context "user_environment"
# webtalk_add_data -client project -key cpu_name -value "Intel(R) Core(TM) i7-7600U CPU @ 2.80GHz" -context "user_environment"
# webtalk_add_data -client project -key cpu_speed -value "2923.541 MHz" -context "user_environment"
# webtalk_add_data -client project -key total_processors -value "1" -context "user_environment"
# webtalk_add_data -client project -key system_ram -value "16.536 GB" -context "user_environment"
# webtalk_register_client -client sdk
# webtalk_add_data -client sdk -key uid -value "1568330489000" -context "sdk\\\\application/1568330489000"
# webtalk_add_data -client sdk -key hwid -value "1563389314000" -context "sdk\\\\application/1568330489000"
# webtalk_add_data -client sdk -key bspid -value "1568311663000" -context "sdk\\\\application/1568330489000"
# webtalk_add_data -client sdk -key newbsp -value "false" -context "sdk\\\\application/1568330489000"
# webtalk_add_data -client sdk -key os -value "standalone" -context "sdk\\\\application/1568330489000"
# webtalk_add_data -client sdk -key apptemplate -value "lwip_echo_server" -context "sdk\\\\application/1568330489000"
# webtalk_add_data -client sdk -key RecordType -value "APPCreation" -context "sdk\\\\application/1568330489000"
# webtalk_add_data -client sdk -key LangUsed -value "C" -context "sdk\\\\application/1568330489000"
# webtalk_add_data -client sdk -key Procused -value "ps7_cortexa9" -context "sdk\\\\application/1568330489000"
# webtalk_add_data -client sdk -key uid -value "1568331308000" -context "sdk\\\\application/1568331308000"
# webtalk_add_data -client sdk -key hwid -value "1563389314000" -context "sdk\\\\application/1568331308000"
# webtalk_add_data -client sdk -key bspid -value "1568311663000" -context "sdk\\\\application/1568331308000"
# webtalk_add_data -client sdk -key newbsp -value "false" -context "sdk\\\\application/1568331308000"
# webtalk_add_data -client sdk -key os -value "standalone" -context "sdk\\\\application/1568331308000"
# webtalk_add_data -client sdk -key apptemplate -value "lwip_udp_perf_client" -context "sdk\\\\application/1568331308000"
# webtalk_add_data -client sdk -key RecordType -value "APPCreation" -context "sdk\\\\application/1568331308000"
# webtalk_add_data -client sdk -key LangUsed -value "C" -context "sdk\\\\application/1568331308000"
# webtalk_add_data -client sdk -key Procused -value "ps7_cortexa9" -context "sdk\\\\application/1568331308000"
# webtalk_add_data -client sdk -key uid -value "1568331660000" -context "sdk\\\\bsp/1568331660000"
# webtalk_add_data -client sdk -key hwid -value "1563389314000" -context "sdk\\\\bsp/1568331660000"
# webtalk_add_data -client sdk -key os -value "standalone" -context "sdk\\\\bsp/1568331660000"
# webtalk_add_data -client sdk -key apptemplate -value "hello_world" -context "sdk\\\\bsp/1568331660000"
# webtalk_add_data -client sdk -key RecordType -value "BSPCreation" -context "sdk\\\\bsp/1568331660000"
# webtalk_add_data -client sdk -key uid -value "1568331660000" -context "sdk\\\\application/1568331660000"
# webtalk_add_data -client sdk -key hwid -value "1563389314000" -context "sdk\\\\application/1568331660000"
# webtalk_add_data -client sdk -key bspid -value "1568331660000" -context "sdk\\\\application/1568331660000"
# webtalk_add_data -client sdk -key newbsp -value "true" -context "sdk\\\\application/1568331660000"
# webtalk_add_data -client sdk -key os -value "standalone" -context "sdk\\\\application/1568331660000"
# webtalk_add_data -client sdk -key apptemplate -value "hello_world" -context "sdk\\\\application/1568331660000"
# webtalk_add_data -client sdk -key RecordType -value "APPCreation" -context "sdk\\\\application/1568331660000"
# webtalk_add_data -client sdk -key LangUsed -value "C" -context "sdk\\\\application/1568331660000"
# webtalk_add_data -client sdk -key Procused -value "ps7_cortexa9" -context "sdk\\\\application/1568331660000"
# webtalk_add_data -client sdk -key uid -value "1568331731000" -context "sdk\\\\bsp/1568331731000"
# webtalk_add_data -client sdk -key hwid -value "1563389314000" -context "sdk\\\\bsp/1568331731000"
# webtalk_add_data -client sdk -key os -value "standalone" -context "sdk\\\\bsp/1568331731000"
# webtalk_add_data -client sdk -key apptemplate -value "lwip_tcp_perf_server" -context "sdk\\\\bsp/1568331731000"
# webtalk_add_data -client sdk -key RecordType -value "BSPCreation" -context "sdk\\\\bsp/1568331731000"
# webtalk_add_data -client sdk -key uid -value "1568331732000" -context "sdk\\\\application/1568331732000"
# webtalk_add_data -client sdk -key hwid -value "1563389314000" -context "sdk\\\\application/1568331732000"
# webtalk_add_data -client sdk -key bspid -value "1568331731000" -context "sdk\\\\application/1568331732000"
# webtalk_add_data -client sdk -key newbsp -value "true" -context "sdk\\\\application/1568331732000"
# webtalk_add_data -client sdk -key os -value "standalone" -context "sdk\\\\application/1568331732000"
# webtalk_add_data -client sdk -key apptemplate -value "lwip_tcp_perf_server" -context "sdk\\\\application/1568331732000"
# webtalk_add_data -client sdk -key RecordType -value "APPCreation" -context "sdk\\\\application/1568331732000"
# webtalk_add_data -client sdk -key LangUsed -value "C" -context "sdk\\\\application/1568331732000"
# webtalk_add_data -client sdk -key Procused -value "ps7_cortexa9" -context "sdk\\\\application/1568331732000"
# webtalk_add_data -client sdk -key uid -value "1568331897000" -context "sdk\\\\bsp/1568331897000"
# webtalk_add_data -client sdk -key hwid -value "1563389314000" -context "sdk\\\\bsp/1568331897000"
# webtalk_add_data -client sdk -key os -value "standalone" -context "sdk\\\\bsp/1568331897000"
# webtalk_add_data -client sdk -key apptemplate -value "lwip_tcp_perf_server" -context "sdk\\\\bsp/1568331897000"
# webtalk_add_data -client sdk -key RecordType -value "BSPCreation" -context "sdk\\\\bsp/1568331897000"
# webtalk_add_data -client sdk -key uid -value "1568331898000" -context "sdk\\\\application/1568331898000"
# webtalk_add_data -client sdk -key hwid -value "1563389314000" -context "sdk\\\\application/1568331898000"
# webtalk_add_data -client sdk -key bspid -value "1568331897000" -context "sdk\\\\application/1568331898000"
# webtalk_add_data -client sdk -key newbsp -value "true" -context "sdk\\\\application/1568331898000"
# webtalk_add_data -client sdk -key os -value "standalone" -context "sdk\\\\application/1568331898000"
# webtalk_add_data -client sdk -key apptemplate -value "lwip_tcp_perf_server" -context "sdk\\\\application/1568331898000"
# webtalk_add_data -client sdk -key RecordType -value "APPCreation" -context "sdk\\\\application/1568331898000"
# webtalk_add_data -client sdk -key LangUsed -value "C" -context "sdk\\\\application/1568331898000"
# webtalk_add_data -client sdk -key Procused -value "ps7_cortexa9" -context "sdk\\\\application/1568331898000"
# webtalk_add_data -client sdk -key uid -value "1568332076000" -context "sdk\\\\bsp/1568332076000"
# webtalk_add_data -client sdk -key hwid -value "1563389314000" -context "sdk\\\\bsp/1568332076000"
# webtalk_add_data -client sdk -key os -value "standalone" -context "sdk\\\\bsp/1568332076000"
# webtalk_add_data -client sdk -key apptemplate -value "lwip_echo_server" -context "sdk\\\\bsp/1568332076000"
# webtalk_add_data -client sdk -key RecordType -value "BSPCreation" -context "sdk\\\\bsp/1568332076000"
# webtalk_add_data -client sdk -key uid -value "1568332077000" -context "sdk\\\\application/1568332077000"
# webtalk_add_data -client sdk -key hwid -value "1563389314000" -context "sdk\\\\application/1568332077000"
# webtalk_add_data -client sdk -key bspid -value "1568332076000" -context "sdk\\\\application/1568332077000"
# webtalk_add_data -client sdk -key newbsp -value "true" -context "sdk\\\\application/1568332077000"
# webtalk_add_data -client sdk -key os -value "standalone" -context "sdk\\\\application/1568332077000"
# webtalk_add_data -client sdk -key apptemplate -value "lwip_echo_server" -context "sdk\\\\application/1568332077000"
# webtalk_add_data -client sdk -key RecordType -value "APPCreation" -context "sdk\\\\application/1568332077000"
# webtalk_add_data -client sdk -key LangUsed -value "C" -context "sdk\\\\application/1568332077000"
# webtalk_add_data -client sdk -key Procused -value "ps7_cortexa9" -context "sdk\\\\application/1568332077000"
# webtalk_add_data -client sdk -key uid -value "1568333250000" -context "sdk\\\\application/1568333250000"
# webtalk_add_data -client sdk -key hwid -value "1563389314000" -context "sdk\\\\application/1568333250000"
# webtalk_add_data -client sdk -key bspid -value "1568332076000" -context "sdk\\\\application/1568333250000"
# webtalk_add_data -client sdk -key newbsp -value "false" -context "sdk\\\\application/1568333250000"
# webtalk_add_data -client sdk -key os -value "standalone" -context "sdk\\\\application/1568333250000"
# webtalk_add_data -client sdk -key apptemplate -value "lwip_echo_server" -context "sdk\\\\application/1568333250000"
# webtalk_add_data -client sdk -key RecordType -value "APPCreation" -context "sdk\\\\application/1568333250000"
# webtalk_add_data -client sdk -key LangUsed -value "C" -context "sdk\\\\application/1568333250000"
# webtalk_add_data -client sdk -key Procused -value "ps7_cortexa9" -context "sdk\\\\application/1568333250000"
# webtalk_add_data -client sdk -key projSize -value "922.71875" -context "sdk\\\\application/1568333250000"
# webtalk_add_data -client sdk -key uid -value "NA" -context "sdk\\\\bsp/1568334770796"
# webtalk_add_data -client sdk -key RecordType -value "ToolUsage" -context "sdk\\\\bsp/1568334770796"
# webtalk_add_data -client sdk -key BootgenCount -value "0" -context "sdk\\\\bsp/1568334770796"
# webtalk_add_data -client sdk -key DebugCount -value "0" -context "sdk\\\\bsp/1568334770796"
# webtalk_add_data -client sdk -key PerfCount -value "0" -context "sdk\\\\bsp/1568334770796"
# webtalk_add_data -client sdk -key FlashCount -value "0" -context "sdk\\\\bsp/1568334770796"
# webtalk_add_data -client sdk -key CrossTriggCount -value "0" -context "sdk\\\\bsp/1568334770796"
# webtalk_add_data -client sdk -key QemuDebugCount -value "0" -context "sdk\\\\bsp/1568334770796"
# webtalk_transmit -clientid 1159423612 -regid "174621291_176764970_210688094_201" -xml /home/nate/projects/duneWireTension/vivadoProjects/microzedTut/microzedTut.sdk/webtalk/usage_statistics_ext_sdk.xml -html /home/nate/projects/duneWireTension/vivadoProjects/microzedTut/microzedTut.sdk/webtalk/usage_statistics_ext_sdk.html -wdm /home/nate/projects/duneWireTension/vivadoProjects/microzedTut/microzedTut.sdk/webtalk/sdk_webtalk.wdm -intro "<H3>SDK Usage Report</H3><BR>"
INFO: [Common 17-186] '/home/nate/projects/duneWireTension/vivadoProjects/microzedTut/microzedTut.sdk/webtalk/usage_statistics_ext_sdk.xml' has been successfully sent to Xilinx on Thu Sep 12 20:32:53 2019. For additional details about this file, please refer to the WebTalk help file at /home/nate/opt/Xilinx/SDK/2018.3/doc/webtalk_introduction.html.
# webtalk_terminate
INFO: [Common 17-206] Exiting Webtalk at Thu Sep 12 20:32:53 2019...
