14:53:32 INFO  : Launching XSCT server: xsct -n  -interactive /home/nate/projects/duneWireTension/ElectricalMethod/firmware/source/dwa_ps/vittis/temp_xsdb_launch_script.tcl
14:53:33 INFO  : Registering command handlers for Vitis TCF services
14:53:35 INFO  : Platform repository initialization has completed.
14:53:35 INFO  : XSCT server has started successfully.
14:53:39 INFO  : plnx-install-location is set to ''
14:53:39 INFO  : Successfully done setting XSCT server connection channel  
14:53:39 INFO  : Successfully done query RDI_DATADIR 
14:53:39 INFO  : Successfully done setting workspace for the tool. 
14:55:35 WARN  : Failed to identify the type of project 'dwaFsbl'. Skipping...
14:55:35 WARN  : Failed to identify the type of project 'lwip_ref'. Skipping...
14:55:35 WARN  : The following projects could not be identified as Vitis projects and will not be managed by the tool:
	dwaFsbl
	lwip_ref
14:55:35 WARN  : Failed to migrate the following projects. The projects will not be imported to the workspace.
lwip_std_bsp, dwaFsbl_bsp
15:03:23 INFO  : Launching XSCT server: xsct -n  -interactive /home/nate/projects/duneWireTension/ElectricalMethod/firmware/source/dwa_ps/vittis/temp_xsdb_launch_script.tcl
15:03:26 INFO  : Registering command handlers for Vitis TCF services
15:03:26 INFO  : XSCT server has started successfully.
15:03:26 INFO  : plnx-install-location is set to ''
15:03:26 INFO  : Successfully done setting XSCT server connection channel  
15:03:26 INFO  : Successfully done query RDI_DATADIR 
15:03:26 INFO  : Successfully done setting workspace for the tool. 
15:03:27 INFO  : Platform repository initialization has completed.
15:42:01 ERROR :  [Common 17-39] 'hsi::open_sw_design' failed due to earlier errors.
15:42:01 INFO  : Unable to read in MSS file /home/nate/projects/duneWireTension/ElectricalMethod/firmware/source/dwa_ps/vittis/dwaFsbl_bsp/system.mss : null
15:42:01 ERROR : Failed to generate platform using the BSP 'dwaFsbl_bsp'
java.lang.RuntimeException: Failed to read software project 'dwaFsbl_bsp'. Please check the Vitis Log view for more details
	at com.xilinx.sdx.sdk.core.migration.SDKProjectMigrationHandler.createSwProjectInfo(SDKProjectMigrationHandler.java:455)
	at com.xilinx.sdx.sdk.core.migration.SDKProjectMigrationHandler.createDomainForSw(SDKProjectMigrationHandler.java:441)
	at com.xilinx.sdx.sdk.core.migration.SDKProjectMigrationHandler.createPlatformProjects(SDKProjectMigrationHandler.java:279)
	at com.xilinx.sdx.sdk.core.migration.SDKProjectMigrationHandler.runMigration(SDKProjectMigrationHandler.java:197)
	at com.xilinx.sdx.core.migration.ProjectMigrationSupport.runMigrationHandlers(ProjectMigrationSupport.java:203)
	at com.xilinx.sdx.core.migration.ProjectMigrationSupport.runMigrationOnProjects(ProjectMigrationSupport.java:119)
	at com.xilinx.sdx.system.datatransfer.ui.SdxArchiveImportWizard$1.run(SdxArchiveImportWizard.java:92)
	at org.eclipse.jface.operation.ModalContext$ModalContextThread.run(ModalContext.java:122)
15:42:01 ERROR :  [Common 17-39] 'hsi::open_sw_design' failed due to earlier errors.
15:42:01 INFO  : Unable to read in MSS file /home/nate/projects/duneWireTension/ElectricalMethod/firmware/source/dwa_ps/vittis/lwip_echo1_bsp/system.mss : null
15:42:01 ERROR : Failed to generate platform using the BSP 'lwip_echo1_bsp'
java.lang.RuntimeException: Failed to read software project 'lwip_echo1_bsp'. Please check the Vitis Log view for more details
	at com.xilinx.sdx.sdk.core.migration.SDKProjectMigrationHandler.createSwProjectInfo(SDKProjectMigrationHandler.java:455)
	at com.xilinx.sdx.sdk.core.migration.SDKProjectMigrationHandler.createDomainForSw(SDKProjectMigrationHandler.java:441)
	at com.xilinx.sdx.sdk.core.migration.SDKProjectMigrationHandler.createPlatformProjects(SDKProjectMigrationHandler.java:279)
	at com.xilinx.sdx.sdk.core.migration.SDKProjectMigrationHandler.runMigration(SDKProjectMigrationHandler.java:197)
	at com.xilinx.sdx.core.migration.ProjectMigrationSupport.runMigrationHandlers(ProjectMigrationSupport.java:203)
	at com.xilinx.sdx.core.migration.ProjectMigrationSupport.runMigrationOnProjects(ProjectMigrationSupport.java:119)
	at com.xilinx.sdx.system.datatransfer.ui.SdxArchiveImportWizard$1.run(SdxArchiveImportWizard.java:92)
	at org.eclipse.jface.operation.ModalContext$ModalContextThread.run(ModalContext.java:122)
15:42:01 WARN  : An unexpected exception occurred in the module 'platform project logging'
15:42:01 ERROR : Failed to generate platform from hw project design_1_wrapper_hw_platform_0
com.xilinx.sdx.scw.util.ScwCmdExecutionException: An exception occurred while trying to generate platform.
	at com.xilinx.sdx.scw.util.ScwTclCmdHelper.internalExecute(ScwTclCmdHelper.java:274)
	at com.xilinx.sdx.scw.util.ScwTclCmdHelper.execute(ScwTclCmdHelper.java:110)
	at com.xilinx.sdx.scw.project.SdkMigrationPlatformCreationHandler.generateAndExport(SdkMigrationPlatformCreationHandler.java:93)
	at com.xilinx.sdx.sdk.core.migration.SDKProjectMigrationHandler.generatePlatform(SDKProjectMigrationHandler.java:466)
	at com.xilinx.sdx.sdk.core.migration.SDKProjectMigrationHandler.createPlatformProjects(SDKProjectMigrationHandler.java:294)
	at com.xilinx.sdx.sdk.core.migration.SDKProjectMigrationHandler.runMigration(SDKProjectMigrationHandler.java:197)
	at com.xilinx.sdx.core.migration.ProjectMigrationSupport.runMigrationHandlers(ProjectMigrationSupport.java:203)
	at com.xilinx.sdx.core.migration.ProjectMigrationSupport.runMigrationOnProjects(ProjectMigrationSupport.java:119)
	at com.xilinx.sdx.system.datatransfer.ui.SdxArchiveImportWizard$1.run(SdxArchiveImportWizard.java:92)
	at org.eclipse.jface.operation.ModalContext$ModalContextThread.run(ModalContext.java:122)
Caused by: java.lang.Exception: Failed to generate the platform.
Reason: 
ERROR: default domain is empty
	at com.xilinx.sdx.scw.util.ScwTclCmdHelper.internalExecute(ScwTclCmdHelper.java:266)
	... 9 more
15:42:01 WARN  : The following projects could not be identified as Vitis projects and will not be managed by the tool:
15:42:02 ERROR :  [Common 17-39] 'hsi::open_sw_design' failed due to earlier errors.
15:42:02 INFO  : Unable to read in MSS file /home/nate/projects/duneWireTension/ElectricalMethod/firmware/source/dwa_ps/vittis/lwip_echo1_bsp/system.mss : null
15:42:02 ERROR : Failed to closesw "/home/nate/projects/duneWireTension/ElectricalMethod/firmware/source/dwa_ps/vittis/lwip_echo1_bsp/system.mss"
Reason: Cannot close sw design '/home/nate/projects/duneWireTension/ElectricalMethod/firmware/source/dwa_ps/vittis/lwip_echo1_bsp/system.mss'.
Design is not opened in the current session.


15:42:02 ERROR :  [Common 17-39] 'hsi::open_sw_design' failed due to earlier errors.
15:42:02 INFO  : Unable to read in MSS file /home/nate/projects/duneWireTension/ElectricalMethod/firmware/source/dwa_ps/vittis/dwaFsbl_bsp/system.mss : null
15:42:02 ERROR : Failed to closesw "/home/nate/projects/duneWireTension/ElectricalMethod/firmware/source/dwa_ps/vittis/dwaFsbl_bsp/system.mss"
Reason: Cannot close sw design '/home/nate/projects/duneWireTension/ElectricalMethod/firmware/source/dwa_ps/vittis/dwaFsbl_bsp/system.mss'.
Design is not opened in the current session.


15:42:02 WARN  : Failed to migrate the following projects. The projects will not be imported to the workspace.
lwip_echo1_bsp, design_1_wrapper_hw_platform_0, dwaFsbl_bsp, design_1_wrapper_platform_0_1
15:42:02 WARN  : An unexpected exception occurred in the module 'platform project logging'
15:49:34 INFO  : Result from executing command 'getProjects': dwaEthIo
15:49:34 INFO  : Result from executing command 'getPlatforms': 
16:04:39 INFO  : Result from executing command 'getProjects': dwaEthIo
16:04:39 INFO  : Result from executing command 'getPlatforms': dwaEthIo|/home/nate/projects/duneWireTension/ElectricalMethod/firmware/source/dwa_ps/vittis/dwaEthIo/export/dwaEthIo/dwaEthIo.xpfm
16:09:49 INFO  : Result from executing command 'getProjects': dwaEthIo
16:09:49 INFO  : Result from executing command 'getPlatforms': dwaEthIo|/home/nate/projects/duneWireTension/ElectricalMethod/firmware/source/dwa_ps/vittis/dwaEthIo/export/dwaEthIo/dwaEthIo.xpfm
16:12:25 INFO  : Result from executing command 'getProjects': dwaEthIo
16:12:25 INFO  : Result from executing command 'getPlatforms': dwaEthIo|/home/nate/projects/duneWireTension/ElectricalMethod/firmware/source/dwa_ps/vittis/dwaEthIo/export/dwaEthIo/dwaEthIo.xpfm
16:14:17 INFO  : Result from executing command 'getProjects': dwaEthIo
16:14:17 INFO  : Result from executing command 'getPlatforms': dwaEthIo|/home/nate/projects/duneWireTension/ElectricalMethod/firmware/source/dwa_ps/vittis/dwaEthIo/export/dwaEthIo/dwaEthIo.xpfm
16:25:45 INFO  : Result from executing command 'getProjects': dwaEthIo
16:25:45 INFO  : Result from executing command 'getPlatforms': dwaEthIo|/home/nate/projects/duneWireTension/ElectricalMethod/firmware/source/dwa_ps/vittis/dwaEthIo/export/dwaEthIo/dwaEthIo.xpfm
16:25:45 INFO  : Platform 'dwaEthIo' is added to custom repositories.
16:26:32 INFO  : Result from executing command 'getProjects': dwaEthIo
16:26:32 INFO  : Result from executing command 'getPlatforms': dwaEthIo|/home/nate/projects/duneWireTension/ElectricalMethod/firmware/source/dwa_ps/vittis/dwaEthIo/export/dwaEthIo/dwaEthIo.xpfm
16:26:35 INFO  : Checking for BSP changes to sync application flags for project 'blat2'...
22:11:56 INFO  : Result from executing command 'getProjects': dwaPs
22:11:56 INFO  : Result from executing command 'getPlatforms': 
22:15:18 INFO  : Result from executing command 'getProjects': dwaPs
22:15:18 INFO  : Result from executing command 'getPlatforms': dwaPs|/home/nate/projects/duneWireTension/ElectricalMethod/firmware/source/dwa_ps/vittis/dwaPs/export/dwaPs/dwaPs.xpfm
22:15:18 INFO  : Platform 'dwaPs' is added to custom repositories.
22:19:38 INFO  : Result from executing command 'getProjects': dwaPs
22:19:38 INFO  : Result from executing command 'getPlatforms': dwaPs|/home/nate/projects/duneWireTension/ElectricalMethod/firmware/source/dwa_ps/vittis/dwaPs/export/dwaPs/dwaPs.xpfm
22:19:41 INFO  : Checking for BSP changes to sync application flags for project 'dwaEth2Axi'...
14:35:38 INFO  : Hardware specification for platform project 'dwaPs' is updated.
14:39:54 INFO  : Result from executing command 'getProjects': dwaPs
14:39:54 INFO  : Result from executing command 'getPlatforms': dwaPs|/home/nate/projects/duneWireTension/ElectricalMethod/firmware/source/dwa_ps/vittis/dwaPs/export/dwaPs/dwaPs.xpfm
14:40:31 INFO  : Checking for BSP changes to sync application flags for project 'dwaEth2Axi'...
14:40:32 INFO  : The hardware specfication used by project 'dwaEth2Axi' is out of sync with the platform. Resource files extracted from the hardware specfiication will be updated.
14:40:32 INFO  : The updated bitstream files are copied from platform to folder '/home/nate/projects/duneWireTension/ElectricalMethod/firmware/source/dwa_ps/vittis/dwaEth2Axi/_ide/bitstream' in project 'dwaEth2Axi'.
14:40:32 INFO  : The file '/home/nate/projects/duneWireTension/ElectricalMethod/firmware/source/dwa_ps/vittis/dwaEth2Axi/_ide/psinit/ps7_init.tcl' stored in project is removed.
14:40:35 INFO  : The updated ps init files are copied from platform to folder '/home/nate/projects/duneWireTension/ElectricalMethod/firmware/source/dwa_ps/vittis/dwaEth2Axi/_ide/psinit' in project 'dwaEth2Axi'.
10:54:19 INFO  : Launching XSCT server: xsct -n  -interactive /home/nate/projects/duneWireTension/ElectricalMethod/firmware/source/dwa_ps/vittis/temp_xsdb_launch_script.tcl
10:54:22 INFO  : XSCT server has started successfully.
10:54:22 INFO  : Successfully done setting XSCT server connection channel  
10:54:22 INFO  : plnx-install-location is set to ''
10:54:22 INFO  : Successfully done setting workspace for the tool. 
10:54:24 INFO  : Platform repository initialization has completed.
10:54:24 INFO  : Successfully done query RDI_DATADIR 
10:54:24 INFO  : Registering command handlers for Vitis TCF services
10:57:11 INFO  : Result from executing command 'getProjects': dwaPsHw
10:57:11 INFO  : Result from executing command 'getPlatforms': dwaPs|/home/nate/projects/duneWireTension/ElectricalMethod/firmware/source/dwa_ps/vittis/dwaPs/export/dwaPs/dwaPs.xpfm
11:00:16 INFO  : Result from executing command 'getProjects': dwaPsHw
11:00:16 INFO  : Result from executing command 'getPlatforms': dwaPsHw|/home/nate/projects/duneWireTension/ElectricalMethod/firmware/source/dwa_ps/vittis/dwaPsHw/export/dwaPsHw/dwaPsHw.xpfm
11:00:16 INFO  : Platform 'dwaPsHw' is added to custom repositories.
11:13:39 INFO  : Result from executing command 'getProjects': dwaPsHw
11:13:39 INFO  : Result from executing command 'getPlatforms': dwaPsHw|/home/nate/projects/duneWireTension/ElectricalMethod/firmware/source/dwa_ps/vittis/dwaPsHw/export/dwaPsHw/dwaPsHw.xpfm
11:13:42 INFO  : Checking for BSP changes to sync application flags for project 'dwaPsSw'...
11:18:08 ERROR : Failed to open ip parameters dialog for 'M00_AXI_0'.
Reason:ERROR: [Common 17-56] 'list_property' expects exactly one object got '0'.

java.lang.RuntimeException: ERROR: [Common 17-56] 'list_property' expects exactly one object got '0'.

	at com.xilinx.sdk.xsdb.XsdbCommandUtils.handleResult(XsdbCommandUtils.java:389)
	at com.xilinx.sdk.xsdb.XsdbCommandUtils.executeAndRespond(XsdbCommandUtils.java:327)
	at com.xilinx.sdx.scw.ui.hwspec.HwSpecIpDataProvider.readParamKeys(HwSpecIpDataProvider.java:127)
	at com.xilinx.sdx.scw.ui.hwspec.HwSpecIpDataProvider.internalInit(HwSpecIpDataProvider.java:60)
	at com.xilinx.sdx.scw.ui.hwspec.HwSpecIpDataProvider.switchToIpData(HwSpecIpDataProvider.java:45)
	at com.xilinx.sdx.scw.ui.hwspec.HwSpecComposite.internalOpenIpParamsDialog(HwSpecComposite.java:198)
	at com.xilinx.sdx.scw.ui.hwspec.HwSpecComposite.lambda$3(HwSpecComposite.java:188)
	at org.eclipse.jface.operation.ModalContext$ModalContextThread.run(ModalContext.java:122)
11:18:08 ERROR : Internal error while opening IP params dialog for 'M00_AXI_0'
java.lang.reflect.InvocationTargetException
	at org.eclipse.jface.operation.ModalContext.run(ModalContext.java:397)
	at org.eclipse.jface.dialogs.ProgressMonitorDialog.run(ProgressMonitorDialog.java:469)
	at org.eclipse.ui.internal.progress.ProgressMonitorJobsDialog.run(ProgressMonitorJobsDialog.java:237)
	at org.eclipse.ui.internal.progress.ProgressManager.lambda$26(ProgressManager.java:820)
	at org.eclipse.swt.custom.BusyIndicator.showWhile(BusyIndicator.java:72)
	at org.eclipse.ui.internal.progress.ProgressManager.busyCursorWhile(ProgressManager.java:853)
	at org.eclipse.ui.internal.progress.ProgressManager.busyCursorWhile(ProgressManager.java:829)
	at com.xilinx.sdx.scw.ui.hwspec.HwSpecComposite.launchIpParamsDialog(HwSpecComposite.java:190)
	at com.xilinx.sdx.scw.ui.hwspec.HwSpecComposite.hanldeMemMapDoubleClick(HwSpecComposite.java:154)
	at com.xilinx.sdx.scw.ui.hwspec.HwSpecComposite.lambda$0(HwSpecComposite.java:144)
	at com.xilinx.sdx.scw.ui.hwspec.HwSpecViewer.handleDoubleClick(HwSpecViewer.java:57)
	at org.eclipse.nebula.widgets.xviewer.util.internal.XViewerMouseListener.mouseDoubleClick(XViewerMouseListener.java:43)
	at org.eclipse.swt.widgets.TypedListener.handleEvent(TypedListener.java:200)
	at org.eclipse.swt.widgets.EventTable.sendEvent(EventTable.java:89)
	at org.eclipse.swt.widgets.Display.sendEvent(Display.java:5687)
	at org.eclipse.swt.widgets.Widget.sendEvent(Widget.java:1423)
	at org.eclipse.swt.widgets.Display.runDeferredEvents(Display.java:4955)
	at org.eclipse.swt.widgets.Display.readAndDispatch(Display.java:4448)
	at org.eclipse.e4.ui.internal.workbench.swt.PartRenderingEngine$5.run(PartRenderingEngine.java:1160)
	at org.eclipse.core.databinding.observable.Realm.runWithDefault(Realm.java:338)
	at org.eclipse.e4.ui.internal.workbench.swt.PartRenderingEngine.run(PartRenderingEngine.java:1049)
	at org.eclipse.e4.ui.internal.workbench.E4Workbench.createAndRunUI(E4Workbench.java:155)
	at org.eclipse.ui.internal.Workbench.lambda$3(Workbench.java:658)
	at org.eclipse.core.databinding.observable.Realm.runWithDefault(Realm.java:338)
	at org.eclipse.ui.internal.Workbench.createAndRunWorkbench(Workbench.java:557)
	at org.eclipse.ui.PlatformUI.createAndRunWorkbench(PlatformUI.java:154)
	at com.xilinx.ide.application.ui.Application.start(Application.java:80)
	at org.eclipse.equinox.internal.app.EclipseAppHandle.run(EclipseAppHandle.java:203)
	at org.eclipse.core.runtime.internal.adaptor.EclipseAppLauncher.runApplication(EclipseAppLauncher.java:137)
	at org.eclipse.core.runtime.internal.adaptor.EclipseAppLauncher.start(EclipseAppLauncher.java:107)
	at org.eclipse.core.runtime.adaptor.EclipseStarter.run(EclipseStarter.java:401)
	at org.eclipse.core.runtime.adaptor.EclipseStarter.run(EclipseStarter.java:255)
	at java.base/jdk.internal.reflect.NativeMethodAccessorImpl.invoke0(Native Method)
	at java.base/jdk.internal.reflect.NativeMethodAccessorImpl.invoke(NativeMethodAccessorImpl.java:62)
	at java.base/jdk.internal.reflect.DelegatingMethodAccessorImpl.invoke(DelegatingMethodAccessorImpl.java:43)
	at java.base/java.lang.reflect.Method.invoke(Method.java:566)
	at org.eclipse.equinox.launcher.Main.invokeFramework(Main.java:657)
	at org.eclipse.equinox.launcher.Main.basicRun(Main.java:594)
	at org.eclipse.equinox.launcher.Main.run(Main.java:1447)
	at org.eclipse.equinox.launcher.Main.main(Main.java:1420)
Caused by: org.eclipse.swt.SWTException: Invalid thread access
	at org.eclipse.swt.SWT.error(SWT.java:4723)
	at org.eclipse.swt.SWT.error(SWT.java:4638)
	at org.eclipse.swt.SWT.error(SWT.java:4609)
	at org.eclipse.swt.widgets.Widget.error(Widget.java:550)
	at org.eclipse.swt.widgets.Widget.checkWidget(Widget.java:471)
	at org.eclipse.swt.widgets.Control.getShell(Control.java:3288)
	at com.xilinx.sdx.scw.ui.hwspec.HwSpecComposite.internalOpenIpParamsDialog(HwSpecComposite.java:208)
	at com.xilinx.sdx.scw.ui.hwspec.HwSpecComposite.lambda$3(HwSpecComposite.java:188)
	at org.eclipse.jface.operation.ModalContext$ModalContextThread.run(ModalContext.java:122)
11:33:03 INFO  : Checking for BSP changes to sync application flags for project 'dwaPsSw'...
11:40:27 INFO  : Checking for BSP changes to sync application flags for project 'dwaPsSw'...
22:03:05 INFO  : Launching XSCT server: xsct -n  -interactive /home/nate/projects/duneWireTension/ElectricalMethod/firmware/source/dwa_ps/vittis/temp_xsdb_launch_script.tcl
22:03:07 INFO  : Platform repository initialization has completed.
22:03:07 INFO  : XSCT server has started successfully.
22:03:07 INFO  : Successfully done setting XSCT server connection channel  
22:03:07 INFO  : plnx-install-location is set to ''
22:03:07 INFO  : Successfully done setting workspace for the tool. 
22:03:08 INFO  : Successfully done query RDI_DATADIR 
22:03:08 INFO  : Registering command handlers for Vitis TCF services
22:03:45 INFO  : Result from executing command 'getProjects': dwaPsHw
22:03:45 INFO  : Result from executing command 'getPlatforms': dwaPsHw|/home/nate/projects/duneWireTension/ElectricalMethod/firmware/source/dwa_ps/vittis/dwaPsHw/export/dwaPsHw/dwaPsHw.xpfm
22:03:48 INFO  : Checking for BSP changes to sync application flags for project 'dwaPsSw'...
22:25:42 INFO  : Result from executing command 'getProjects': dwaPsHw
22:25:42 INFO  : Result from executing command 'getPlatforms': dwaPsHw|/home/nate/projects/duneWireTension/ElectricalMethod/firmware/source/dwa_ps/vittis/dwaPsHw/export/dwaPsHw/dwaPsHw.xpfm
22:25:45 INFO  : Checking for BSP changes to sync application flags for project 'dwaPsSw'...
22:39:19 INFO  : Checking for BSP changes to sync application flags for project 'dwaPsSw'...
22:40:21 INFO  : Generated template bif file for dwaPsSw_system
22:44:52 INFO  : Build configuration of 'dwaPsSw' is updated to 'Release'
22:44:59 INFO  : Checking for BSP changes to sync application flags for project 'dwaPsSw'...
15:09:20 INFO  : Launching XSCT server: xsct -n  -interactive /home/nate/projects/duneWireTension/ElectricalMethod/firmware/source/dwa_ps/vittis/temp_xsdb_launch_script.tcl
15:09:24 INFO  : XSCT server has started successfully.
15:09:24 INFO  : plnx-install-location is set to ''
15:09:26 INFO  : Platform repository initialization has completed.
15:09:26 INFO  : Registering command handlers for Vitis TCF services
15:09:30 INFO  : Successfully done setting XSCT server connection channel  
15:09:30 INFO  : Successfully done query RDI_DATADIR 
15:09:30 INFO  : Successfully done setting workspace for the tool. 
15:25:29 INFO  : Result from executing command 'getProjects': dwaPsHw
15:25:29 INFO  : Result from executing command 'getPlatforms': dwaPsHw|/home/nate/projects/duneWireTension/ElectricalMethod/firmware/source/dwa_ps/vittis/dwaPsHw/export/dwaPsHw/dwaPsHw.xpfm
15:25:32 INFO  : Checking for BSP changes to sync application flags for project 'dwaPsSw'...
21:20:23 INFO  : Launching XSCT server: xsct -n  -interactive /home/nate/projects/duneWireTension/ElectricalMethod/firmware/source/dwa_ps/vittis/temp_xsdb_launch_script.tcl
21:20:26 INFO  : XSCT server has started successfully.
21:20:26 INFO  : Successfully done setting XSCT server connection channel  
21:20:26 INFO  : plnx-install-location is set to ''
21:20:26 INFO  : Successfully done setting workspace for the tool. 
21:20:27 INFO  : Platform repository initialization has completed.
21:20:27 INFO  : Successfully done query RDI_DATADIR 
21:20:27 INFO  : Registering command handlers for Vitis TCF services
21:21:35 INFO  : Result from executing command 'getProjects': dwaPsHw
21:21:35 INFO  : Result from executing command 'getPlatforms': dwaPsHw|/home/nate/projects/duneWireTension/ElectricalMethod/firmware/source/dwa_ps/vittis/dwaPsHw/export/dwaPsHw/dwaPsHw.xpfm
21:21:38 INFO  : Checking for BSP changes to sync application flags for project 'dwaPsSw'...
16:09:26 INFO  : Launching XSCT server: xsct -n  -interactive /home/nate/projects/duneWireTension/ElectricalMethod/firmware/source/dwa_ps/vittis/temp_xsdb_launch_script.tcl
16:09:28 INFO  : XSCT server has started successfully.
16:09:28 INFO  : Successfully done setting XSCT server connection channel  
16:09:28 INFO  : plnx-install-location is set to ''
16:09:28 INFO  : Successfully done setting workspace for the tool. 
16:09:30 INFO  : Platform repository initialization has completed.
16:09:31 INFO  : Successfully done query RDI_DATADIR 
16:09:31 INFO  : Registering command handlers for Vitis TCF services
16:12:57 INFO  : Result from executing command 'getProjects': dwaPsHw
16:12:57 INFO  : Result from executing command 'getPlatforms': dwaPsHw|/home/nate/projects/duneWireTension/ElectricalMethod/firmware/source/dwa_ps/vittis/dwaPsHw/export/dwaPsHw/dwaPsHw.xpfm
16:13:00 INFO  : Checking for BSP changes to sync application flags for project 'dwaPsSw'...
17:50:44 INFO  : Launching XSCT server: xsct -n  -interactive /home/nate/projects/duneWireTension/ElectricalMethod/firmware/source/dwa_ps/vittis/temp_xsdb_launch_script.tcl
17:50:46 INFO  : XSCT server has started successfully.
17:50:46 INFO  : Successfully done setting XSCT server connection channel  
17:50:46 INFO  : plnx-install-location is set to ''
17:50:46 INFO  : Successfully done setting workspace for the tool. 
17:50:47 INFO  : Platform repository initialization has completed.
17:50:47 INFO  : Successfully done query RDI_DATADIR 
17:50:48 INFO  : Registering command handlers for Vitis TCF services
18:29:20 INFO  : Checking for BSP changes to sync application flags for project 'dwaPsSw'...
18:29:25 ERROR : (XSDB Server)ERROR: [Hsi 55-1571] The design file /home/nate/projects/duneWireTension/ElectricalMethod/firmware/source/dwa_ps/vittis/dwaPsHw/export/dwaPsHw/hw/dwa_ps_bd_wrapper.xsa is already opened

21:22:44 INFO  : Launching XSCT server: xsct -n  -interactive /home/nate/projects/duneWireTension/ElectricalMethod/firmware/source/dwa_ps/vittis/temp_xsdb_launch_script.tcl
21:22:46 INFO  : XSCT server has started successfully.
21:22:46 INFO  : plnx-install-location is set to ''
21:22:46 INFO  : Successfully done setting XSCT server connection channel  
21:22:46 INFO  : Successfully done setting workspace for the tool. 
21:22:48 INFO  : Platform repository initialization has completed.
21:22:48 INFO  : Successfully done query RDI_DATADIR 
21:22:48 INFO  : Registering command handlers for Vitis TCF services
21:24:11 INFO  : Checking for BSP changes to sync application flags for project 'dwaPsSw'...
21:24:16 ERROR : (XSDB Server)ERROR: [Hsi 55-1571] The design file /home/nate/projects/duneWireTension/ElectricalMethod/firmware/source/dwa_ps/vittis/dwaPsHw/export/dwaPsHw/hw/dwa_ps_bd_wrapper.xsa is already opened

21:25:28 INFO  : Checking for BSP changes to sync application flags for project 'dwaPsSw'...
21:25:30 ERROR : (XSDB Server)ERROR: [Hsi 55-1571] The design file /home/nate/projects/duneWireTension/ElectricalMethod/firmware/source/dwa_ps/vittis/dwaPsHw/export/dwaPsHw/hw/dwa_ps_bd_wrapper.xsa is already opened

22:15:56 INFO  : Launching XSCT server: xsct -n  -interactive /home/nate/projects/duneWireTension/ElectricalMethod/firmware/source/dwa_ps/vittis/temp_xsdb_launch_script.tcl
22:16:00 INFO  : XSCT server has started successfully.
22:16:00 INFO  : plnx-install-location is set to ''
22:16:00 INFO  : Successfully done setting XSCT server connection channel  
22:16:00 INFO  : Successfully done setting workspace for the tool. 
22:16:03 INFO  : Platform repository initialization has completed.
22:16:03 INFO  : Registering command handlers for Vitis TCF services
22:16:07 INFO  : Successfully done query RDI_DATADIR 
22:23:35 INFO  : 'targets -set -filter {jtag_cable_name =~ "Digilent JTAG-HS2 210249A0D0C2" && level==0 && jtag_device_ctx=="jsn-JTAG-HS2-210249A0D0C2-23727093-0"}' command is executed.
22:23:35 INFO  : 'fpga -state' command is executed.
22:25:01 INFO  : Connected to target on host '127.0.0.1' and port '3121'.
22:25:01 INFO  : 'targets -set -filter {jtag_cable_name =~ "Digilent JTAG-HS2 210249A0D0C2" && level==0 && jtag_device_ctx=="jsn-JTAG-HS2-210249A0D0C2-23727093-0"}' command is executed.
22:25:02 ERROR : fpga configuration failed. DONE PIN is not HIGH
22:26:23 INFO  : Connected to target on host '127.0.0.1' and port '3121'.
22:26:23 INFO  : 'targets -set -filter {jtag_cable_name =~ "Digilent JTAG-HS2 210249A0D0C2" && level==0 && jtag_device_ctx=="jsn-JTAG-HS2-210249A0D0C2-23727093-0"}' command is executed.
22:26:27 INFO  : Device configured successfully with "/home/nate/projects/duneWireTension/ElectricalMethod/firmware/vivadoProjects/dwa_ps_pl_top/dwa_ps_pl_top_20210512_195036_0.609ns.bit"
22:26:50 INFO  : 'targets -set -filter {jtag_cable_name =~ "Digilent JTAG-HS2 210249A0D0C2" && level==0 && jtag_device_ctx=="jsn-JTAG-HS2-210249A0D0C2-23727093-0"}' command is executed.
22:26:50 INFO  : 'fpga -state' command is executed.
22:26:50 INFO  : Connected to target on host '127.0.0.1' and port '3121'.
22:26:50 WARN  : IDE version '2020.2' doesn't match hw_server version '2019.2'. Some debug features may not work.
22:27:02 INFO  : Jtag cable 'Digilent JTAG-HS2 210249A0D0C2' is selected.
22:27:02 INFO  : 'jtag frequency' command is executed.
22:27:02 INFO  : Context for 'APU' is selected.
22:27:02 INFO  : System reset is completed.
22:27:05 INFO  : 'after 3000' command is executed.
22:27:05 INFO  : Context for 'APU' is selected.
22:27:06 INFO  : Hardware design and registers information is loaded from '/home/nate/projects/duneWireTension/ElectricalMethod/firmware/source/dwa_ps/vittis/dwaPsHw/export/dwaPsHw/hw/dwa_ps_bd_wrapper.xsa'.
22:27:06 INFO  : 'configparams force-mem-access 1' command is executed.
22:27:06 INFO  : Context for 'APU' is selected.
22:27:06 INFO  : Sourcing of '/home/nate/projects/duneWireTension/ElectricalMethod/firmware/source/dwa_ps/vittis/dwaPsSw/_ide/psinit/ps7_init.tcl' is done.
22:27:06 INFO  : 'ps7_init' command is executed.
22:27:06 INFO  : 'ps7_post_config' command is executed.
22:27:06 INFO  : Context for processor 'ps7_cortexa9_0' is selected.
22:27:07 INFO  : The application '/home/nate/projects/duneWireTension/ElectricalMethod/firmware/source/dwa_ps/vittis/dwaPsSw/Release/dwaPsSw.elf' is downloaded to processor 'ps7_cortexa9_0'.
22:27:07 INFO  : 'configparams force-mem-access 0' command is executed.
22:27:07 INFO  : ----------------XSDB Script----------------
connect -url tcp:127.0.0.1:3121
targets -set -nocase -filter {name =~"APU*"}
rst -system
after 3000
targets -set -nocase -filter {name =~"APU*"}
loadhw -hw /home/nate/projects/duneWireTension/ElectricalMethod/firmware/source/dwa_ps/vittis/dwaPsHw/export/dwaPsHw/hw/dwa_ps_bd_wrapper.xsa -mem-ranges [list {0x40000000 0xbfffffff}] -regs
configparams force-mem-access 1
targets -set -nocase -filter {name =~"APU*"}
source /home/nate/projects/duneWireTension/ElectricalMethod/firmware/source/dwa_ps/vittis/dwaPsSw/_ide/psinit/ps7_init.tcl
ps7_init
ps7_post_config
targets -set -nocase -filter {name =~ "*A9*#0"}
dow /home/nate/projects/duneWireTension/ElectricalMethod/firmware/source/dwa_ps/vittis/dwaPsSw/Release/dwaPsSw.elf
configparams force-mem-access 0
----------------End of Script----------------

22:27:07 INFO  : Context for processor 'ps7_cortexa9_0' is selected.
22:27:07 INFO  : 'con' command is executed.
22:27:07 INFO  : ----------------XSDB Script (After Launch)----------------
targets -set -nocase -filter {name =~ "*A9*#0"}
con
----------------End of Script----------------

22:27:07 INFO  : Launch script is exported to file '/home/nate/projects/duneWireTension/ElectricalMethod/firmware/source/dwa_ps/vittis/dwaPsSw_system/_ide/scripts/systemdebugger_dwapssw_system_standalone.tcl'
22:31:52 INFO  : Disconnected from the channel tcfchan#1.
22:31:53 INFO  : 'targets -set -filter {jtag_cable_name =~ "Digilent JTAG-HS2 210249A0D0C2" && level==0 && jtag_device_ctx=="jsn-JTAG-HS2-210249A0D0C2-23727093-0"}' command is executed.
22:31:53 INFO  : 'fpga -state' command is executed.
22:32:21 INFO  : Connected to target on host '127.0.0.1' and port '3121'.
22:32:21 INFO  : 'targets -set -filter {jtag_cable_name =~ "Digilent JTAG-HS2 210249A0D0C2" && level==0 && jtag_device_ctx=="jsn-JTAG-HS2-210249A0D0C2-23727093-0"}' command is executed.
22:32:25 INFO  : Device configured successfully with "/home/nate/projects/duneWireTension/ElectricalMethod/firmware/vivadoProjects/dwa_ps_pl_top/dwa_ps_pl_top_20210512_195036_0.609ns.bit"
22:34:10 INFO  : 'targets -set -filter {jtag_cable_name =~ "Digilent JTAG-HS2 210249A0D0C2" && level==0 && jtag_device_ctx=="jsn-JTAG-HS2-210249A0D0C2-23727093-0"}' command is executed.
22:34:10 INFO  : 'fpga -state' command is executed.
22:34:10 INFO  : Connected to target on host '127.0.0.1' and port '3121'.
22:34:10 WARN  : IDE version '2020.2' doesn't match hw_server version '2019.2'. Some debug features may not work.
22:34:14 INFO  : Jtag cable 'Digilent JTAG-HS2 210249A0D0C2' is selected.
22:34:14 INFO  : 'jtag frequency' command is executed.
22:34:14 INFO  : Context for 'APU' is selected.
22:34:14 INFO  : System reset is completed.
22:34:17 INFO  : 'after 3000' command is executed.
22:34:17 INFO  : Context for 'APU' is selected.
22:34:17 INFO  : Hardware design and registers information is loaded from '/home/nate/projects/duneWireTension/ElectricalMethod/firmware/source/dwa_ps/vittis/dwaPsHw/export/dwaPsHw/hw/dwa_ps_bd_wrapper.xsa'.
22:34:18 INFO  : 'configparams force-mem-access 1' command is executed.
22:34:18 INFO  : Context for 'APU' is selected.
22:34:18 INFO  : Sourcing of '/home/nate/projects/duneWireTension/ElectricalMethod/firmware/source/dwa_ps/vittis/dwaPsSw/_ide/psinit/ps7_init.tcl' is done.
22:34:18 INFO  : 'ps7_init' command is executed.
22:34:18 INFO  : 'ps7_post_config' command is executed.
22:34:18 INFO  : Context for processor 'ps7_cortexa9_0' is selected.
22:34:19 INFO  : The application '/home/nate/projects/duneWireTension/ElectricalMethod/firmware/source/dwa_ps/vittis/dwaPsSw/Release/dwaPsSw.elf' is downloaded to processor 'ps7_cortexa9_0'.
22:34:19 INFO  : 'configparams force-mem-access 0' command is executed.
22:34:19 INFO  : ----------------XSDB Script----------------
connect -url tcp:127.0.0.1:3121
targets -set -nocase -filter {name =~"APU*"}
rst -system
after 3000
targets -set -nocase -filter {name =~"APU*"}
loadhw -hw /home/nate/projects/duneWireTension/ElectricalMethod/firmware/source/dwa_ps/vittis/dwaPsHw/export/dwaPsHw/hw/dwa_ps_bd_wrapper.xsa -mem-ranges [list {0x40000000 0xbfffffff}] -regs
configparams force-mem-access 1
targets -set -nocase -filter {name =~"APU*"}
source /home/nate/projects/duneWireTension/ElectricalMethod/firmware/source/dwa_ps/vittis/dwaPsSw/_ide/psinit/ps7_init.tcl
ps7_init
ps7_post_config
targets -set -nocase -filter {name =~ "*A9*#0"}
dow /home/nate/projects/duneWireTension/ElectricalMethod/firmware/source/dwa_ps/vittis/dwaPsSw/Release/dwaPsSw.elf
configparams force-mem-access 0
----------------End of Script----------------

22:34:19 INFO  : Context for processor 'ps7_cortexa9_0' is selected.
22:34:19 INFO  : 'con' command is executed.
22:34:19 INFO  : ----------------XSDB Script (After Launch)----------------
targets -set -nocase -filter {name =~ "*A9*#0"}
con
----------------End of Script----------------

22:34:19 INFO  : Launch script is exported to file '/home/nate/projects/duneWireTension/ElectricalMethod/firmware/source/dwa_ps/vittis/dwaPsSw_system/_ide/scripts/systemdebugger_dwapssw_system_standalone.tcl'
22:35:07 INFO  : Connected to target on host '127.0.0.1' and port '3121'.
22:35:07 INFO  : 'targets -set -filter {jtag_cable_name =~ "Digilent JTAG-HS2 210249A0D0C2" && level==0 && jtag_device_ctx=="jsn-JTAG-HS2-210249A0D0C2-23727093-0"}' command is executed.
22:35:11 INFO  : Device configured successfully with "/home/nate/projects/duneWireTension/ElectricalMethod/firmware/vivadoProjects/dwa_ps_pl_top/dwa_ps_pl_top_20210512_195036_0.609ns.bit"
16:50:17 INFO  : Launching XSCT server: xsct -n  -interactive /home/nate/projects/duneWireTension/ElectricalMethod/firmware/source/dwa_ps/vittis/temp_xsdb_launch_script.tcl
16:50:19 INFO  : XSCT server has started successfully.
16:50:19 INFO  : plnx-install-location is set to ''
16:50:19 INFO  : Successfully done setting XSCT server connection channel  
16:50:19 INFO  : Successfully done setting workspace for the tool. 
16:50:22 INFO  : Platform repository initialization has completed.
16:50:22 INFO  : Successfully done query RDI_DATADIR 
16:50:22 INFO  : Registering command handlers for Vitis TCF services
16:51:20 INFO  : Connected to target on host '127.0.0.1' and port '3121'.
16:53:33 INFO  : Connected to target on host '127.0.0.1' and port '3121'.
16:56:51 ERROR : Failed to connect to hardware server on host '140.247.132.195' and port '3121'.
Reason: No route to host
16:57:26 ERROR : Failed to connect to hardware server on host '140.247.132.195' and port '3121'.
Reason: No route to host
17:00:33 ERROR : Failed to connect to hardware server on host '140.247.132.195' and port '3121'.
Reason: No route to host
17:04:31 INFO  : Launching XSCT server: xsct -n  -interactive /home/nate/projects/duneWireTension/ElectricalMethod/firmware/source/dwa_ps/vittis/temp_xsdb_launch_script.tcl
17:04:33 INFO  : XSCT server has started successfully.
17:04:33 INFO  : Successfully done setting XSCT server connection channel  
17:04:33 INFO  : plnx-install-location is set to ''
17:04:33 INFO  : Successfully done setting workspace for the tool. 
17:04:36 INFO  : Platform repository initialization has completed.
17:04:36 INFO  : Successfully done query RDI_DATADIR 
17:04:36 INFO  : Registering command handlers for Vitis TCF services
17:05:21 INFO  : Connected to target on host 'localhost' and port '3124'.
17:05:21 INFO  : 'targets -set -filter {jtag_cable_name =~ "Digilent JTAG-HS2 210249A0D0C2" && level==0 && jtag_device_ctx=="jsn-JTAG-HS2-210249A0D0C2-23727093-0"}' command is executed.
17:05:26 INFO  : Device configured successfully with "/home/nate/projects/duneWireTension/ElectricalMethod/firmware/vivadoProjects/dwa_ps_pl_top/dwa_ps_pl_top_20210512_195036_0.609ns.bit"
17:10:56 INFO  : Connected to target on host 'localhost' and port '3124'.
17:10:56 INFO  : 'targets -set -filter {jtag_cable_name =~ "Digilent JTAG-HS2 210249A0D0C2" && level==0 && jtag_device_ctx=="jsn-JTAG-HS2-210249A0D0C2-23727093-0"}' command is executed.
17:11:01 INFO  : Device configured successfully with "/home/nate/projects/duneWireTension/ElectricalMethod/firmware/vivadoProjects/dwa_ps_pl_top/dwa_ps_pl_top_20210512_195036_0.609ns.bit"
17:12:07 ERROR : Could not find FPGA device on the board for connection 'Local'.


Troubleshooting hints:
1. Check whether board is connected to system properly.
2. In case of zynq board, check whether Digilent/Xilinx cable switch settings are correct.
3. If you are using Xilinx Platform Cable USB, ensure that status LED is green.
17:16:45 INFO  : Launching XSCT server: xsct -n  -interactive /home/nate/projects/duneWireTension/ElectricalMethod/firmware/source/dwa_ps/vittis/temp_xsdb_launch_script.tcl
17:16:47 INFO  : XSCT server has started successfully.
17:16:47 INFO  : plnx-install-location is set to ''
17:16:47 INFO  : Successfully done setting XSCT server connection channel  
17:16:47 INFO  : Successfully done setting workspace for the tool. 
17:16:49 INFO  : Platform repository initialization has completed.
17:16:49 INFO  : Successfully done query RDI_DATADIR 
17:16:49 INFO  : Registering command handlers for Vitis TCF services
17:17:13 INFO  : 'targets -set -filter {jtag_cable_name =~ "Digilent JTAG-HS2 210249A0D0C2" && level==0 && jtag_device_ctx=="jsn-JTAG-HS2-210249A0D0C2-23727093-0"}' command is executed.
17:17:13 INFO  : 'fpga -state' command is executed.
17:17:13 INFO  : Connected to target on host '127.0.0.1' and port '3121'.
17:17:13 INFO  : Jtag cable 'Digilent JTAG-HS2 210249A0D0C2' is selected.
17:17:13 INFO  : 'jtag frequency' command is executed.
17:17:13 INFO  : Context for 'APU' is selected.
17:17:13 INFO  : System reset is completed.
17:17:16 INFO  : 'after 3000' command is executed.
17:17:16 INFO  : Context for 'APU' is selected.
17:17:16 INFO  : Hardware design and registers information is loaded from '/home/nate/projects/duneWireTension/ElectricalMethod/firmware/source/dwa_ps/vittis/dwaPsHw/export/dwaPsHw/hw/dwa_ps_bd_wrapper.xsa'.
17:17:16 INFO  : 'configparams force-mem-access 1' command is executed.
17:17:16 INFO  : Context for 'APU' is selected.
17:17:16 INFO  : Sourcing of '/home/nate/projects/duneWireTension/ElectricalMethod/firmware/source/dwa_ps/vittis/dwaPsSw/_ide/psinit/ps7_init.tcl' is done.
17:17:17 INFO  : 'ps7_init' command is executed.
17:17:17 INFO  : 'ps7_post_config' command is executed.
17:17:17 INFO  : Context for processor 'ps7_cortexa9_0' is selected.
17:17:18 INFO  : The application '/home/nate/projects/duneWireTension/ElectricalMethod/firmware/source/dwa_ps/vittis/dwaPsSw/Release/dwaPsSw.elf' is downloaded to processor 'ps7_cortexa9_0'.
17:17:18 INFO  : 'configparams force-mem-access 0' command is executed.
17:17:18 INFO  : ----------------XSDB Script----------------
connect -url tcp:127.0.0.1:3121
targets -set -nocase -filter {name =~"APU*"}
rst -system
after 3000
targets -set -nocase -filter {name =~"APU*"}
loadhw -hw /home/nate/projects/duneWireTension/ElectricalMethod/firmware/source/dwa_ps/vittis/dwaPsHw/export/dwaPsHw/hw/dwa_ps_bd_wrapper.xsa -mem-ranges [list {0x40000000 0xbfffffff}] -regs
configparams force-mem-access 1
targets -set -nocase -filter {name =~"APU*"}
source /home/nate/projects/duneWireTension/ElectricalMethod/firmware/source/dwa_ps/vittis/dwaPsSw/_ide/psinit/ps7_init.tcl
ps7_init
ps7_post_config
targets -set -nocase -filter {name =~ "*A9*#0"}
dow /home/nate/projects/duneWireTension/ElectricalMethod/firmware/source/dwa_ps/vittis/dwaPsSw/Release/dwaPsSw.elf
configparams force-mem-access 0
----------------End of Script----------------

17:17:18 INFO  : Context for processor 'ps7_cortexa9_0' is selected.
17:17:18 INFO  : 'con' command is executed.
17:17:18 INFO  : ----------------XSDB Script (After Launch)----------------
targets -set -nocase -filter {name =~ "*A9*#0"}
con
----------------End of Script----------------

17:17:18 INFO  : Launch script is exported to file '/home/nate/projects/duneWireTension/ElectricalMethod/firmware/source/dwa_ps/vittis/dwaPsSw_system/_ide/scripts/systemdebugger_dwapssw_system_standalone.tcl'
17:18:21 INFO  : Connected to target on host '127.0.0.1' and port '3121'.
17:18:21 INFO  : 'targets -set -filter {jtag_cable_name =~ "Digilent JTAG-HS2 210249A0D0C2" && level==0 && jtag_device_ctx=="jsn-JTAG-HS2-210249A0D0C2-23727093-0"}' command is executed.
17:18:25 INFO  : Device configured successfully with "/home/nate/projects/duneWireTension/ElectricalMethod/firmware/vivadoProjects/dwa_ps_pl_top/dwa_ps_pl_top_20210512_195036_0.609ns.bit"
18:00:28 INFO  : Connected to target on host '127.0.0.1' and port '3121'.
18:00:28 INFO  : 'targets -set -filter {jtag_cable_name =~ "Digilent JTAG-HS2 210249A0D0C2" && level==0 && jtag_device_ctx=="jsn-JTAG-HS2-210249A0D0C2-23727093-0"}' command is executed.
18:00:32 INFO  : Device configured successfully with "/home/nate/projects/duneWireTension/ElectricalMethod/firmware/vivadoProjects/dwa_ps_pl_top/dwa_ps_pl_top_20210519_173722_0.318ns.bit"
18:02:35 INFO  : Disconnected from the channel tcfchan#1.
18:02:36 INFO  : 'targets -set -filter {jtag_cable_name =~ "Digilent JTAG-HS2 210249A0D0C2" && level==0 && jtag_device_ctx=="jsn-JTAG-HS2-210249A0D0C2-23727093-0"}' command is executed.
18:02:36 INFO  : 'fpga -state' command is executed.
18:02:36 INFO  : Connected to target on host '127.0.0.1' and port '3121'.
18:02:36 INFO  : Jtag cable 'Digilent JTAG-HS2 210249A0D0C2' is selected.
18:02:36 INFO  : 'jtag frequency' command is executed.
18:02:36 INFO  : Context for 'APU' is selected.
18:02:36 INFO  : System reset is completed.
18:02:39 INFO  : 'after 3000' command is executed.
18:02:39 INFO  : Context for 'APU' is selected.
18:02:40 INFO  : Hardware design and registers information is loaded from '/home/nate/projects/duneWireTension/ElectricalMethod/firmware/source/dwa_ps/vittis/dwaPsHw/export/dwaPsHw/hw/dwa_ps_bd_wrapper.xsa'.
18:02:40 INFO  : 'configparams force-mem-access 1' command is executed.
18:02:40 INFO  : Context for 'APU' is selected.
18:02:40 INFO  : Sourcing of '/home/nate/projects/duneWireTension/ElectricalMethod/firmware/source/dwa_ps/vittis/dwaPsSw/_ide/psinit/ps7_init.tcl' is done.
18:02:41 INFO  : 'ps7_init' command is executed.
18:02:41 INFO  : 'ps7_post_config' command is executed.
18:02:41 INFO  : Context for processor 'ps7_cortexa9_0' is selected.
18:02:41 INFO  : The application '/home/nate/projects/duneWireTension/ElectricalMethod/firmware/source/dwa_ps/vittis/dwaPsSw/Release/dwaPsSw.elf' is downloaded to processor 'ps7_cortexa9_0'.
18:02:41 INFO  : 'configparams force-mem-access 0' command is executed.
18:02:41 INFO  : ----------------XSDB Script----------------
connect -url tcp:127.0.0.1:3121
targets -set -nocase -filter {name =~"APU*"}
rst -system
after 3000
targets -set -nocase -filter {name =~"APU*"}
loadhw -hw /home/nate/projects/duneWireTension/ElectricalMethod/firmware/source/dwa_ps/vittis/dwaPsHw/export/dwaPsHw/hw/dwa_ps_bd_wrapper.xsa -mem-ranges [list {0x40000000 0xbfffffff}] -regs
configparams force-mem-access 1
targets -set -nocase -filter {name =~"APU*"}
source /home/nate/projects/duneWireTension/ElectricalMethod/firmware/source/dwa_ps/vittis/dwaPsSw/_ide/psinit/ps7_init.tcl
ps7_init
ps7_post_config
targets -set -nocase -filter {name =~ "*A9*#0"}
dow /home/nate/projects/duneWireTension/ElectricalMethod/firmware/source/dwa_ps/vittis/dwaPsSw/Release/dwaPsSw.elf
configparams force-mem-access 0
----------------End of Script----------------

18:02:41 INFO  : Context for processor 'ps7_cortexa9_0' is selected.
18:02:41 INFO  : 'con' command is executed.
18:02:41 INFO  : ----------------XSDB Script (After Launch)----------------
targets -set -nocase -filter {name =~ "*A9*#0"}
con
----------------End of Script----------------

18:02:41 INFO  : Launch script is exported to file '/home/nate/projects/duneWireTension/ElectricalMethod/firmware/source/dwa_ps/vittis/dwaPsSw_system/_ide/scripts/systemdebugger_dwapssw_system_standalone.tcl'
18:03:13 INFO  : Connected to target on host '127.0.0.1' and port '3121'.
18:03:13 INFO  : 'targets -set -filter {jtag_cable_name =~ "Digilent JTAG-HS2 210249A0D0C2" && level==0 && jtag_device_ctx=="jsn-JTAG-HS2-210249A0D0C2-23727093-0"}' command is executed.
18:03:17 INFO  : Device configured successfully with "/home/nate/projects/duneWireTension/ElectricalMethod/firmware/vivadoProjects/dwa_ps_pl_top/dwa_ps_pl_top_20210519_173722_0.318ns.bit"
19:56:03 INFO  : Connected to target on host '127.0.0.1' and port '3121'.
19:56:03 INFO  : 'targets -set -filter {jtag_cable_name =~ "Digilent JTAG-HS2 210249A0D0C2" && level==0 && jtag_device_ctx=="jsn-JTAG-HS2-210249A0D0C2-23727093-0"}' command is executed.
19:56:07 INFO  : Device configured successfully with "/home/nate/projects/duneWireTension/ElectricalMethod/firmware/vivadoProjects/dwa_ps_pl_top/dwa_ps_pl_top_20210519_191159_-0.011ns.bit"
19:56:32 INFO  : Disconnected from the channel tcfchan#2.
19:56:32 INFO  : 'targets -set -filter {jtag_cable_name =~ "Digilent JTAG-HS2 210249A0D0C2" && level==0 && jtag_device_ctx=="jsn-JTAG-HS2-210249A0D0C2-23727093-0"}' command is executed.
19:56:32 INFO  : 'fpga -state' command is executed.
19:56:32 INFO  : Connected to target on host '127.0.0.1' and port '3121'.
19:56:32 INFO  : Jtag cable 'Digilent JTAG-HS2 210249A0D0C2' is selected.
19:56:32 INFO  : 'jtag frequency' command is executed.
19:56:32 INFO  : Context for 'APU' is selected.
19:56:32 INFO  : System reset is completed.
19:56:35 INFO  : 'after 3000' command is executed.
19:56:35 INFO  : Context for 'APU' is selected.
19:56:36 INFO  : Hardware design and registers information is loaded from '/home/nate/projects/duneWireTension/ElectricalMethod/firmware/source/dwa_ps/vittis/dwaPsHw/export/dwaPsHw/hw/dwa_ps_bd_wrapper.xsa'.
19:56:36 INFO  : 'configparams force-mem-access 1' command is executed.
19:56:36 INFO  : Context for 'APU' is selected.
19:56:36 INFO  : Sourcing of '/home/nate/projects/duneWireTension/ElectricalMethod/firmware/source/dwa_ps/vittis/dwaPsSw/_ide/psinit/ps7_init.tcl' is done.
19:56:37 INFO  : 'ps7_init' command is executed.
19:56:37 INFO  : 'ps7_post_config' command is executed.
19:56:37 INFO  : Context for processor 'ps7_cortexa9_0' is selected.
19:56:38 INFO  : The application '/home/nate/projects/duneWireTension/ElectricalMethod/firmware/source/dwa_ps/vittis/dwaPsSw/Release/dwaPsSw.elf' is downloaded to processor 'ps7_cortexa9_0'.
19:56:38 INFO  : 'configparams force-mem-access 0' command is executed.
19:56:38 INFO  : ----------------XSDB Script----------------
connect -url tcp:127.0.0.1:3121
targets -set -nocase -filter {name =~"APU*"}
rst -system
after 3000
targets -set -nocase -filter {name =~"APU*"}
loadhw -hw /home/nate/projects/duneWireTension/ElectricalMethod/firmware/source/dwa_ps/vittis/dwaPsHw/export/dwaPsHw/hw/dwa_ps_bd_wrapper.xsa -mem-ranges [list {0x40000000 0xbfffffff}] -regs
configparams force-mem-access 1
targets -set -nocase -filter {name =~"APU*"}
source /home/nate/projects/duneWireTension/ElectricalMethod/firmware/source/dwa_ps/vittis/dwaPsSw/_ide/psinit/ps7_init.tcl
ps7_init
ps7_post_config
targets -set -nocase -filter {name =~ "*A9*#0"}
dow /home/nate/projects/duneWireTension/ElectricalMethod/firmware/source/dwa_ps/vittis/dwaPsSw/Release/dwaPsSw.elf
configparams force-mem-access 0
----------------End of Script----------------

19:56:38 INFO  : Context for processor 'ps7_cortexa9_0' is selected.
19:56:38 INFO  : 'con' command is executed.
19:56:38 INFO  : ----------------XSDB Script (After Launch)----------------
targets -set -nocase -filter {name =~ "*A9*#0"}
con
----------------End of Script----------------

19:56:38 INFO  : Launch script is exported to file '/home/nate/projects/duneWireTension/ElectricalMethod/firmware/source/dwa_ps/vittis/dwaPsSw_system/_ide/scripts/systemdebugger_dwapssw_system_standalone.tcl'
19:56:57 INFO  : Connected to target on host '127.0.0.1' and port '3121'.
19:56:57 INFO  : 'targets -set -filter {jtag_cable_name =~ "Digilent JTAG-HS2 210249A0D0C2" && level==0 && jtag_device_ctx=="jsn-JTAG-HS2-210249A0D0C2-23727093-0"}' command is executed.
19:57:01 INFO  : Device configured successfully with "/home/nate/projects/duneWireTension/ElectricalMethod/firmware/vivadoProjects/dwa_ps_pl_top/dwa_ps_pl_top_20210519_191159_-0.011ns.bit"
