#
# An unexpected error has occurred (11)
#
Stack:
/home/nate/opt/Xilinx/Vivado/2018.3/tps/lnx64/jre9.0.4/lib//server/libjvm.so(+0xb6aadb) [0x7f1d50f66adb]
/home/nate/opt/Xilinx/Vivado/2018.3/tps/lnx64/jre9.0.4/lib//server/libjvm.so(JVM_handle_linux_signal+0xbb) [0x7f1d50f6be1b]
/home/nate/opt/Xilinx/Vivado/2018.3/tps/lnx64/jre9.0.4/lib//server/libjvm.so(+0xb647b8) [0x7f1d50f607b8]
/lib64/libc.so.6(+0x36280) [0x7f1da41a8280]
/home/nate/opt/Xilinx/Vivado/2018.3/lib/lnx64.o/librdi_synth.so(LOptAbc::optimize(NRealMod, bool, bool, bool, TTime, TTime&, bool&, int&, int&)+0xa9) [0x7f1d64a1f739]
/home/nate/opt/Xilinx/Vivado/2018.3/lib/lnx64.o/librdi_synth.so(NDes::optimizeLogic(bool, bool, bool, bool, TTime&, bool&)+0x2c1) [0x7f1d64a28251]
/home/nate/opt/Xilinx/Vivado/2018.3/lib/lnx64.o/librdi_synth.so(Optimize1::optimize(OptActions, NEqPinArray)+0x876) [0x7f1d64a2ff46]
/home/nate/opt/Xilinx/Vivado/2018.3/lib/lnx64.o/librdi_synth.so(Optimize1::Optimize1(NDes, bool, bool, bool, bool, OptActions, NEqPinArray)+0xaf) [0x7f1d64a318ef]
/home/nate/opt/Xilinx/Vivado/2018.3/lib/lnx64.o/librdi_synth.so(Optimize2::areaOpt(bool, bool, bool, bool)+0x3f) [0x7f1d64a3718f]
/home/nate/opt/Xilinx/Vivado/2018.3/lib/lnx64.o/librdi_synth.so(Optimize2::Optimize2(NDes, bool, bool, bool, bool, bool, float, TTime, bool, bool)+0x96b) [0x7f1d64a5b04b]
/home/nate/opt/Xilinx/Vivado/2018.3/lib/lnx64.o/librdi_synth.so(NDes::optimize(bool, bool, bool, bool, bool, float, TTime, bool, bool)+0x14a) [0x7f1d64a298ba]
/home/nate/opt/Xilinx/Vivado/2018.3/lib/lnx64.o/librdi_synth.so(+0xdd1ec6) [0x7f1d63e95ec6]
/home/nate/opt/Xilinx/Vivado/2018.3/lib/lnx64.o/librdi_synth.so(+0xc8900d) [0x7f1d63d4d00d]
/home/nate/opt/Xilinx/Vivado/2018.3/lib/lnx64.o/libtcl8.5.so(+0x334af) [0x7f1d9f6d04af]
/home/nate/opt/Xilinx/Vivado/2018.3/lib/lnx64.o/libtcl8.5.so(+0x76875) [0x7f1d9f713875]
/home/nate/opt/Xilinx/Vivado/2018.3/lib/lnx64.o/libtcl8.5.so(TclObjInterpProcCore+0x420) [0x7f1d9f754df0]
/home/nate/opt/Xilinx/Vivado/2018.3/lib/lnx64.o/libtcl8.5.so(+0x334af) [0x7f1d9f6d04af]
/home/nate/opt/Xilinx/Vivado/2018.3/lib/lnx64.o/libtcl8.5.so(+0x34b38) [0x7f1d9f6d1b38]
/home/nate/opt/Xilinx/Vivado/2018.3/lib/lnx64.o/libtcl8.5.so(Tcl_EvalEx+0x13) [0x7f1d9f6d20a3]
/home/nate/opt/Xilinx/Vivado/2018.3/lib/lnx64.o/libtcl8.5.so(TclEvalObjEx+0x1e0) [0x7f1d9f6d22c0]
/home/nate/opt/Xilinx/Vivado/2018.3/lib/lnx64.o/libtcl8.5.so(+0x3b375) [0x7f1d9f6d8375]
/home/nate/opt/Xilinx/Vivado/2018.3/lib/lnx64.o/libtcl8.5.so(+0x334af) [0x7f1d9f6d04af]
/home/nate/opt/Xilinx/Vivado/2018.3/lib/lnx64.o/libtcl8.5.so(+0x76875) [0x7f1d9f713875]
/home/nate/opt/Xilinx/Vivado/2018.3/lib/lnx64.o/libtcl8.5.so(+0x7e029) [0x7f1d9f71b029]
/home/nate/opt/Xilinx/Vivado/2018.3/lib/lnx64.o/libtcl8.5.so(TclEvalObjEx+0x76) [0x7f1d9f6d2156]
/home/nate/opt/Xilinx/Vivado/2018.3/lib/lnx64.o/librdi_commontasks.so(+0x1d9887) [0x7f1d94247887]
/home/nate/opt/Xilinx/Vivado/2018.3/lib/lnx64.o/libtcl8.5.so(+0x334af) [0x7f1d9f6d04af]
/home/nate/opt/Xilinx/Vivado/2018.3/lib/lnx64.o/libtcl8.5.so(+0x76875) [0x7f1d9f713875]
/home/nate/opt/Xilinx/Vivado/2018.3/lib/lnx64.o/libtcl8.5.so(TclObjInterpProcCore+0x420) [0x7f1d9f754df0]
/home/nate/opt/Xilinx/Vivado/2018.3/lib/lnx64.o/libtcl8.5.so(+0x334af) [0x7f1d9f6d04af]
/home/nate/opt/Xilinx/Vivado/2018.3/lib/lnx64.o/libtcl8.5.so(+0x76875) [0x7f1d9f713875]
/home/nate/opt/Xilinx/Vivado/2018.3/lib/lnx64.o/libtcl8.5.so(TclObjInterpProcCore+0x420) [0x7f1d9f754df0]
/home/nate/opt/Xilinx/Vivado/2018.3/lib/lnx64.o/libtcl8.5.so(+0x334af) [0x7f1d9f6d04af]
/home/nate/opt/Xilinx/Vivado/2018.3/lib/lnx64.o/libtcl8.5.so(+0x76875) [0x7f1d9f713875]
/home/nate/opt/Xilinx/Vivado/2018.3/lib/lnx64.o/libtcl8.5.so(TclObjInterpProcCore+0x420) [0x7f1d9f754df0]
/home/nate/opt/Xilinx/Vivado/2018.3/lib/lnx64.o/libtcl8.5.so(+0x334af) [0x7f1d9f6d04af]
/home/nate/opt/Xilinx/Vivado/2018.3/lib/lnx64.o/libtcl8.5.so(+0x76875) [0x7f1d9f713875]
/home/nate/opt/Xilinx/Vivado/2018.3/lib/lnx64.o/libtcl8.5.so(+0x7e029) [0x7f1d9f71b029]
/home/nate/opt/Xilinx/Vivado/2018.3/lib/lnx64.o/libtcl8.5.so(TclEvalObjEx+0x76) [0x7f1d9f6d2156]
/home/nate/opt/Xilinx/Vivado/2018.3/lib/lnx64.o/librdi_common.so(hdi::tcltasks::task_manager::eval_in_tcl(Tcl_Interp*, Tcl_Obj*, char const*, bool)+0xab9) [0x7f1da54d1189]
/home/nate/opt/Xilinx/Vivado/2018.3/lib/lnx64.o/librdi_common.so(hdi::tcltasks::task_manager::eval_in_tcl(Tcl_Interp*, char const*, char const*, bool)+0x12a) [0x7f1da54d1b8a]
/home/nate/opt/Xilinx/Vivado/2018.3/lib/lnx64.o/librdi_synth.so(HARTNDb::processGenomesSequentially(bool, char const*, char const*)+0x50) [0x7f1d63cd7b20]
/home/nate/opt/Xilinx/Vivado/2018.3/lib/lnx64.o/librdi_synth.so(+0xd9a718) [0x7f1d63e5e718]
/home/nate/opt/Xilinx/Vivado/2018.3/lib/lnx64.o/librdi_synth.so(+0xc8900d) [0x7f1d63d4d00d]
/home/nate/opt/Xilinx/Vivado/2018.3/lib/lnx64.o/libtcl8.5.so(+0x334af) [0x7f1d9f6d04af]
/home/nate/opt/Xilinx/Vivado/2018.3/lib/lnx64.o/libtcl8.5.so(+0x34b38) [0x7f1d9f6d1b38]
/home/nate/opt/Xilinx/Vivado/2018.3/lib/lnx64.o/libtcl8.5.so(Tcl_EvalEx+0x13) [0x7f1d9f6d20a3]
/home/nate/opt/Xilinx/Vivado/2018.3/lib/lnx64.o/libtcl8.5.so(TclEvalObjEx+0x1e0) [0x7f1d9f6d22c0]
/home/nate/opt/Xilinx/Vivado/2018.3/lib/lnx64.o/libtcl8.5.so(+0x3b375) [0x7f1d9f6d8375]
/home/nate/opt/Xilinx/Vivado/2018.3/lib/lnx64.o/libtcl8.5.so(+0x334af) [0x7f1d9f6d04af]
/home/nate/opt/Xilinx/Vivado/2018.3/lib/lnx64.o/libtcl8.5.so(+0x76875) [0x7f1d9f713875]
/home/nate/opt/Xilinx/Vivado/2018.3/lib/lnx64.o/libtcl8.5.so(+0x7e029) [0x7f1d9f71b029]
/home/nate/opt/Xilinx/Vivado/2018.3/lib/lnx64.o/libtcl8.5.so(TclEvalObjEx+0x76) [0x7f1d9f6d2156]
/home/nate/opt/Xilinx/Vivado/2018.3/lib/lnx64.o/librdi_commontasks.so(+0x1d9887) [0x7f1d94247887]
/home/nate/opt/Xilinx/Vivado/2018.3/lib/lnx64.o/libtcl8.5.so(+0x334af) [0x7f1d9f6d04af]
/home/nate/opt/Xilinx/Vivado/2018.3/lib/lnx64.o/libtcl8.5.so(+0x76875) [0x7f1d9f713875]
/home/nate/opt/Xilinx/Vivado/2018.3/lib/lnx64.o/libtcl8.5.so(TclObjInterpProcCore+0x420) [0x7f1d9f754df0]
/home/nate/opt/Xilinx/Vivado/2018.3/lib/lnx64.o/libtcl8.5.so(+0x334af) [0x7f1d9f6d04af]
/home/nate/opt/Xilinx/Vivado/2018.3/lib/lnx64.o/libtcl8.5.so(+0x76875) [0x7f1d9f713875]
/home/nate/opt/Xilinx/Vivado/2018.3/lib/lnx64.o/libtcl8.5.so(TclObjInterpProcCore+0x420) [0x7f1d9f754df0]
/home/nate/opt/Xilinx/Vivado/2018.3/lib/lnx64.o/libtcl8.5.so(+0x334af) [0x7f1d9f6d04af]
/home/nate/opt/Xilinx/Vivado/2018.3/lib/lnx64.o/libtcl8.5.so(+0x76875) [0x7f1d9f713875]
/home/nate/opt/Xilinx/Vivado/2018.3/lib/lnx64.o/libtcl8.5.so(+0x7e029) [0x7f1d9f71b029]
/home/nate/opt/Xilinx/Vivado/2018.3/lib/lnx64.o/libtcl8.5.so(TclEvalObjEx+0x76) [0x7f1d9f6d2156]
/home/nate/opt/Xilinx/Vivado/2018.3/lib/lnx64.o/librdi_commontasks.so(+0x1d9887) [0x7f1d94247887]
/home/nate/opt/Xilinx/Vivado/2018.3/lib/lnx64.o/libtcl8.5.so(+0x334af) [0x7f1d9f6d04af]
/home/nate/opt/Xilinx/Vivado/2018.3/lib/lnx64.o/libtcl8.5.so(+0x76875) [0x7f1d9f713875]
/home/nate/opt/Xilinx/Vivado/2018.3/lib/lnx64.o/libtcl8.5.so(Tcl_ExprObj+0xf8) [0x7f1d9f71ac08]
/home/nate/opt/Xilinx/Vivado/2018.3/lib/lnx64.o/libtcl8.5.so(Tcl_ExprBooleanObj+0x16) [0x7f1d9f6d0e96]
/home/nate/opt/Xilinx/Vivado/2018.3/lib/lnx64.o/libtcl8.5.so(+0x3e6de) [0x7f1d9f6db6de]
/home/nate/opt/Xilinx/Vivado/2018.3/lib/lnx64.o/libtcl8.5.so(+0x334af) [0x7f1d9f6d04af]
/home/nate/opt/Xilinx/Vivado/2018.3/lib/lnx64.o/libtcl8.5.so(+0x34b38) [0x7f1d9f6d1b38]
/home/nate/opt/Xilinx/Vivado/2018.3/lib/lnx64.o/libtcl8.5.so(Tcl_EvalEx+0x13) [0x7f1d9f6d20a3]
/home/nate/opt/Xilinx/Vivado/2018.3/lib/lnx64.o/libtcl8.5.so(Tcl_FSEvalFileEx+0x1da) [0x7f1d9f736c5a]
/home/nate/opt/Xilinx/Vivado/2018.3/lib/lnx64.o/librdi_commontasks.so(+0x1f6abd) [0x7f1d94264abd]
/home/nate/opt/Xilinx/Vivado/2018.3/lib/lnx64.o/librdi_common.so(+0x7ef352) [0x7f1da54cf352]
/home/nate/opt/Xilinx/Vivado/2018.3/lib/lnx64.o/libtcl8.5.so(+0x334af) [0x7f1d9f6d04af]
/home/nate/opt/Xilinx/Vivado/2018.3/lib/lnx64.o/libtcl8.5.so(+0x76875) [0x7f1d9f713875]
/home/nate/opt/Xilinx/Vivado/2018.3/lib/lnx64.o/libtcl8.5.so(+0x7e029) [0x7f1d9f71b029]
/home/nate/opt/Xilinx/Vivado/2018.3/lib/lnx64.o/libtcl8.5.so(TclEvalObjEx+0x76) [0x7f1d9f6d2156]
/home/nate/opt/Xilinx/Vivado/2018.3/lib/lnx64.o/libtcl8.5.so(+0xb7557) [0x7f1d9f754557]
/home/nate/opt/Xilinx/Vivado/2018.3/lib/lnx64.o/libtcl8.5.so(+0x334af) [0x7f1d9f6d04af]
/home/nate/opt/Xilinx/Vivado/2018.3/lib/lnx64.o/libtcl8.5.so(+0x76875) [0x7f1d9f713875]
/home/nate/opt/Xilinx/Vivado/2018.3/lib/lnx64.o/libtcl8.5.so(+0x7e029) [0x7f1d9f71b029]
/home/nate/opt/Xilinx/Vivado/2018.3/lib/lnx64.o/libtcl8.5.so(TclEvalObjEx+0x76) [0x7f1d9f6d2156]
/home/nate/opt/Xilinx/Vivado/2018.3/lib/lnx64.o/librdi_commontasks.so(+0x1d9924) [0x7f1d94247924]
/home/nate/opt/Xilinx/Vivado/2018.3/lib/lnx64.o/libtcl8.5.so(+0x334af) [0x7f1d9f6d04af]
/home/nate/opt/Xilinx/Vivado/2018.3/lib/lnx64.o/libtcl8.5.so(+0x34b38) [0x7f1d9f6d1b38]
/home/nate/opt/Xilinx/Vivado/2018.3/lib/lnx64.o/libtcl8.5.so(+0xad486) [0x7f1d9f74a486]
/home/nate/opt/Xilinx/Vivado/2018.3/lib/lnx64.o/libtcl8.5.so(+0x346c5) [0x7f1d9f6d16c5]
/home/nate/opt/Xilinx/Vivado/2018.3/lib/lnx64.o/libtcl8.5.so(Tcl_EvalEx+0x13) [0x7f1d9f6d20a3]
/home/nate/opt/Xilinx/Vivado/2018.3/lib/lnx64.o/libtcl8.5.so(Tcl_FSEvalFileEx+0x1da) [0x7f1d9f736c5a]
/home/nate/opt/Xilinx/Vivado/2018.3/lib/lnx64.o/librdi_commontasks.so(+0x1f6abd) [0x7f1d94264abd]
/home/nate/opt/Xilinx/Vivado/2018.3/lib/lnx64.o/librdi_common.so(+0x7ef352) [0x7f1da54cf352]
/home/nate/opt/Xilinx/Vivado/2018.3/lib/lnx64.o/libtcl8.5.so(+0x334af) [0x7f1d9f6d04af]
/home/nate/opt/Xilinx/Vivado/2018.3/lib/lnx64.o/libtcl8.5.so(Tcl_EvalObjv+0x32) [0x7f1d9f6d05e2]
/home/nate/opt/Xilinx/Vivado/2018.3/lib/lnx64.o/libtcl8.5.so(TclEvalObjEx+0x322) [0x7f1d9f6d2402]
/home/nate/opt/Xilinx/Vivado/2018.3/lib/lnx64.o/librdi_common.so(hdi::tcltasks::task_manager::eval_in_tcl(Tcl_Interp*, Tcl_Obj*, char const*, bool)+0xab9) [0x7f1da54d1189]
/home/nate/opt/Xilinx/Vivado/2018.3/lib/lnx64.o/librdi_designutils.so(HRTInvoker::inProcessLaunch(HDGUIStatus&)+0x457) [0x7f1d87bf3f57]
/home/nate/opt/Xilinx/Vivado/2018.3/lib/lnx64.o/librdi_designutils.so(HRTInvoker::launch(HDGUIStatus&)+0x535) [0x7f1d87bf4c45]
/home/nate/opt/Xilinx/Vivado/2018.3/lib/lnx64.o/librdi_vivadotasks.so(+0x468daf) [0x7f1d5cdf9daf]
/home/nate/opt/Xilinx/Vivado/2018.3/lib/lnx64.o/librdi_vivadotasks.so(+0x472605) [0x7f1d5ce03605]
/home/nate/opt/Xilinx/Vivado/2018.3/lib/lnx64.o/librdi_common.so(+0x7ef352) [0x7f1da54cf352]
/home/nate/opt/Xilinx/Vivado/2018.3/lib/lnx64.o/libtcl8.5.so(+0x334af) [0x7f1d9f6d04af]
/home/nate/opt/Xilinx/Vivado/2018.3/lib/lnx64.o/libtcl8.5.so(+0x34b38) [0x7f1d9f6d1b38]
/home/nate/opt/Xilinx/Vivado/2018.3/lib/lnx64.o/libtcl8.5.so(Tcl_EvalEx+0x13) [0x7f1d9f6d20a3]
/home/nate/opt/Xilinx/Vivado/2018.3/lib/lnx64.o/libtcl8.5.so(TclEvalObjEx+0x1e0) [0x7f1d9f6d22c0]
/home/nate/opt/Xilinx/Vivado/2018.3/lib/lnx64.o/libtcl8.5.so(+0x3b375) [0x7f1d9f6d8375]
/home/nate/opt/Xilinx/Vivado/2018.3/lib/lnx64.o/libtcl8.5.so(+0x334af) [0x7f1d9f6d04af]
/home/nate/opt/Xilinx/Vivado/2018.3/lib/lnx64.o/libtcl8.5.so(+0x76875) [0x7f1d9f713875]
/home/nate/opt/Xilinx/Vivado/2018.3/lib/lnx64.o/libtcl8.5.so(TclObjInterpProcCore+0x420) [0x7f1d9f754df0]
/home/nate/opt/Xilinx/Vivado/2018.3/lib/lnx64.o/libtcl8.5.so(+0x334af) [0x7f1d9f6d04af]
/home/nate/opt/Xilinx/Vivado/2018.3/lib/lnx64.o/libtcl8.5.so(+0x76875) [0x7f1d9f713875]
/home/nate/opt/Xilinx/Vivado/2018.3/lib/lnx64.o/libtcl8.5.so(TclObjInterpProcCore+0x420) [0x7f1d9f754df0]
/home/nate/opt/Xilinx/Vivado/2018.3/lib/lnx64.o/libtcl8.5.so(+0x334af) [0x7f1d9f6d04af]
/home/nate/opt/Xilinx/Vivado/2018.3/lib/lnx64.o/libtcl8.5.so(+0x76875) [0x7f1d9f713875]
/home/nate/opt/Xilinx/Vivado/2018.3/lib/lnx64.o/libtcl8.5.so(+0x7e029) [0x7f1d9f71b029]
/home/nate/opt/Xilinx/Vivado/2018.3/lib/lnx64.o/libtcl8.5.so(TclEvalObjEx+0x76) [0x7f1d9f6d2156]
/home/nate/opt/Xilinx/Vivado/2018.3/lib/lnx64.o/libtcl8.5.so(Tcl_RecordAndEvalObj+0x143) [0x7f1d9f720b03]
/home/nate/opt/Xilinx/Vivado/2018.3/lib/lnx64.o/librdi_commontasks.so(+0x265059) [0x7f1d942d3059]
/home/nate/opt/Xilinx/Vivado/2018.3/lib/lnx64.o/libtcl8.5.so(Tcl_Main+0x620) [0x7f1d9f73d660]
/home/nate/opt/Xilinx/Vivado/2018.3/lib/lnx64.o/librdi_common.so(+0x83363b) [0x7f1da551363b]
/lib64/libpthread.so.0(+0x7dd5) [0x7f1da3f5ddd5]
/lib64/libc.so.6(clone+0x6d) [0x7f1da426fead]
