#
# An unexpected error has occurred (11)
#
Stack:
/lib64/libc.so.6(+0x36280) [0x7fe70596c280]
/home/nate/opt/Xilinx/Vivado/2018.3/lib/lnx64.o/librdi_synth.so(LOptAbc::optimize(NRealMod, bool, bool, bool, TTime, TTime&, bool&, int&, int&)+0xa9) [0x7fe6c61e3739]
/home/nate/opt/Xilinx/Vivado/2018.3/lib/lnx64.o/librdi_synth.so(NDes::optimizeLogic(bool, bool, bool, bool, TTime&, bool&)+0x2c1) [0x7fe6c61ec251]
/home/nate/opt/Xilinx/Vivado/2018.3/lib/lnx64.o/librdi_synth.so(Optimize1::optimize(OptActions, NEqPinArray)+0x876) [0x7fe6c61f3f46]
/home/nate/opt/Xilinx/Vivado/2018.3/lib/lnx64.o/librdi_synth.so(Optimize1::Optimize1(NDes, bool, bool, bool, bool, OptActions, NEqPinArray)+0xaf) [0x7fe6c61f58ef]
/home/nate/opt/Xilinx/Vivado/2018.3/lib/lnx64.o/librdi_synth.so(Optimize2::areaOpt(bool, bool, bool, bool)+0x3f) [0x7fe6c61fb18f]
/home/nate/opt/Xilinx/Vivado/2018.3/lib/lnx64.o/librdi_synth.so(Optimize2::Optimize2(NDes, bool, bool, bool, bool, bool, float, TTime, bool, bool)+0x96b) [0x7fe6c621f04b]
/home/nate/opt/Xilinx/Vivado/2018.3/lib/lnx64.o/librdi_synth.so(NDes::optimize(bool, bool, bool, bool, bool, float, TTime, bool, bool)+0x14a) [0x7fe6c61ed8ba]
/home/nate/opt/Xilinx/Vivado/2018.3/lib/lnx64.o/librdi_synth.so(+0xdd1ec6) [0x7fe6c5659ec6]
/home/nate/opt/Xilinx/Vivado/2018.3/lib/lnx64.o/librdi_synth.so(+0xc8900d) [0x7fe6c551100d]
/home/nate/opt/Xilinx/Vivado/2018.3/lib/lnx64.o/libtcl8.5.so(+0x334af) [0x7fe700e944af]
/home/nate/opt/Xilinx/Vivado/2018.3/lib/lnx64.o/libtcl8.5.so(+0x76875) [0x7fe700ed7875]
/home/nate/opt/Xilinx/Vivado/2018.3/lib/lnx64.o/libtcl8.5.so(TclObjInterpProcCore+0x420) [0x7fe700f18df0]
/home/nate/opt/Xilinx/Vivado/2018.3/lib/lnx64.o/libtcl8.5.so(+0x334af) [0x7fe700e944af]
/home/nate/opt/Xilinx/Vivado/2018.3/lib/lnx64.o/libtcl8.5.so(+0x34b38) [0x7fe700e95b38]
/home/nate/opt/Xilinx/Vivado/2018.3/lib/lnx64.o/libtcl8.5.so(Tcl_EvalEx+0x13) [0x7fe700e960a3]
/home/nate/opt/Xilinx/Vivado/2018.3/lib/lnx64.o/libtcl8.5.so(TclEvalObjEx+0x1e0) [0x7fe700e962c0]
/home/nate/opt/Xilinx/Vivado/2018.3/lib/lnx64.o/libtcl8.5.so(+0x3b375) [0x7fe700e9c375]
/home/nate/opt/Xilinx/Vivado/2018.3/lib/lnx64.o/libtcl8.5.so(+0x334af) [0x7fe700e944af]
/home/nate/opt/Xilinx/Vivado/2018.3/lib/lnx64.o/libtcl8.5.so(+0x76875) [0x7fe700ed7875]
/home/nate/opt/Xilinx/Vivado/2018.3/lib/lnx64.o/libtcl8.5.so(+0x7e029) [0x7fe700edf029]
/home/nate/opt/Xilinx/Vivado/2018.3/lib/lnx64.o/libtcl8.5.so(TclEvalObjEx+0x76) [0x7fe700e96156]
/home/nate/opt/Xilinx/Vivado/2018.3/lib/lnx64.o/librdi_commontasks.so(+0x1d9887) [0x7fe6f5a0b887]
/home/nate/opt/Xilinx/Vivado/2018.3/lib/lnx64.o/libtcl8.5.so(+0x334af) [0x7fe700e944af]
/home/nate/opt/Xilinx/Vivado/2018.3/lib/lnx64.o/libtcl8.5.so(+0x76875) [0x7fe700ed7875]
/home/nate/opt/Xilinx/Vivado/2018.3/lib/lnx64.o/libtcl8.5.so(TclObjInterpProcCore+0x420) [0x7fe700f18df0]
/home/nate/opt/Xilinx/Vivado/2018.3/lib/lnx64.o/libtcl8.5.so(+0x334af) [0x7fe700e944af]
/home/nate/opt/Xilinx/Vivado/2018.3/lib/lnx64.o/libtcl8.5.so(+0x76875) [0x7fe700ed7875]
/home/nate/opt/Xilinx/Vivado/2018.3/lib/lnx64.o/libtcl8.5.so(TclObjInterpProcCore+0x420) [0x7fe700f18df0]
/home/nate/opt/Xilinx/Vivado/2018.3/lib/lnx64.o/libtcl8.5.so(+0x334af) [0x7fe700e944af]
/home/nate/opt/Xilinx/Vivado/2018.3/lib/lnx64.o/libtcl8.5.so(+0x76875) [0x7fe700ed7875]
/home/nate/opt/Xilinx/Vivado/2018.3/lib/lnx64.o/libtcl8.5.so(TclObjInterpProcCore+0x420) [0x7fe700f18df0]
/home/nate/opt/Xilinx/Vivado/2018.3/lib/lnx64.o/libtcl8.5.so(+0x334af) [0x7fe700e944af]
/home/nate/opt/Xilinx/Vivado/2018.3/lib/lnx64.o/libtcl8.5.so(+0x76875) [0x7fe700ed7875]
/home/nate/opt/Xilinx/Vivado/2018.3/lib/lnx64.o/libtcl8.5.so(+0x7e029) [0x7fe700edf029]
/home/nate/opt/Xilinx/Vivado/2018.3/lib/lnx64.o/libtcl8.5.so(TclEvalObjEx+0x76) [0x7fe700e96156]
/home/nate/opt/Xilinx/Vivado/2018.3/lib/lnx64.o/librdi_common.so(hdi::tcltasks::task_manager::eval_in_tcl(Tcl_Interp*, Tcl_Obj*, char const*, bool)+0xab9) [0x7fe706c95189]
/home/nate/opt/Xilinx/Vivado/2018.3/lib/lnx64.o/librdi_common.so(hdi::tcltasks::task_manager::eval_in_tcl(Tcl_Interp*, char const*, char const*, bool)+0x12a) [0x7fe706c95b8a]
/home/nate/opt/Xilinx/Vivado/2018.3/lib/lnx64.o/librdi_synth.so(HARTNDb::processGenomesSequentially(bool, char const*, char const*)+0x50) [0x7fe6c549bb20]
/home/nate/opt/Xilinx/Vivado/2018.3/lib/lnx64.o/librdi_synth.so(+0xd9a718) [0x7fe6c5622718]
/home/nate/opt/Xilinx/Vivado/2018.3/lib/lnx64.o/librdi_synth.so(+0xc8900d) [0x7fe6c551100d]
/home/nate/opt/Xilinx/Vivado/2018.3/lib/lnx64.o/libtcl8.5.so(+0x334af) [0x7fe700e944af]
/home/nate/opt/Xilinx/Vivado/2018.3/lib/lnx64.o/libtcl8.5.so(+0x34b38) [0x7fe700e95b38]
/home/nate/opt/Xilinx/Vivado/2018.3/lib/lnx64.o/libtcl8.5.so(Tcl_EvalEx+0x13) [0x7fe700e960a3]
/home/nate/opt/Xilinx/Vivado/2018.3/lib/lnx64.o/libtcl8.5.so(TclEvalObjEx+0x1e0) [0x7fe700e962c0]
/home/nate/opt/Xilinx/Vivado/2018.3/lib/lnx64.o/libtcl8.5.so(+0x3b375) [0x7fe700e9c375]
/home/nate/opt/Xilinx/Vivado/2018.3/lib/lnx64.o/libtcl8.5.so(+0x334af) [0x7fe700e944af]
/home/nate/opt/Xilinx/Vivado/2018.3/lib/lnx64.o/libtcl8.5.so(+0x76875) [0x7fe700ed7875]
/home/nate/opt/Xilinx/Vivado/2018.3/lib/lnx64.o/libtcl8.5.so(+0x7e029) [0x7fe700edf029]
/home/nate/opt/Xilinx/Vivado/2018.3/lib/lnx64.o/libtcl8.5.so(TclEvalObjEx+0x76) [0x7fe700e96156]
/home/nate/opt/Xilinx/Vivado/2018.3/lib/lnx64.o/librdi_commontasks.so(+0x1d9887) [0x7fe6f5a0b887]
/home/nate/opt/Xilinx/Vivado/2018.3/lib/lnx64.o/libtcl8.5.so(+0x334af) [0x7fe700e944af]
/home/nate/opt/Xilinx/Vivado/2018.3/lib/lnx64.o/libtcl8.5.so(+0x76875) [0x7fe700ed7875]
/home/nate/opt/Xilinx/Vivado/2018.3/lib/lnx64.o/libtcl8.5.so(TclObjInterpProcCore+0x420) [0x7fe700f18df0]
/home/nate/opt/Xilinx/Vivado/2018.3/lib/lnx64.o/libtcl8.5.so(+0x334af) [0x7fe700e944af]
/home/nate/opt/Xilinx/Vivado/2018.3/lib/lnx64.o/libtcl8.5.so(+0x76875) [0x7fe700ed7875]
/home/nate/opt/Xilinx/Vivado/2018.3/lib/lnx64.o/libtcl8.5.so(TclObjInterpProcCore+0x420) [0x7fe700f18df0]
/home/nate/opt/Xilinx/Vivado/2018.3/lib/lnx64.o/libtcl8.5.so(+0x334af) [0x7fe700e944af]
/home/nate/opt/Xilinx/Vivado/2018.3/lib/lnx64.o/libtcl8.5.so(+0x76875) [0x7fe700ed7875]
/home/nate/opt/Xilinx/Vivado/2018.3/lib/lnx64.o/libtcl8.5.so(+0x7e029) [0x7fe700edf029]
/home/nate/opt/Xilinx/Vivado/2018.3/lib/lnx64.o/libtcl8.5.so(TclEvalObjEx+0x76) [0x7fe700e96156]
/home/nate/opt/Xilinx/Vivado/2018.3/lib/lnx64.o/librdi_commontasks.so(+0x1d9887) [0x7fe6f5a0b887]
/home/nate/opt/Xilinx/Vivado/2018.3/lib/lnx64.o/libtcl8.5.so(+0x334af) [0x7fe700e944af]
/home/nate/opt/Xilinx/Vivado/2018.3/lib/lnx64.o/libtcl8.5.so(+0x76875) [0x7fe700ed7875]
/home/nate/opt/Xilinx/Vivado/2018.3/lib/lnx64.o/libtcl8.5.so(Tcl_ExprObj+0xf8) [0x7fe700edec08]
/home/nate/opt/Xilinx/Vivado/2018.3/lib/lnx64.o/libtcl8.5.so(Tcl_ExprBooleanObj+0x16) [0x7fe700e94e96]
/home/nate/opt/Xilinx/Vivado/2018.3/lib/lnx64.o/libtcl8.5.so(+0x3e6de) [0x7fe700e9f6de]
/home/nate/opt/Xilinx/Vivado/2018.3/lib/lnx64.o/libtcl8.5.so(+0x334af) [0x7fe700e944af]
/home/nate/opt/Xilinx/Vivado/2018.3/lib/lnx64.o/libtcl8.5.so(+0x34b38) [0x7fe700e95b38]
/home/nate/opt/Xilinx/Vivado/2018.3/lib/lnx64.o/libtcl8.5.so(Tcl_EvalEx+0x13) [0x7fe700e960a3]
/home/nate/opt/Xilinx/Vivado/2018.3/lib/lnx64.o/libtcl8.5.so(Tcl_FSEvalFileEx+0x1da) [0x7fe700efac5a]
/home/nate/opt/Xilinx/Vivado/2018.3/lib/lnx64.o/librdi_commontasks.so(+0x1f6abd) [0x7fe6f5a28abd]
/home/nate/opt/Xilinx/Vivado/2018.3/lib/lnx64.o/librdi_common.so(+0x7ef352) [0x7fe706c93352]
/home/nate/opt/Xilinx/Vivado/2018.3/lib/lnx64.o/libtcl8.5.so(+0x334af) [0x7fe700e944af]
/home/nate/opt/Xilinx/Vivado/2018.3/lib/lnx64.o/libtcl8.5.so(+0x76875) [0x7fe700ed7875]
/home/nate/opt/Xilinx/Vivado/2018.3/lib/lnx64.o/libtcl8.5.so(+0x7e029) [0x7fe700edf029]
/home/nate/opt/Xilinx/Vivado/2018.3/lib/lnx64.o/libtcl8.5.so(TclEvalObjEx+0x76) [0x7fe700e96156]
/home/nate/opt/Xilinx/Vivado/2018.3/lib/lnx64.o/libtcl8.5.so(+0xb7557) [0x7fe700f18557]
/home/nate/opt/Xilinx/Vivado/2018.3/lib/lnx64.o/libtcl8.5.so(+0x334af) [0x7fe700e944af]
/home/nate/opt/Xilinx/Vivado/2018.3/lib/lnx64.o/libtcl8.5.so(+0x76875) [0x7fe700ed7875]
/home/nate/opt/Xilinx/Vivado/2018.3/lib/lnx64.o/libtcl8.5.so(+0x7e029) [0x7fe700edf029]
/home/nate/opt/Xilinx/Vivado/2018.3/lib/lnx64.o/libtcl8.5.so(TclEvalObjEx+0x76) [0x7fe700e96156]
/home/nate/opt/Xilinx/Vivado/2018.3/lib/lnx64.o/librdi_commontasks.so(+0x1d9924) [0x7fe6f5a0b924]
/home/nate/opt/Xilinx/Vivado/2018.3/lib/lnx64.o/libtcl8.5.so(+0x334af) [0x7fe700e944af]
/home/nate/opt/Xilinx/Vivado/2018.3/lib/lnx64.o/libtcl8.5.so(+0x34b38) [0x7fe700e95b38]
/home/nate/opt/Xilinx/Vivado/2018.3/lib/lnx64.o/libtcl8.5.so(+0xad486) [0x7fe700f0e486]
/home/nate/opt/Xilinx/Vivado/2018.3/lib/lnx64.o/libtcl8.5.so(+0x346c5) [0x7fe700e956c5]
/home/nate/opt/Xilinx/Vivado/2018.3/lib/lnx64.o/libtcl8.5.so(Tcl_EvalEx+0x13) [0x7fe700e960a3]
/home/nate/opt/Xilinx/Vivado/2018.3/lib/lnx64.o/libtcl8.5.so(Tcl_FSEvalFileEx+0x1da) [0x7fe700efac5a]
/home/nate/opt/Xilinx/Vivado/2018.3/lib/lnx64.o/librdi_commontasks.so(+0x1f6abd) [0x7fe6f5a28abd]
/home/nate/opt/Xilinx/Vivado/2018.3/lib/lnx64.o/librdi_common.so(+0x7ef352) [0x7fe706c93352]
/home/nate/opt/Xilinx/Vivado/2018.3/lib/lnx64.o/libtcl8.5.so(+0x334af) [0x7fe700e944af]
/home/nate/opt/Xilinx/Vivado/2018.3/lib/lnx64.o/libtcl8.5.so(Tcl_EvalObjv+0x32) [0x7fe700e945e2]
/home/nate/opt/Xilinx/Vivado/2018.3/lib/lnx64.o/libtcl8.5.so(TclEvalObjEx+0x322) [0x7fe700e96402]
/home/nate/opt/Xilinx/Vivado/2018.3/lib/lnx64.o/librdi_common.so(hdi::tcltasks::task_manager::eval_in_tcl(Tcl_Interp*, Tcl_Obj*, char const*, bool)+0xab9) [0x7fe706c95189]
/home/nate/opt/Xilinx/Vivado/2018.3/lib/lnx64.o/librdi_designutils.so(HRTInvoker::inProcessLaunch(HDGUIStatus&)+0x457) [0x7fe6e93b7f57]
/home/nate/opt/Xilinx/Vivado/2018.3/lib/lnx64.o/librdi_designutils.so(HRTInvoker::launch(HDGUIStatus&)+0x535) [0x7fe6e93b8c45]
/home/nate/opt/Xilinx/Vivado/2018.3/lib/lnx64.o/librdi_vivadotasks.so(+0x468daf) [0x7fe6be5bddaf]
/home/nate/opt/Xilinx/Vivado/2018.3/lib/lnx64.o/librdi_vivadotasks.so(+0x472605) [0x7fe6be5c7605]
/home/nate/opt/Xilinx/Vivado/2018.3/lib/lnx64.o/librdi_common.so(+0x7ef352) [0x7fe706c93352]
/home/nate/opt/Xilinx/Vivado/2018.3/lib/lnx64.o/libtcl8.5.so(+0x334af) [0x7fe700e944af]
/home/nate/opt/Xilinx/Vivado/2018.3/lib/lnx64.o/libtcl8.5.so(+0x34b38) [0x7fe700e95b38]
/home/nate/opt/Xilinx/Vivado/2018.3/lib/lnx64.o/libtcl8.5.so(Tcl_EvalEx+0x13) [0x7fe700e960a3]
/home/nate/opt/Xilinx/Vivado/2018.3/lib/lnx64.o/libtcl8.5.so(TclEvalObjEx+0x1e0) [0x7fe700e962c0]
/home/nate/opt/Xilinx/Vivado/2018.3/lib/lnx64.o/libtcl8.5.so(+0x3b375) [0x7fe700e9c375]
/home/nate/opt/Xilinx/Vivado/2018.3/lib/lnx64.o/libtcl8.5.so(+0x334af) [0x7fe700e944af]
/home/nate/opt/Xilinx/Vivado/2018.3/lib/lnx64.o/libtcl8.5.so(+0x76875) [0x7fe700ed7875]
/home/nate/opt/Xilinx/Vivado/2018.3/lib/lnx64.o/libtcl8.5.so(TclObjInterpProcCore+0x420) [0x7fe700f18df0]
/home/nate/opt/Xilinx/Vivado/2018.3/lib/lnx64.o/libtcl8.5.so(+0x334af) [0x7fe700e944af]
/home/nate/opt/Xilinx/Vivado/2018.3/lib/lnx64.o/libtcl8.5.so(+0x76875) [0x7fe700ed7875]
/home/nate/opt/Xilinx/Vivado/2018.3/lib/lnx64.o/libtcl8.5.so(TclObjInterpProcCore+0x420) [0x7fe700f18df0]
/home/nate/opt/Xilinx/Vivado/2018.3/lib/lnx64.o/libtcl8.5.so(+0x334af) [0x7fe700e944af]
/home/nate/opt/Xilinx/Vivado/2018.3/lib/lnx64.o/libtcl8.5.so(+0x76875) [0x7fe700ed7875]
/home/nate/opt/Xilinx/Vivado/2018.3/lib/lnx64.o/libtcl8.5.so(+0x7e029) [0x7fe700edf029]
/home/nate/opt/Xilinx/Vivado/2018.3/lib/lnx64.o/libtcl8.5.so(TclEvalObjEx+0x76) [0x7fe700e96156]
/home/nate/opt/Xilinx/Vivado/2018.3/lib/lnx64.o/libtcl8.5.so(Tcl_RecordAndEvalObj+0x143) [0x7fe700ee4b03]
/home/nate/opt/Xilinx/Vivado/2018.3/lib/lnx64.o/librdi_commontasks.so(+0x265059) [0x7fe6f5a97059]
/home/nate/opt/Xilinx/Vivado/2018.3/lib/lnx64.o/libtcl8.5.so(Tcl_Main+0x620) [0x7fe700f01660]
/home/nate/opt/Xilinx/Vivado/2018.3/lib/lnx64.o/librdi_common.so(+0x83363b) [0x7fe706cd763b]
/lib64/libpthread.so.0(+0x7dd5) [0x7fe705721dd5]
/lib64/libc.so.6(clone+0x6d) [0x7fe705a33ead]
