#
# An unexpected error has occurred (11)
#
Stack:
/lib64/libc.so.6(+0x36280) [0x7f4dc1c42280]
/home/nate/opt/Xilinx/Vivado/2018.3/lib/lnx64.o/librdi_synth.so(LOptAbc::optimize(NRealMod, bool, bool, bool, TTime, TTime&, bool&, int&, int&)+0xa9) [0x7f4d824b9739]
/home/nate/opt/Xilinx/Vivado/2018.3/lib/lnx64.o/librdi_synth.so(NDes::optimizeLogic(bool, bool, bool, bool, TTime&, bool&)+0x2c1) [0x7f4d824c2251]
/home/nate/opt/Xilinx/Vivado/2018.3/lib/lnx64.o/librdi_synth.so(Optimize1::optimize(OptActions, NEqPinArray)+0x876) [0x7f4d824c9f46]
/home/nate/opt/Xilinx/Vivado/2018.3/lib/lnx64.o/librdi_synth.so(Optimize1::Optimize1(NDes, bool, bool, bool, bool, OptActions, NEqPinArray)+0xaf) [0x7f4d824cb8ef]
/home/nate/opt/Xilinx/Vivado/2018.3/lib/lnx64.o/librdi_synth.so(Optimize2::areaOpt(bool, bool, bool, bool)+0x3f) [0x7f4d824d118f]
/home/nate/opt/Xilinx/Vivado/2018.3/lib/lnx64.o/librdi_synth.so(Optimize2::Optimize2(NDes, bool, bool, bool, bool, bool, float, TTime, bool, bool)+0x96b) [0x7f4d824f504b]
/home/nate/opt/Xilinx/Vivado/2018.3/lib/lnx64.o/librdi_synth.so(NDes::optimize(bool, bool, bool, bool, bool, float, TTime, bool, bool)+0x14a) [0x7f4d824c38ba]
/home/nate/opt/Xilinx/Vivado/2018.3/lib/lnx64.o/librdi_synth.so(+0xdd1ec6) [0x7f4d8192fec6]
/home/nate/opt/Xilinx/Vivado/2018.3/lib/lnx64.o/librdi_synth.so(+0xc8900d) [0x7f4d817e700d]
/home/nate/opt/Xilinx/Vivado/2018.3/lib/lnx64.o/libtcl8.5.so(+0x334af) [0x7f4dbd16a4af]
/home/nate/opt/Xilinx/Vivado/2018.3/lib/lnx64.o/libtcl8.5.so(+0x76875) [0x7f4dbd1ad875]
/home/nate/opt/Xilinx/Vivado/2018.3/lib/lnx64.o/libtcl8.5.so(TclObjInterpProcCore+0x420) [0x7f4dbd1eedf0]
/home/nate/opt/Xilinx/Vivado/2018.3/lib/lnx64.o/libtcl8.5.so(+0x334af) [0x7f4dbd16a4af]
/home/nate/opt/Xilinx/Vivado/2018.3/lib/lnx64.o/libtcl8.5.so(+0x34b38) [0x7f4dbd16bb38]
/home/nate/opt/Xilinx/Vivado/2018.3/lib/lnx64.o/libtcl8.5.so(Tcl_EvalEx+0x13) [0x7f4dbd16c0a3]
/home/nate/opt/Xilinx/Vivado/2018.3/lib/lnx64.o/libtcl8.5.so(TclEvalObjEx+0x1e0) [0x7f4dbd16c2c0]
/home/nate/opt/Xilinx/Vivado/2018.3/lib/lnx64.o/libtcl8.5.so(+0x3b375) [0x7f4dbd172375]
/home/nate/opt/Xilinx/Vivado/2018.3/lib/lnx64.o/libtcl8.5.so(+0x334af) [0x7f4dbd16a4af]
/home/nate/opt/Xilinx/Vivado/2018.3/lib/lnx64.o/libtcl8.5.so(+0x76875) [0x7f4dbd1ad875]
/home/nate/opt/Xilinx/Vivado/2018.3/lib/lnx64.o/libtcl8.5.so(+0x7e029) [0x7f4dbd1b5029]
/home/nate/opt/Xilinx/Vivado/2018.3/lib/lnx64.o/libtcl8.5.so(TclEvalObjEx+0x76) [0x7f4dbd16c156]
/home/nate/opt/Xilinx/Vivado/2018.3/lib/lnx64.o/librdi_commontasks.so(+0x1d9887) [0x7f4db1ce1887]
/home/nate/opt/Xilinx/Vivado/2018.3/lib/lnx64.o/libtcl8.5.so(+0x334af) [0x7f4dbd16a4af]
/home/nate/opt/Xilinx/Vivado/2018.3/lib/lnx64.o/libtcl8.5.so(+0x76875) [0x7f4dbd1ad875]
/home/nate/opt/Xilinx/Vivado/2018.3/lib/lnx64.o/libtcl8.5.so(TclObjInterpProcCore+0x420) [0x7f4dbd1eedf0]
/home/nate/opt/Xilinx/Vivado/2018.3/lib/lnx64.o/libtcl8.5.so(+0x334af) [0x7f4dbd16a4af]
/home/nate/opt/Xilinx/Vivado/2018.3/lib/lnx64.o/libtcl8.5.so(+0x76875) [0x7f4dbd1ad875]
/home/nate/opt/Xilinx/Vivado/2018.3/lib/lnx64.o/libtcl8.5.so(TclObjInterpProcCore+0x420) [0x7f4dbd1eedf0]
/home/nate/opt/Xilinx/Vivado/2018.3/lib/lnx64.o/libtcl8.5.so(+0x334af) [0x7f4dbd16a4af]
/home/nate/opt/Xilinx/Vivado/2018.3/lib/lnx64.o/libtcl8.5.so(+0x76875) [0x7f4dbd1ad875]
/home/nate/opt/Xilinx/Vivado/2018.3/lib/lnx64.o/libtcl8.5.so(TclObjInterpProcCore+0x420) [0x7f4dbd1eedf0]
/home/nate/opt/Xilinx/Vivado/2018.3/lib/lnx64.o/libtcl8.5.so(+0x334af) [0x7f4dbd16a4af]
/home/nate/opt/Xilinx/Vivado/2018.3/lib/lnx64.o/libtcl8.5.so(+0x76875) [0x7f4dbd1ad875]
/home/nate/opt/Xilinx/Vivado/2018.3/lib/lnx64.o/libtcl8.5.so(+0x7e029) [0x7f4dbd1b5029]
/home/nate/opt/Xilinx/Vivado/2018.3/lib/lnx64.o/libtcl8.5.so(TclEvalObjEx+0x76) [0x7f4dbd16c156]
/home/nate/opt/Xilinx/Vivado/2018.3/lib/lnx64.o/librdi_common.so(hdi::tcltasks::task_manager::eval_in_tcl(Tcl_Interp*, Tcl_Obj*, char const*, bool)+0xab9) [0x7f4dc2f6b189]
/home/nate/opt/Xilinx/Vivado/2018.3/lib/lnx64.o/librdi_common.so(hdi::tcltasks::task_manager::eval_in_tcl(Tcl_Interp*, char const*, char const*, bool)+0x12a) [0x7f4dc2f6bb8a]
/home/nate/opt/Xilinx/Vivado/2018.3/lib/lnx64.o/librdi_synth.so(HARTNDb::processGenomesSequentially(bool, char const*, char const*)+0x50) [0x7f4d81771b20]
/home/nate/opt/Xilinx/Vivado/2018.3/lib/lnx64.o/librdi_synth.so(+0xd9a718) [0x7f4d818f8718]
/home/nate/opt/Xilinx/Vivado/2018.3/lib/lnx64.o/librdi_synth.so(+0xc8900d) [0x7f4d817e700d]
/home/nate/opt/Xilinx/Vivado/2018.3/lib/lnx64.o/libtcl8.5.so(+0x334af) [0x7f4dbd16a4af]
/home/nate/opt/Xilinx/Vivado/2018.3/lib/lnx64.o/libtcl8.5.so(+0x34b38) [0x7f4dbd16bb38]
/home/nate/opt/Xilinx/Vivado/2018.3/lib/lnx64.o/libtcl8.5.so(Tcl_EvalEx+0x13) [0x7f4dbd16c0a3]
/home/nate/opt/Xilinx/Vivado/2018.3/lib/lnx64.o/libtcl8.5.so(TclEvalObjEx+0x1e0) [0x7f4dbd16c2c0]
/home/nate/opt/Xilinx/Vivado/2018.3/lib/lnx64.o/libtcl8.5.so(+0x3b375) [0x7f4dbd172375]
/home/nate/opt/Xilinx/Vivado/2018.3/lib/lnx64.o/libtcl8.5.so(+0x334af) [0x7f4dbd16a4af]
/home/nate/opt/Xilinx/Vivado/2018.3/lib/lnx64.o/libtcl8.5.so(+0x76875) [0x7f4dbd1ad875]
/home/nate/opt/Xilinx/Vivado/2018.3/lib/lnx64.o/libtcl8.5.so(+0x7e029) [0x7f4dbd1b5029]
/home/nate/opt/Xilinx/Vivado/2018.3/lib/lnx64.o/libtcl8.5.so(TclEvalObjEx+0x76) [0x7f4dbd16c156]
/home/nate/opt/Xilinx/Vivado/2018.3/lib/lnx64.o/librdi_commontasks.so(+0x1d9887) [0x7f4db1ce1887]
/home/nate/opt/Xilinx/Vivado/2018.3/lib/lnx64.o/libtcl8.5.so(+0x334af) [0x7f4dbd16a4af]
/home/nate/opt/Xilinx/Vivado/2018.3/lib/lnx64.o/libtcl8.5.so(+0x76875) [0x7f4dbd1ad875]
/home/nate/opt/Xilinx/Vivado/2018.3/lib/lnx64.o/libtcl8.5.so(TclObjInterpProcCore+0x420) [0x7f4dbd1eedf0]
/home/nate/opt/Xilinx/Vivado/2018.3/lib/lnx64.o/libtcl8.5.so(+0x334af) [0x7f4dbd16a4af]
/home/nate/opt/Xilinx/Vivado/2018.3/lib/lnx64.o/libtcl8.5.so(+0x76875) [0x7f4dbd1ad875]
/home/nate/opt/Xilinx/Vivado/2018.3/lib/lnx64.o/libtcl8.5.so(TclObjInterpProcCore+0x420) [0x7f4dbd1eedf0]
/home/nate/opt/Xilinx/Vivado/2018.3/lib/lnx64.o/libtcl8.5.so(+0x334af) [0x7f4dbd16a4af]
/home/nate/opt/Xilinx/Vivado/2018.3/lib/lnx64.o/libtcl8.5.so(+0x76875) [0x7f4dbd1ad875]
/home/nate/opt/Xilinx/Vivado/2018.3/lib/lnx64.o/libtcl8.5.so(+0x7e029) [0x7f4dbd1b5029]
/home/nate/opt/Xilinx/Vivado/2018.3/lib/lnx64.o/libtcl8.5.so(TclEvalObjEx+0x76) [0x7f4dbd16c156]
/home/nate/opt/Xilinx/Vivado/2018.3/lib/lnx64.o/librdi_commontasks.so(+0x1d9887) [0x7f4db1ce1887]
/home/nate/opt/Xilinx/Vivado/2018.3/lib/lnx64.o/libtcl8.5.so(+0x334af) [0x7f4dbd16a4af]
/home/nate/opt/Xilinx/Vivado/2018.3/lib/lnx64.o/libtcl8.5.so(+0x76875) [0x7f4dbd1ad875]
/home/nate/opt/Xilinx/Vivado/2018.3/lib/lnx64.o/libtcl8.5.so(Tcl_ExprObj+0xf8) [0x7f4dbd1b4c08]
/home/nate/opt/Xilinx/Vivado/2018.3/lib/lnx64.o/libtcl8.5.so(Tcl_ExprBooleanObj+0x16) [0x7f4dbd16ae96]
/home/nate/opt/Xilinx/Vivado/2018.3/lib/lnx64.o/libtcl8.5.so(+0x3e6de) [0x7f4dbd1756de]
/home/nate/opt/Xilinx/Vivado/2018.3/lib/lnx64.o/libtcl8.5.so(+0x334af) [0x7f4dbd16a4af]
/home/nate/opt/Xilinx/Vivado/2018.3/lib/lnx64.o/libtcl8.5.so(+0x34b38) [0x7f4dbd16bb38]
/home/nate/opt/Xilinx/Vivado/2018.3/lib/lnx64.o/libtcl8.5.so(Tcl_EvalEx+0x13) [0x7f4dbd16c0a3]
/home/nate/opt/Xilinx/Vivado/2018.3/lib/lnx64.o/libtcl8.5.so(Tcl_FSEvalFileEx+0x1da) [0x7f4dbd1d0c5a]
/home/nate/opt/Xilinx/Vivado/2018.3/lib/lnx64.o/librdi_commontasks.so(+0x1f6abd) [0x7f4db1cfeabd]
/home/nate/opt/Xilinx/Vivado/2018.3/lib/lnx64.o/librdi_common.so(+0x7ef352) [0x7f4dc2f69352]
/home/nate/opt/Xilinx/Vivado/2018.3/lib/lnx64.o/libtcl8.5.so(+0x334af) [0x7f4dbd16a4af]
/home/nate/opt/Xilinx/Vivado/2018.3/lib/lnx64.o/libtcl8.5.so(+0x76875) [0x7f4dbd1ad875]
/home/nate/opt/Xilinx/Vivado/2018.3/lib/lnx64.o/libtcl8.5.so(+0x7e029) [0x7f4dbd1b5029]
/home/nate/opt/Xilinx/Vivado/2018.3/lib/lnx64.o/libtcl8.5.so(TclEvalObjEx+0x76) [0x7f4dbd16c156]
/home/nate/opt/Xilinx/Vivado/2018.3/lib/lnx64.o/libtcl8.5.so(+0xb7557) [0x7f4dbd1ee557]
/home/nate/opt/Xilinx/Vivado/2018.3/lib/lnx64.o/libtcl8.5.so(+0x334af) [0x7f4dbd16a4af]
/home/nate/opt/Xilinx/Vivado/2018.3/lib/lnx64.o/libtcl8.5.so(+0x76875) [0x7f4dbd1ad875]
/home/nate/opt/Xilinx/Vivado/2018.3/lib/lnx64.o/libtcl8.5.so(+0x7e029) [0x7f4dbd1b5029]
/home/nate/opt/Xilinx/Vivado/2018.3/lib/lnx64.o/libtcl8.5.so(TclEvalObjEx+0x76) [0x7f4dbd16c156]
/home/nate/opt/Xilinx/Vivado/2018.3/lib/lnx64.o/librdi_commontasks.so(+0x1d9924) [0x7f4db1ce1924]
/home/nate/opt/Xilinx/Vivado/2018.3/lib/lnx64.o/libtcl8.5.so(+0x334af) [0x7f4dbd16a4af]
/home/nate/opt/Xilinx/Vivado/2018.3/lib/lnx64.o/libtcl8.5.so(+0x34b38) [0x7f4dbd16bb38]
/home/nate/opt/Xilinx/Vivado/2018.3/lib/lnx64.o/libtcl8.5.so(+0xad486) [0x7f4dbd1e4486]
/home/nate/opt/Xilinx/Vivado/2018.3/lib/lnx64.o/libtcl8.5.so(+0x346c5) [0x7f4dbd16b6c5]
/home/nate/opt/Xilinx/Vivado/2018.3/lib/lnx64.o/libtcl8.5.so(Tcl_EvalEx+0x13) [0x7f4dbd16c0a3]
/home/nate/opt/Xilinx/Vivado/2018.3/lib/lnx64.o/libtcl8.5.so(Tcl_FSEvalFileEx+0x1da) [0x7f4dbd1d0c5a]
/home/nate/opt/Xilinx/Vivado/2018.3/lib/lnx64.o/librdi_commontasks.so(+0x1f6abd) [0x7f4db1cfeabd]
/home/nate/opt/Xilinx/Vivado/2018.3/lib/lnx64.o/librdi_common.so(+0x7ef352) [0x7f4dc2f69352]
/home/nate/opt/Xilinx/Vivado/2018.3/lib/lnx64.o/libtcl8.5.so(+0x334af) [0x7f4dbd16a4af]
/home/nate/opt/Xilinx/Vivado/2018.3/lib/lnx64.o/libtcl8.5.so(Tcl_EvalObjv+0x32) [0x7f4dbd16a5e2]
/home/nate/opt/Xilinx/Vivado/2018.3/lib/lnx64.o/libtcl8.5.so(TclEvalObjEx+0x322) [0x7f4dbd16c402]
/home/nate/opt/Xilinx/Vivado/2018.3/lib/lnx64.o/librdi_common.so(hdi::tcltasks::task_manager::eval_in_tcl(Tcl_Interp*, Tcl_Obj*, char const*, bool)+0xab9) [0x7f4dc2f6b189]
/home/nate/opt/Xilinx/Vivado/2018.3/lib/lnx64.o/librdi_designutils.so(HRTInvoker::inProcessLaunch(HDGUIStatus&)+0x457) [0x7f4da568df57]
/home/nate/opt/Xilinx/Vivado/2018.3/lib/lnx64.o/librdi_designutils.so(HRTInvoker::launch(HDGUIStatus&)+0x535) [0x7f4da568ec45]
/home/nate/opt/Xilinx/Vivado/2018.3/lib/lnx64.o/librdi_vivadotasks.so(+0x468daf) [0x7f4d7a893daf]
/home/nate/opt/Xilinx/Vivado/2018.3/lib/lnx64.o/librdi_vivadotasks.so(+0x472605) [0x7f4d7a89d605]
/home/nate/opt/Xilinx/Vivado/2018.3/lib/lnx64.o/librdi_common.so(+0x7ef352) [0x7f4dc2f69352]
/home/nate/opt/Xilinx/Vivado/2018.3/lib/lnx64.o/libtcl8.5.so(+0x334af) [0x7f4dbd16a4af]
/home/nate/opt/Xilinx/Vivado/2018.3/lib/lnx64.o/libtcl8.5.so(+0x34b38) [0x7f4dbd16bb38]
/home/nate/opt/Xilinx/Vivado/2018.3/lib/lnx64.o/libtcl8.5.so(Tcl_EvalEx+0x13) [0x7f4dbd16c0a3]
/home/nate/opt/Xilinx/Vivado/2018.3/lib/lnx64.o/libtcl8.5.so(TclEvalObjEx+0x1e0) [0x7f4dbd16c2c0]
/home/nate/opt/Xilinx/Vivado/2018.3/lib/lnx64.o/libtcl8.5.so(+0x3b375) [0x7f4dbd172375]
/home/nate/opt/Xilinx/Vivado/2018.3/lib/lnx64.o/libtcl8.5.so(+0x334af) [0x7f4dbd16a4af]
/home/nate/opt/Xilinx/Vivado/2018.3/lib/lnx64.o/libtcl8.5.so(+0x76875) [0x7f4dbd1ad875]
/home/nate/opt/Xilinx/Vivado/2018.3/lib/lnx64.o/libtcl8.5.so(TclObjInterpProcCore+0x420) [0x7f4dbd1eedf0]
/home/nate/opt/Xilinx/Vivado/2018.3/lib/lnx64.o/libtcl8.5.so(+0x334af) [0x7f4dbd16a4af]
/home/nate/opt/Xilinx/Vivado/2018.3/lib/lnx64.o/libtcl8.5.so(+0x76875) [0x7f4dbd1ad875]
/home/nate/opt/Xilinx/Vivado/2018.3/lib/lnx64.o/libtcl8.5.so(TclObjInterpProcCore+0x420) [0x7f4dbd1eedf0]
/home/nate/opt/Xilinx/Vivado/2018.3/lib/lnx64.o/libtcl8.5.so(+0x334af) [0x7f4dbd16a4af]
/home/nate/opt/Xilinx/Vivado/2018.3/lib/lnx64.o/libtcl8.5.so(+0x76875) [0x7f4dbd1ad875]
/home/nate/opt/Xilinx/Vivado/2018.3/lib/lnx64.o/libtcl8.5.so(+0x7e029) [0x7f4dbd1b5029]
/home/nate/opt/Xilinx/Vivado/2018.3/lib/lnx64.o/libtcl8.5.so(TclEvalObjEx+0x76) [0x7f4dbd16c156]
/home/nate/opt/Xilinx/Vivado/2018.3/lib/lnx64.o/libtcl8.5.so(Tcl_RecordAndEvalObj+0x143) [0x7f4dbd1bab03]
/home/nate/opt/Xilinx/Vivado/2018.3/lib/lnx64.o/librdi_commontasks.so(+0x265059) [0x7f4db1d6d059]
/home/nate/opt/Xilinx/Vivado/2018.3/lib/lnx64.o/libtcl8.5.so(Tcl_Main+0x620) [0x7f4dbd1d7660]
/home/nate/opt/Xilinx/Vivado/2018.3/lib/lnx64.o/librdi_common.so(+0x83363b) [0x7f4dc2fad63b]
/lib64/libpthread.so.0(+0x7dd5) [0x7f4dc19f7dd5]
/lib64/libc.so.6(clone+0x6d) [0x7f4dc1d09ead]
