Copyright 1986-2020 Xilinx, Inc. All Rights Reserved.
------------------------------------------------------------------------------------
| Tool Version : Vivado v.2020.2 (lin64) Build 3064766 Wed Nov 18 09:12:47 MST 2020
| Date         : Thu Mar 18 13:01:37 2021
| Host         : pc0 running 64-bit CentOS Linux release 8.3.2011
| Command      : upgrade_ip
| Device       : xc7z020clg400-1
------------------------------------------------------------------------------------

Upgrade Log for IP 'clk_dwa_pl'

1. Summary
----------

SUCCESS in the upgrade of clk_dwa_pl (xilinx.com:ip:clk_wiz:6.0) from (Rev. 4) to (Rev. 6)






Copyright 1986-2018 Xilinx, Inc. All Rights Reserved.
------------------------------------------------------------------------------------
| Tool Version : Vivado v.2018.2 (lin64) Build 2258646 Thu Jun 14 20:02:38 MDT 2018
| Date         : Thu Apr 11 15:41:11 2019
| Host         : lt2 running 64-bit CentOS Linux release 7.6.1810 (Core)
| Command      : upgrade_ip
| Device       : xc7vx485tffg1761-2
------------------------------------------------------------------------------------

Upgrade Log for IP 'clk_sysclk_mmcm'

1. Summary
----------

SUCCESS in the conversion of clk_sysclk_mmcm (xilinx.com:ip:clk_wiz:6.0 (Rev. 1)) to Vivado generation flows.

