16:28:36 INFO  : Registering command handlers for SDK TCF services
16:28:37 INFO  : Launching XSCT server: xsct -n -interactive /home/nate/projects/duneWireTension/ElectricalMethod/firmware/source/sdk/temp_xsdb_launch_script.tcl
16:28:39 INFO  : XSCT server has started successfully.
16:28:39 INFO  : Successfully done setting XSCT server connection channel  
16:28:39 INFO  : Successfully done setting SDK workspace  
17:01:25 INFO  : Invoking Bootgen: bootgen -image output.bif -arch zynq -o /home/nate/projects/duneWireTension/vivadoProjects/BOOT.bin
17:01:25 INFO  : Overwriting existing bif file /home/nate/projects/duneWireTension/ElectricalMethod/firmware/scripts/implementation/output.bif
17:01:26 INFO  : Bootgen command execution is done.
17:04:13 INFO  : Invoking Bootgen: bootgen -image output.bif -arch zynq -o /home/nate/projects/duneWireTension/ElectricalMethod/firmware/scripts/implementation/BOOT.bin
17:04:15 INFO  : Bootgen command execution is done.
16:49:24 INFO  : Registering command handlers for SDK TCF services
16:49:25 INFO  : Launching XSCT server: xsct -n -interactive /home/nate/projects/duneWireTension/ElectricalMethod/firmware/source/sdk/temp_xsdb_launch_script.tcl
16:49:27 INFO  : XSCT server has started successfully.
16:49:27 INFO  : Successfully done setting XSCT server connection channel  
16:49:27 INFO  : Successfully done setting SDK workspace  
19:06:39 INFO  : Registering command handlers for SDK TCF services
19:06:41 INFO  : Launching XSCT server: xsct -n -interactive /home/nate/projects/duneWireTension/ElectricalMethod/firmware/source/sdk/temp_xsdb_launch_script.tcl
19:06:44 INFO  : XSCT server has started successfully.
19:06:44 INFO  : Successfully done setting XSCT server connection channel  
19:06:44 INFO  : Successfully done setting SDK workspace  
09:36:45 INFO  : Registering command handlers for SDK TCF services
09:36:47 INFO  : Launching XSCT server: xsct -n -interactive /home/nate/projects/duneWireTension/ElectricalMethod/firmware/source/sdk/temp_xsdb_launch_script.tcl
09:36:49 INFO  : XSCT server has started successfully.
09:36:49 INFO  : Successfully done setting XSCT server connection channel  
09:36:49 INFO  : Successfully done setting SDK workspace  
14:46:22 ERROR : (XSDB Server)Terminated

15:41:44 INFO  : Registering command handlers for SDK TCF services
15:41:45 INFO  : Launching XSCT server: xsct -n -interactive /home/nate/projects/duneWireTension/ElectricalMethod/firmware/source/sdk/temp_xsdb_launch_script.tcl
15:41:48 INFO  : XSCT server has started successfully.
15:41:48 INFO  : Successfully done setting XSCT server connection channel  
15:41:48 INFO  : Successfully done setting SDK workspace  
15:49:46 INFO  : Invoking Bootgen: bootgen -image lwip_ref.bif -arch zynq -o /home/nate/projects/duneWireTension/ElectricalMethod/firmware/source/sdk/lwip_ref/bootimage/BOOT.bin
15:49:46 INFO  : Creating new bif file /home/nate/projects/duneWireTension/ElectricalMethod/firmware/source/sdk/lwip_ref/bootimage/lwip_ref.bif
15:49:47 INFO  : Bootgen command execution is done.
15:51:34 INFO  : Invoking Bootgen: bootgen -image output.bif -arch zynq -o /home/nate/projects/duneWireTension/ElectricalMethod/firmware/scripts/implementation/BOOT.bin
15:51:34 INFO  : Overwriting existing bif file /home/nate/projects/duneWireTension/ElectricalMethod/firmware/scripts/implementation/output.bif
15:51:35 INFO  : Bootgen command execution is done.
18:24:15 INFO  : Invoking Bootgen: bootgen -image output.bif -arch zynq -o /home/nate/projects/duneWireTension/ElectricalMethod/firmware/scripts/implementation/BOOT.bin -w on
18:24:15 INFO  : Overwriting existing bif file /home/nate/projects/duneWireTension/ElectricalMethod/firmware/scripts/implementation/output.bif
18:24:16 INFO  : Bootgen command execution is done.
19:14:13 INFO  : Invoking Bootgen: bootgen -image output.bif -arch zynq -o /home/nate/projects/duneWireTension/ElectricalMethod/firmware/scripts/implementation/BOOT.bin -w on
19:14:13 INFO  : Overwriting existing bif file /home/nate/projects/duneWireTension/ElectricalMethod/firmware/scripts/implementation/output.bif
19:14:14 INFO  : Bootgen command execution is done.
19:53:05 INFO  : Invoking Bootgen: bootgen -image output.bif -arch zynq -o /home/nate/projects/duneWireTension/ElectricalMethod/firmware/scripts/implementation/BOOT.bin -w on
19:53:05 INFO  : Overwriting existing bif file /home/nate/projects/duneWireTension/ElectricalMethod/firmware/scripts/implementation/output.bif
19:53:06 INFO  : Bootgen command execution is done.
13:52:37 INFO  : Invoking Bootgen: bootgen -image output.bif -arch zynq -o /home/nate/projects/duneWireTension/ElectricalMethod/firmware/scripts/implementation/BOOT.bin -w on
13:52:37 INFO  : Overwriting existing bif file /home/nate/projects/duneWireTension/ElectricalMethod/firmware/scripts/implementation/output.bif
13:52:38 INFO  : Bootgen command execution is done.
14:53:36 INFO  : Invoking Bootgen: bootgen -image output.bif -arch zynq -o /home/nate/projects/duneWireTension/ElectricalMethod/firmware/scripts/implementation/BOOT.bin -w on
14:53:36 INFO  : Overwriting existing bif file /home/nate/projects/duneWireTension/ElectricalMethod/firmware/scripts/implementation/output.bif
14:53:37 INFO  : Bootgen command execution is done.
15:35:46 INFO  : Invoking Bootgen: bootgen -image output.bif -arch zynq -o /home/nate/projects/duneWireTension/ElectricalMethod/firmware/scripts/implementation/BOOT.bin -w on
15:35:46 INFO  : Overwriting existing bif file /home/nate/projects/duneWireTension/ElectricalMethod/firmware/scripts/implementation/output.bif
15:35:47 INFO  : Bootgen command execution is done.
15:57:17 INFO  : Invoking Bootgen: bootgen -image output.bif -arch zynq -o /home/nate/projects/duneWireTension/ElectricalMethod/firmware/scripts/implementation/BOOT.bin -w on
15:57:17 INFO  : Overwriting existing bif file /home/nate/projects/duneWireTension/ElectricalMethod/firmware/scripts/implementation/output.bif
15:57:18 INFO  : Bootgen command execution is done.
15:08:33 INFO  : Invoking Bootgen: bootgen -image output.bif -arch zynq -o /home/nate/projects/duneWireTension/ElectricalMethod/firmware/scripts/implementation/BOOT.bin -w on
15:08:33 INFO  : Overwriting existing bif file /home/nate/projects/duneWireTension/ElectricalMethod/firmware/scripts/implementation/output.bif
15:08:34 INFO  : Bootgen command execution is done.
18:13:36 INFO  : Invoking Bootgen: bootgen -image output.bif -arch zynq -o /home/nate/projects/duneWireTension/ElectricalMethod/firmware/scripts/implementation/BOOT.bin -w on
18:13:36 INFO  : Overwriting existing bif file /home/nate/projects/duneWireTension/ElectricalMethod/firmware/scripts/implementation/output.bif
18:13:37 INFO  : Bootgen command execution is done.
19:26:01 INFO  : Invoking Bootgen: bootgen -image output.bif -arch zynq -o /home/nate/projects/duneWireTension/ElectricalMethod/firmware/scripts/implementation/BOOT.bin -w on
19:26:02 INFO  : Bootgen command execution is done.
19:48:49 INFO  : Invoking Bootgen: bootgen -image output.bif -arch zynq -o /home/nate/projects/duneWireTension/ElectricalMethod/firmware/scripts/implementation/BOOT.bin -w on
19:48:49 INFO  : Overwriting existing bif file /home/nate/projects/duneWireTension/ElectricalMethod/firmware/scripts/implementation/output.bif
19:48:50 INFO  : Bootgen command execution is done.
12:31:36 INFO  : Invoking Bootgen: bootgen -image output.bif -arch zynq -o /home/nate/projects/duneWireTension/ElectricalMethod/firmware/scripts/implementation/BOOT.bin
12:31:37 INFO  : Bootgen command execution is done.
16:19:31 INFO  : Launching XSCT server: xsct -n -interactive /home/nate/projects/duneWireTension/ElectricalMethod/firmware/source/sdk/temp_xsdb_launch_script.tcl
16:19:31 INFO  : Registering command handlers for SDK TCF services
16:19:35 INFO  : XSCT server has started successfully.
16:19:35 INFO  : Successfully done setting XSCT server connection channel  
16:19:35 INFO  : Successfully done setting SDK workspace  
16:24:01 INFO  : Invoking Bootgen: bootgen -image output.bif -arch zynq -o /home/nate/projects/duneWireTension/ElectricalMethod/firmware/scripts/implementation/BOOT.bin
16:24:01 INFO  : Overwriting existing bif file /home/nate/projects/duneWireTension/ElectricalMethod/firmware/scripts/implementation/output.bif
16:24:02 INFO  : Bootgen command execution is done.
14:43:07 INFO  : Registering command handlers for SDK TCF services
14:43:09 INFO  : Launching XSCT server: xsct -n -interactive /home/nate/projects/duneWireTension/ElectricalMethod/firmware/source/sdk/temp_xsdb_launch_script.tcl
14:43:11 INFO  : XSCT server has started successfully.
14:43:11 INFO  : Successfully done setting XSCT server connection channel  
14:43:11 INFO  : Successfully done setting SDK workspace  
14:48:52 INFO  : Invoking Bootgen: bootgen -image output.bif -arch zynq -o /home/nate/projects/duneWireTension/ElectricalMethod/firmware/scripts/implementation/BOOT.bin -w on
14:48:52 INFO  : Overwriting existing bif file /home/nate/projects/duneWireTension/ElectricalMethod/firmware/scripts/implementation/output.bif
14:48:53 INFO  : Bootgen command execution is done.
12:42:53 INFO  : Registering command handlers for SDK TCF services
12:42:55 INFO  : Launching XSCT server: xsct -n -interactive /home/nate/projects/duneWireTension/ElectricalMethod/firmware/source/sdk/temp_xsdb_launch_script.tcl
12:42:59 INFO  : XSCT server has started successfully.
12:42:59 INFO  : Successfully done setting XSCT server connection channel  
12:42:59 INFO  : Successfully done setting SDK workspace  
12:50:48 INFO  : Connected to target on host '127.0.0.1' and port '3121'.
12:50:48 INFO  : 'targets -set -filter {jtag_cable_name =~ "Platform Cable USB II 000013e2396701" && level==0} -index 1' command is executed.
12:51:00 INFO  : FPGA configured successfully with bitstream "/home/nate/projects/duneWireTension/vivadoProjects/dwa_ps_pl_top/dwa_ps_pl_top_20200303_114115_0.443ns.bit"
13:09:02 INFO  : Connected to target on host '127.0.0.1' and port '3121'.
13:09:02 INFO  : 'targets -set -filter {jtag_cable_name =~ "Platform Cable USB II 000013e2396701" && level==0} -index 1' command is executed.
13:09:14 INFO  : FPGA configured successfully with bitstream "/home/nate/projects/duneWireTension/vivadoProjects/dwa_ps_pl_top/dwa_ps_pl_top_20200303_114115_0.443ns.bit"
13:15:14 INFO  : 'targets -set -filter {jtag_cable_name =~ "Platform Cable USB II 000013e2396701" && level==0} -index 1' command is executed.
13:15:14 INFO  : 'fpga -state' command is executed.
13:15:14 INFO  : Connected to target on host '127.0.0.1' and port '3121'.
13:15:14 INFO  : Jtag cable 'Platform Cable USB II 000013e2396701' is selected.
13:15:14 INFO  : 'jtag frequency' command is executed.
13:15:14 INFO  : Sourcing of '/home/nate/projects/duneWireTension/ElectricalMethod/firmware/source/sdk/design_1_wrapper_hw_platform_0/ps7_init.tcl' is done.
13:15:14 INFO  : Context for 'APU' is selected.
13:15:15 INFO  : Hardware design information is loaded from '/home/nate/projects/duneWireTension/ElectricalMethod/firmware/source/sdk/design_1_wrapper_hw_platform_0/system.hdf'.
13:15:15 INFO  : 'configparams force-mem-access 1' command is executed.
13:15:15 INFO  : Context for 'APU' is selected.
13:15:15 INFO  : 'stop' command is executed.
13:15:17 INFO  : 'ps7_init' command is executed.
13:15:17 INFO  : 'ps7_post_config' command is executed.
13:15:17 INFO  : Context for processor 'ps7_cortexa9_0' is selected.
13:15:17 INFO  : Processor reset is completed for 'ps7_cortexa9_0'.
13:15:17 INFO  : Context for processor 'ps7_cortexa9_0' is selected.
13:15:19 INFO  : The application '/home/nate/projects/duneWireTension/ElectricalMethod/firmware/source/sdk/lwip_ref/Debug/lwip_ref.elf' is downloaded to processor 'ps7_cortexa9_0'.
13:15:19 INFO  : 'configparams force-mem-access 0' command is executed.
13:15:19 INFO  : ----------------XSDB Script----------------
connect -url tcp:127.0.0.1:3121
source /home/nate/projects/duneWireTension/ElectricalMethod/firmware/source/sdk/design_1_wrapper_hw_platform_0/ps7_init.tcl
targets -set -nocase -filter {name =~"APU*" && jtag_cable_name =~ "Platform Cable USB II 000013e2396701"} -index 0
loadhw -hw /home/nate/projects/duneWireTension/ElectricalMethod/firmware/source/sdk/design_1_wrapper_hw_platform_0/system.hdf -mem-ranges [list {0x40000000 0xbfffffff}]
configparams force-mem-access 1
targets -set -nocase -filter {name =~"APU*" && jtag_cable_name =~ "Platform Cable USB II 000013e2396701"} -index 0
stop
ps7_init
ps7_post_config
targets -set -nocase -filter {name =~ "ARM*#0" && jtag_cable_name =~ "Platform Cable USB II 000013e2396701"} -index 0
rst -processor
targets -set -nocase -filter {name =~ "ARM*#0" && jtag_cable_name =~ "Platform Cable USB II 000013e2396701"} -index 0
dow /home/nate/projects/duneWireTension/ElectricalMethod/firmware/source/sdk/lwip_ref/Debug/lwip_ref.elf
configparams force-mem-access 0
----------------End of Script----------------

13:15:19 INFO  : Context for processor 'ps7_cortexa9_0' is selected.
13:15:19 INFO  : 'con' command is executed.
13:15:19 INFO  : ----------------XSDB Script (After Launch)----------------
targets -set -nocase -filter {name =~ "ARM*#0" && jtag_cable_name =~ "Platform Cable USB II 000013e2396701"} -index 0
con
----------------End of Script----------------

13:15:19 INFO  : Disconnected from the channel tcfchan#1.
14:18:46 INFO  : 'targets -set -filter {jtag_cable_name =~ "Platform Cable USB II 000013e2396701" && level==0} -index 1' command is executed.
14:18:46 INFO  : 'fpga -state' command is executed.
14:18:46 INFO  : Connected to target on host '127.0.0.1' and port '3121'.
14:18:47 INFO  : Jtag cable 'Platform Cable USB II 000013e2396701' is selected.
14:18:47 INFO  : 'jtag frequency' command is executed.
14:18:47 INFO  : Sourcing of '/home/nate/projects/duneWireTension/ElectricalMethod/firmware/source/sdk/design_1_wrapper_hw_platform_0/ps7_init.tcl' is done.
14:18:47 INFO  : Context for 'APU' is selected.
14:18:47 INFO  : Hardware design information is loaded from '/home/nate/projects/duneWireTension/ElectricalMethod/firmware/source/sdk/design_1_wrapper_hw_platform_0/system.hdf'.
14:18:47 INFO  : 'configparams force-mem-access 1' command is executed.
14:18:47 INFO  : Context for 'APU' is selected.
14:18:47 INFO  : 'stop' command is executed.
14:18:49 INFO  : 'ps7_init' command is executed.
14:18:49 INFO  : 'ps7_post_config' command is executed.
14:18:49 INFO  : Context for processor 'ps7_cortexa9_0' is selected.
14:18:49 INFO  : Processor reset is completed for 'ps7_cortexa9_0'.
14:18:49 INFO  : Context for processor 'ps7_cortexa9_0' is selected.
14:18:52 INFO  : The application '/home/nate/projects/duneWireTension/ElectricalMethod/firmware/source/sdk/lwip_ref/Debug/lwip_ref.elf' is downloaded to processor 'ps7_cortexa9_0'.
14:18:52 INFO  : 'configparams force-mem-access 0' command is executed.
14:18:52 INFO  : ----------------XSDB Script----------------
connect -url tcp:127.0.0.1:3121
source /home/nate/projects/duneWireTension/ElectricalMethod/firmware/source/sdk/design_1_wrapper_hw_platform_0/ps7_init.tcl
targets -set -nocase -filter {name =~"APU*" && jtag_cable_name =~ "Platform Cable USB II 000013e2396701"} -index 0
loadhw -hw /home/nate/projects/duneWireTension/ElectricalMethod/firmware/source/sdk/design_1_wrapper_hw_platform_0/system.hdf -mem-ranges [list {0x40000000 0xbfffffff}]
configparams force-mem-access 1
targets -set -nocase -filter {name =~"APU*" && jtag_cable_name =~ "Platform Cable USB II 000013e2396701"} -index 0
stop
ps7_init
ps7_post_config
targets -set -nocase -filter {name =~ "ARM*#0" && jtag_cable_name =~ "Platform Cable USB II 000013e2396701"} -index 0
rst -processor
targets -set -nocase -filter {name =~ "ARM*#0" && jtag_cable_name =~ "Platform Cable USB II 000013e2396701"} -index 0
dow /home/nate/projects/duneWireTension/ElectricalMethod/firmware/source/sdk/lwip_ref/Debug/lwip_ref.elf
configparams force-mem-access 0
----------------End of Script----------------

14:19:04 INFO  : Disconnected from the channel tcfchan#2.
14:19:13 INFO  : 'targets -set -filter {jtag_cable_name =~ "Platform Cable USB II 000013e2396701" && level==0} -index 1' command is executed.
14:19:13 INFO  : 'fpga -state' command is executed.
14:19:13 INFO  : Connected to target on host '127.0.0.1' and port '3121'.
14:19:13 INFO  : Jtag cable 'Platform Cable USB II 000013e2396701' is selected.
14:19:13 INFO  : 'jtag frequency' command is executed.
14:19:13 INFO  : Sourcing of '/home/nate/projects/duneWireTension/ElectricalMethod/firmware/source/sdk/design_1_wrapper_hw_platform_0/ps7_init.tcl' is done.
14:19:14 INFO  : Context for 'APU' is selected.
14:19:15 INFO  : Hardware design information is loaded from '/home/nate/projects/duneWireTension/ElectricalMethod/firmware/source/sdk/design_1_wrapper_hw_platform_0/system.hdf'.
14:19:15 INFO  : 'configparams force-mem-access 1' command is executed.
14:19:15 INFO  : Context for 'APU' is selected.
14:19:15 INFO  : 'stop' command is executed.
14:19:16 INFO  : 'ps7_init' command is executed.
14:19:17 INFO  : 'ps7_post_config' command is executed.
14:19:17 INFO  : Context for processor 'ps7_cortexa9_0' is selected.
14:19:17 INFO  : Processor reset is completed for 'ps7_cortexa9_0'.
14:19:17 INFO  : Context for processor 'ps7_cortexa9_0' is selected.
14:19:19 INFO  : The application '/home/nate/projects/duneWireTension/ElectricalMethod/firmware/source/sdk/lwip_ref/Debug/lwip_ref.elf' is downloaded to processor 'ps7_cortexa9_0'.
14:19:19 INFO  : 'configparams force-mem-access 0' command is executed.
14:19:19 INFO  : ----------------XSDB Script----------------
connect -url tcp:127.0.0.1:3121
source /home/nate/projects/duneWireTension/ElectricalMethod/firmware/source/sdk/design_1_wrapper_hw_platform_0/ps7_init.tcl
targets -set -nocase -filter {name =~"APU*" && jtag_cable_name =~ "Platform Cable USB II 000013e2396701"} -index 0
loadhw -hw /home/nate/projects/duneWireTension/ElectricalMethod/firmware/source/sdk/design_1_wrapper_hw_platform_0/system.hdf -mem-ranges [list {0x40000000 0xbfffffff}]
configparams force-mem-access 1
targets -set -nocase -filter {name =~"APU*" && jtag_cable_name =~ "Platform Cable USB II 000013e2396701"} -index 0
stop
ps7_init
ps7_post_config
targets -set -nocase -filter {name =~ "ARM*#0" && jtag_cable_name =~ "Platform Cable USB II 000013e2396701"} -index 0
rst -processor
targets -set -nocase -filter {name =~ "ARM*#0" && jtag_cable_name =~ "Platform Cable USB II 000013e2396701"} -index 0
dow /home/nate/projects/duneWireTension/ElectricalMethod/firmware/source/sdk/lwip_ref/Debug/lwip_ref.elf
configparams force-mem-access 0
----------------End of Script----------------

14:19:19 INFO  : Context for processor 'ps7_cortexa9_0' is selected.
14:19:19 INFO  : 'con' command is executed.
14:19:19 INFO  : ----------------XSDB Script (After Launch)----------------
targets -set -nocase -filter {name =~ "ARM*#0" && jtag_cable_name =~ "Platform Cable USB II 000013e2396701"} -index 0
con
----------------End of Script----------------

14:19:19 INFO  : Disconnected from the channel tcfchan#3.
15:08:15 INFO  : 'targets -set -filter {jtag_cable_name =~ "Platform Cable USB II 000013e2396701" && level==0} -index 1' command is executed.
15:08:15 INFO  : 'fpga -state' command is executed.
15:08:15 INFO  : Connected to target on host '127.0.0.1' and port '3121'.
15:08:15 INFO  : Jtag cable 'Platform Cable USB II 000013e2396701' is selected.
15:08:15 INFO  : 'jtag frequency' command is executed.
15:08:15 INFO  : Sourcing of '/home/nate/projects/duneWireTension/ElectricalMethod/firmware/source/sdk/design_1_wrapper_hw_platform_0/ps7_init.tcl' is done.
15:08:15 INFO  : Context for 'APU' is selected.
15:08:15 INFO  : Hardware design information is loaded from '/home/nate/projects/duneWireTension/ElectricalMethod/firmware/source/sdk/design_1_wrapper_hw_platform_0/system.hdf'.
15:08:15 INFO  : 'configparams force-mem-access 1' command is executed.
15:08:15 INFO  : Context for 'APU' is selected.
15:08:15 INFO  : 'stop' command is executed.
15:08:17 INFO  : 'ps7_init' command is executed.
15:08:17 INFO  : 'ps7_post_config' command is executed.
15:08:17 INFO  : Context for processor 'ps7_cortexa9_0' is selected.
15:08:18 INFO  : Processor reset is completed for 'ps7_cortexa9_0'.
15:08:18 INFO  : Context for processor 'ps7_cortexa9_0' is selected.
15:08:20 INFO  : The application '/home/nate/projects/duneWireTension/ElectricalMethod/firmware/source/sdk/lwip_ref/Debug/lwip_ref.elf' is downloaded to processor 'ps7_cortexa9_0'.
15:08:20 INFO  : 'configparams force-mem-access 0' command is executed.
15:08:20 INFO  : ----------------XSDB Script----------------
connect -url tcp:127.0.0.1:3121
source /home/nate/projects/duneWireTension/ElectricalMethod/firmware/source/sdk/design_1_wrapper_hw_platform_0/ps7_init.tcl
targets -set -nocase -filter {name =~"APU*" && jtag_cable_name =~ "Platform Cable USB II 000013e2396701"} -index 0
loadhw -hw /home/nate/projects/duneWireTension/ElectricalMethod/firmware/source/sdk/design_1_wrapper_hw_platform_0/system.hdf -mem-ranges [list {0x40000000 0xbfffffff}]
configparams force-mem-access 1
targets -set -nocase -filter {name =~"APU*" && jtag_cable_name =~ "Platform Cable USB II 000013e2396701"} -index 0
stop
ps7_init
ps7_post_config
targets -set -nocase -filter {name =~ "ARM*#0" && jtag_cable_name =~ "Platform Cable USB II 000013e2396701"} -index 0
rst -processor
targets -set -nocase -filter {name =~ "ARM*#0" && jtag_cable_name =~ "Platform Cable USB II 000013e2396701"} -index 0
dow /home/nate/projects/duneWireTension/ElectricalMethod/firmware/source/sdk/lwip_ref/Debug/lwip_ref.elf
configparams force-mem-access 0
----------------End of Script----------------

15:08:20 INFO  : Context for processor 'ps7_cortexa9_0' is selected.
15:08:20 INFO  : 'con' command is executed.
15:08:20 INFO  : ----------------XSDB Script (After Launch)----------------
targets -set -nocase -filter {name =~ "ARM*#0" && jtag_cable_name =~ "Platform Cable USB II 000013e2396701"} -index 0
con
----------------End of Script----------------

15:08:20 INFO  : Disconnected from the channel tcfchan#4.
15:10:52 INFO  : 'targets -set -filter {jtag_cable_name =~ "Platform Cable USB II 000013e2396701" && level==0} -index 1' command is executed.
15:10:52 INFO  : 'fpga -state' command is executed.
15:10:52 INFO  : Connected to target on host '127.0.0.1' and port '3121'.
15:10:52 INFO  : Jtag cable 'Platform Cable USB II 000013e2396701' is selected.
15:10:52 INFO  : 'jtag frequency' command is executed.
15:10:52 INFO  : Sourcing of '/home/nate/projects/duneWireTension/ElectricalMethod/firmware/source/sdk/design_1_wrapper_hw_platform_0/ps7_init.tcl' is done.
15:10:52 INFO  : Context for 'APU' is selected.
15:10:52 INFO  : Hardware design information is loaded from '/home/nate/projects/duneWireTension/ElectricalMethod/firmware/source/sdk/design_1_wrapper_hw_platform_0/system.hdf'.
15:10:52 INFO  : 'configparams force-mem-access 1' command is executed.
15:10:53 INFO  : Context for 'APU' is selected.
15:10:53 INFO  : 'stop' command is executed.
15:10:55 INFO  : 'ps7_init' command is executed.
15:10:55 INFO  : 'ps7_post_config' command is executed.
15:10:55 INFO  : Context for processor 'ps7_cortexa9_0' is selected.
15:10:55 INFO  : Processor reset is completed for 'ps7_cortexa9_0'.
15:10:55 INFO  : Context for processor 'ps7_cortexa9_0' is selected.
15:10:57 INFO  : The application '/home/nate/projects/duneWireTension/ElectricalMethod/firmware/source/sdk/lwip_ref/Debug/lwip_ref.elf' is downloaded to processor 'ps7_cortexa9_0'.
15:10:57 INFO  : 'configparams force-mem-access 0' command is executed.
15:10:57 INFO  : ----------------XSDB Script----------------
connect -url tcp:127.0.0.1:3121
source /home/nate/projects/duneWireTension/ElectricalMethod/firmware/source/sdk/design_1_wrapper_hw_platform_0/ps7_init.tcl
targets -set -nocase -filter {name =~"APU*" && jtag_cable_name =~ "Platform Cable USB II 000013e2396701"} -index 0
loadhw -hw /home/nate/projects/duneWireTension/ElectricalMethod/firmware/source/sdk/design_1_wrapper_hw_platform_0/system.hdf -mem-ranges [list {0x40000000 0xbfffffff}]
configparams force-mem-access 1
targets -set -nocase -filter {name =~"APU*" && jtag_cable_name =~ "Platform Cable USB II 000013e2396701"} -index 0
stop
ps7_init
ps7_post_config
targets -set -nocase -filter {name =~ "ARM*#0" && jtag_cable_name =~ "Platform Cable USB II 000013e2396701"} -index 0
rst -processor
targets -set -nocase -filter {name =~ "ARM*#0" && jtag_cable_name =~ "Platform Cable USB II 000013e2396701"} -index 0
dow /home/nate/projects/duneWireTension/ElectricalMethod/firmware/source/sdk/lwip_ref/Debug/lwip_ref.elf
configparams force-mem-access 0
----------------End of Script----------------

15:10:57 INFO  : Context for processor 'ps7_cortexa9_0' is selected.
15:10:58 INFO  : 'con' command is executed.
15:10:58 INFO  : ----------------XSDB Script (After Launch)----------------
targets -set -nocase -filter {name =~ "ARM*#0" && jtag_cable_name =~ "Platform Cable USB II 000013e2396701"} -index 0
con
----------------End of Script----------------

15:10:58 INFO  : Disconnected from the channel tcfchan#5.
15:12:52 INFO  : 'targets -set -filter {jtag_cable_name =~ "Platform Cable USB II 000013e2396701" && level==0} -index 1' command is executed.
15:12:52 INFO  : 'fpga -state' command is executed.
15:12:52 INFO  : Connected to target on host '127.0.0.1' and port '3121'.
15:12:52 INFO  : Jtag cable 'Platform Cable USB II 000013e2396701' is selected.
15:12:52 INFO  : 'jtag frequency' command is executed.
15:12:52 INFO  : Sourcing of '/home/nate/projects/duneWireTension/ElectricalMethod/firmware/source/sdk/design_1_wrapper_hw_platform_0/ps7_init.tcl' is done.
15:12:52 INFO  : Context for 'APU' is selected.
15:12:55 INFO  : Hardware design information is loaded from '/home/nate/projects/duneWireTension/ElectricalMethod/firmware/source/sdk/design_1_wrapper_hw_platform_0/system.hdf'.
15:12:55 INFO  : 'configparams force-mem-access 1' command is executed.
15:12:55 INFO  : Context for 'APU' is selected.
15:12:55 INFO  : 'stop' command is executed.
15:12:57 INFO  : 'ps7_init' command is executed.
15:12:57 INFO  : 'ps7_post_config' command is executed.
15:12:57 INFO  : Context for processor 'ps7_cortexa9_0' is selected.
15:12:57 INFO  : Processor reset is completed for 'ps7_cortexa9_0'.
15:12:57 INFO  : Context for processor 'ps7_cortexa9_0' is selected.
15:13:00 INFO  : The application '/home/nate/projects/duneWireTension/ElectricalMethod/firmware/source/sdk/lwip_ref/Debug/lwip_ref.elf' is downloaded to processor 'ps7_cortexa9_0'.
15:13:00 INFO  : 'configparams force-mem-access 0' command is executed.
15:13:00 INFO  : ----------------XSDB Script----------------
connect -url tcp:127.0.0.1:3121
source /home/nate/projects/duneWireTension/ElectricalMethod/firmware/source/sdk/design_1_wrapper_hw_platform_0/ps7_init.tcl
targets -set -nocase -filter {name =~"APU*" && jtag_cable_name =~ "Platform Cable USB II 000013e2396701"} -index 0
loadhw -hw /home/nate/projects/duneWireTension/ElectricalMethod/firmware/source/sdk/design_1_wrapper_hw_platform_0/system.hdf -mem-ranges [list {0x40000000 0xbfffffff}]
configparams force-mem-access 1
targets -set -nocase -filter {name =~"APU*" && jtag_cable_name =~ "Platform Cable USB II 000013e2396701"} -index 0
stop
ps7_init
ps7_post_config
targets -set -nocase -filter {name =~ "ARM*#0" && jtag_cable_name =~ "Platform Cable USB II 000013e2396701"} -index 0
rst -processor
targets -set -nocase -filter {name =~ "ARM*#0" && jtag_cable_name =~ "Platform Cable USB II 000013e2396701"} -index 0
dow /home/nate/projects/duneWireTension/ElectricalMethod/firmware/source/sdk/lwip_ref/Debug/lwip_ref.elf
configparams force-mem-access 0
----------------End of Script----------------

15:13:00 INFO  : Context for processor 'ps7_cortexa9_0' is selected.
15:13:00 INFO  : 'con' command is executed.
15:13:00 INFO  : ----------------XSDB Script (After Launch)----------------
targets -set -nocase -filter {name =~ "ARM*#0" && jtag_cable_name =~ "Platform Cable USB II 000013e2396701"} -index 0
con
----------------End of Script----------------

15:13:00 INFO  : Disconnected from the channel tcfchan#6.
15:21:23 INFO  : 'targets -set -filter {jtag_cable_name =~ "Platform Cable USB II 000013e2396701" && level==0} -index 1' command is executed.
15:21:23 INFO  : 'fpga -state' command is executed.
15:21:23 INFO  : Connected to target on host '127.0.0.1' and port '3121'.
15:21:23 INFO  : Jtag cable 'Platform Cable USB II 000013e2396701' is selected.
15:21:23 INFO  : 'jtag frequency' command is executed.
15:21:23 INFO  : Sourcing of '/home/nate/projects/duneWireTension/ElectricalMethod/firmware/source/sdk/design_1_wrapper_hw_platform_0/ps7_init.tcl' is done.
15:21:23 INFO  : Context for 'APU' is selected.
15:21:25 INFO  : Hardware design information is loaded from '/home/nate/projects/duneWireTension/ElectricalMethod/firmware/source/sdk/design_1_wrapper_hw_platform_0/system.hdf'.
15:21:25 INFO  : 'configparams force-mem-access 1' command is executed.
15:21:25 INFO  : Context for 'APU' is selected.
15:21:25 INFO  : 'stop' command is executed.
15:21:27 INFO  : 'ps7_init' command is executed.
15:21:27 INFO  : 'ps7_post_config' command is executed.
15:21:27 INFO  : Context for processor 'ps7_cortexa9_0' is selected.
15:21:28 INFO  : Processor reset is completed for 'ps7_cortexa9_0'.
15:21:28 INFO  : Context for processor 'ps7_cortexa9_0' is selected.
15:21:30 INFO  : The application '/home/nate/projects/duneWireTension/ElectricalMethod/firmware/source/sdk/lwip_ref/Debug/lwip_ref.elf' is downloaded to processor 'ps7_cortexa9_0'.
15:21:30 INFO  : 'configparams force-mem-access 0' command is executed.
15:21:30 INFO  : ----------------XSDB Script----------------
connect -url tcp:127.0.0.1:3121
source /home/nate/projects/duneWireTension/ElectricalMethod/firmware/source/sdk/design_1_wrapper_hw_platform_0/ps7_init.tcl
targets -set -nocase -filter {name =~"APU*" && jtag_cable_name =~ "Platform Cable USB II 000013e2396701"} -index 0
loadhw -hw /home/nate/projects/duneWireTension/ElectricalMethod/firmware/source/sdk/design_1_wrapper_hw_platform_0/system.hdf -mem-ranges [list {0x40000000 0xbfffffff}]
configparams force-mem-access 1
targets -set -nocase -filter {name =~"APU*" && jtag_cable_name =~ "Platform Cable USB II 000013e2396701"} -index 0
stop
ps7_init
ps7_post_config
targets -set -nocase -filter {name =~ "ARM*#0" && jtag_cable_name =~ "Platform Cable USB II 000013e2396701"} -index 0
rst -processor
targets -set -nocase -filter {name =~ "ARM*#0" && jtag_cable_name =~ "Platform Cable USB II 000013e2396701"} -index 0
dow /home/nate/projects/duneWireTension/ElectricalMethod/firmware/source/sdk/lwip_ref/Debug/lwip_ref.elf
configparams force-mem-access 0
----------------End of Script----------------

15:21:42 INFO  : Disconnected from the channel tcfchan#7.
15:21:43 INFO  : 'targets -set -filter {jtag_cable_name =~ "Platform Cable USB II 000013e2396701" && level==0} -index 1' command is executed.
15:21:44 INFO  : 'fpga -state' command is executed.
15:21:44 INFO  : Connected to target on host '127.0.0.1' and port '3121'.
15:21:44 INFO  : Jtag cable 'Platform Cable USB II 000013e2396701' is selected.
15:21:44 INFO  : 'jtag frequency' command is executed.
15:21:44 INFO  : Sourcing of '/home/nate/projects/duneWireTension/ElectricalMethod/firmware/source/sdk/design_1_wrapper_hw_platform_0/ps7_init.tcl' is done.
15:21:44 INFO  : Context for 'APU' is selected.
15:21:46 INFO  : Hardware design information is loaded from '/home/nate/projects/duneWireTension/ElectricalMethod/firmware/source/sdk/design_1_wrapper_hw_platform_0/system.hdf'.
15:21:46 INFO  : 'configparams force-mem-access 1' command is executed.
15:21:46 INFO  : Context for 'APU' is selected.
15:21:47 INFO  : 'stop' command is executed.
15:21:48 INFO  : 'ps7_init' command is executed.
15:21:48 INFO  : 'ps7_post_config' command is executed.
15:21:49 INFO  : Context for processor 'ps7_cortexa9_0' is selected.
15:21:49 INFO  : Processor reset is completed for 'ps7_cortexa9_0'.
15:21:49 INFO  : Context for processor 'ps7_cortexa9_0' is selected.
15:21:51 INFO  : The application '/home/nate/projects/duneWireTension/ElectricalMethod/firmware/source/sdk/lwip_ref/Debug/lwip_ref.elf' is downloaded to processor 'ps7_cortexa9_0'.
15:21:51 INFO  : 'configparams force-mem-access 0' command is executed.
15:21:51 INFO  : ----------------XSDB Script----------------
connect -url tcp:127.0.0.1:3121
source /home/nate/projects/duneWireTension/ElectricalMethod/firmware/source/sdk/design_1_wrapper_hw_platform_0/ps7_init.tcl
targets -set -nocase -filter {name =~"APU*" && jtag_cable_name =~ "Platform Cable USB II 000013e2396701"} -index 0
loadhw -hw /home/nate/projects/duneWireTension/ElectricalMethod/firmware/source/sdk/design_1_wrapper_hw_platform_0/system.hdf -mem-ranges [list {0x40000000 0xbfffffff}]
configparams force-mem-access 1
targets -set -nocase -filter {name =~"APU*" && jtag_cable_name =~ "Platform Cable USB II 000013e2396701"} -index 0
stop
ps7_init
ps7_post_config
targets -set -nocase -filter {name =~ "ARM*#0" && jtag_cable_name =~ "Platform Cable USB II 000013e2396701"} -index 0
rst -processor
targets -set -nocase -filter {name =~ "ARM*#0" && jtag_cable_name =~ "Platform Cable USB II 000013e2396701"} -index 0
dow /home/nate/projects/duneWireTension/ElectricalMethod/firmware/source/sdk/lwip_ref/Debug/lwip_ref.elf
configparams force-mem-access 0
----------------End of Script----------------

15:21:51 INFO  : Context for processor 'ps7_cortexa9_0' is selected.
15:21:51 INFO  : 'con' command is executed.
15:21:51 INFO  : ----------------XSDB Script (After Launch)----------------
targets -set -nocase -filter {name =~ "ARM*#0" && jtag_cable_name =~ "Platform Cable USB II 000013e2396701"} -index 0
con
----------------End of Script----------------

15:21:51 INFO  : Disconnected from the channel tcfchan#8.
15:26:58 INFO  : 'targets -set -filter {jtag_cable_name =~ "Platform Cable USB II 000013e2396701" && level==0} -index 1' command is executed.
15:26:58 INFO  : 'fpga -state' command is executed.
15:26:58 INFO  : Connected to target on host '127.0.0.1' and port '3121'.
15:26:58 INFO  : Jtag cable 'Platform Cable USB II 000013e2396701' is selected.
15:26:58 INFO  : 'jtag frequency' command is executed.
15:26:58 INFO  : Sourcing of '/home/nate/projects/duneWireTension/ElectricalMethod/firmware/source/sdk/design_1_wrapper_hw_platform_0/ps7_init.tcl' is done.
15:26:58 INFO  : Context for 'APU' is selected.
15:27:01 INFO  : Hardware design information is loaded from '/home/nate/projects/duneWireTension/ElectricalMethod/firmware/source/sdk/design_1_wrapper_hw_platform_0/system.hdf'.
15:27:01 INFO  : 'configparams force-mem-access 1' command is executed.
15:27:01 INFO  : Context for 'APU' is selected.
15:27:01 INFO  : 'stop' command is executed.
15:27:03 INFO  : 'ps7_init' command is executed.
15:27:03 INFO  : 'ps7_post_config' command is executed.
15:27:03 INFO  : Context for processor 'ps7_cortexa9_0' is selected.
15:27:03 INFO  : Processor reset is completed for 'ps7_cortexa9_0'.
15:27:03 INFO  : Context for processor 'ps7_cortexa9_0' is selected.
15:27:05 INFO  : The application '/home/nate/projects/duneWireTension/ElectricalMethod/firmware/source/sdk/lwip_ref/Debug/lwip_ref.elf' is downloaded to processor 'ps7_cortexa9_0'.
15:27:05 INFO  : 'configparams force-mem-access 0' command is executed.
15:27:05 INFO  : ----------------XSDB Script----------------
connect -url tcp:127.0.0.1:3121
source /home/nate/projects/duneWireTension/ElectricalMethod/firmware/source/sdk/design_1_wrapper_hw_platform_0/ps7_init.tcl
targets -set -nocase -filter {name =~"APU*" && jtag_cable_name =~ "Platform Cable USB II 000013e2396701"} -index 0
loadhw -hw /home/nate/projects/duneWireTension/ElectricalMethod/firmware/source/sdk/design_1_wrapper_hw_platform_0/system.hdf -mem-ranges [list {0x40000000 0xbfffffff}]
configparams force-mem-access 1
targets -set -nocase -filter {name =~"APU*" && jtag_cable_name =~ "Platform Cable USB II 000013e2396701"} -index 0
stop
ps7_init
ps7_post_config
targets -set -nocase -filter {name =~ "ARM*#0" && jtag_cable_name =~ "Platform Cable USB II 000013e2396701"} -index 0
rst -processor
targets -set -nocase -filter {name =~ "ARM*#0" && jtag_cable_name =~ "Platform Cable USB II 000013e2396701"} -index 0
dow /home/nate/projects/duneWireTension/ElectricalMethod/firmware/source/sdk/lwip_ref/Debug/lwip_ref.elf
configparams force-mem-access 0
----------------End of Script----------------

15:27:18 INFO  : Disconnected from the channel tcfchan#9.
15:29:47 INFO  : 'targets -set -filter {jtag_cable_name =~ "Platform Cable USB II 000013e2396701" && level==0} -index 1' command is executed.
15:29:47 INFO  : 'fpga -state' command is executed.
15:29:47 INFO  : Connected to target on host '127.0.0.1' and port '3121'.
15:29:47 INFO  : Jtag cable 'Platform Cable USB II 000013e2396701' is selected.
15:29:47 INFO  : 'jtag frequency' command is executed.
15:29:47 INFO  : Sourcing of '/home/nate/projects/duneWireTension/ElectricalMethod/firmware/source/sdk/design_1_wrapper_hw_platform_0/ps7_init.tcl' is done.
15:29:47 INFO  : Context for 'APU' is selected.
15:29:47 INFO  : Hardware design information is loaded from '/home/nate/projects/duneWireTension/ElectricalMethod/firmware/source/sdk/design_1_wrapper_hw_platform_0/system.hdf'.
15:29:47 INFO  : 'configparams force-mem-access 1' command is executed.
15:29:47 INFO  : Context for 'APU' is selected.
15:29:47 INFO  : 'stop' command is executed.
15:29:49 INFO  : 'ps7_init' command is executed.
15:29:49 INFO  : 'ps7_post_config' command is executed.
15:29:49 INFO  : Context for processor 'ps7_cortexa9_0' is selected.
15:29:49 INFO  : Processor reset is completed for 'ps7_cortexa9_0'.
15:29:49 INFO  : Context for processor 'ps7_cortexa9_0' is selected.
15:29:52 INFO  : The application '/home/nate/projects/duneWireTension/ElectricalMethod/firmware/source/sdk/lwip_ref/Release/lwip_ref.elf' is downloaded to processor 'ps7_cortexa9_0'.
15:29:52 INFO  : 'configparams force-mem-access 0' command is executed.
15:29:52 INFO  : ----------------XSDB Script----------------
connect -url tcp:127.0.0.1:3121
source /home/nate/projects/duneWireTension/ElectricalMethod/firmware/source/sdk/design_1_wrapper_hw_platform_0/ps7_init.tcl
targets -set -nocase -filter {name =~"APU*" && jtag_cable_name =~ "Platform Cable USB II 000013e2396701"} -index 0
loadhw -hw /home/nate/projects/duneWireTension/ElectricalMethod/firmware/source/sdk/design_1_wrapper_hw_platform_0/system.hdf -mem-ranges [list {0x40000000 0xbfffffff}]
configparams force-mem-access 1
targets -set -nocase -filter {name =~"APU*" && jtag_cable_name =~ "Platform Cable USB II 000013e2396701"} -index 0
stop
ps7_init
ps7_post_config
targets -set -nocase -filter {name =~ "ARM*#0" && jtag_cable_name =~ "Platform Cable USB II 000013e2396701"} -index 0
rst -processor
targets -set -nocase -filter {name =~ "ARM*#0" && jtag_cable_name =~ "Platform Cable USB II 000013e2396701"} -index 0
dow /home/nate/projects/duneWireTension/ElectricalMethod/firmware/source/sdk/lwip_ref/Release/lwip_ref.elf
configparams force-mem-access 0
----------------End of Script----------------

15:29:52 INFO  : Context for processor 'ps7_cortexa9_0' is selected.
15:29:52 INFO  : 'con' command is executed.
15:29:52 INFO  : ----------------XSDB Script (After Launch)----------------
targets -set -nocase -filter {name =~ "ARM*#0" && jtag_cable_name =~ "Platform Cable USB II 000013e2396701"} -index 0
con
----------------End of Script----------------

15:29:52 INFO  : Disconnected from the channel tcfchan#10.
15:31:37 INFO  : Invoking Bootgen: bootgen -image output.bif -arch zynq -o /home/nate/projects/duneWireTension/ElectricalMethod/firmware/scripts/implementation/BOOT.bin -w on
15:31:37 INFO  : Overwriting existing bif file /home/nate/projects/duneWireTension/ElectricalMethod/firmware/scripts/implementation/output.bif
15:31:38 INFO  : Bootgen command execution is done.
15:46:24 INFO  : Connected to target on host '127.0.0.1' and port '3121'.
14:53:42 INFO  : 'targets -set -filter {jtag_cable_name =~ "Platform Cable USB II 000013e2396701" && level==0} -index 1' command is executed.
14:53:42 INFO  : 'fpga -state' command is executed.
14:53:42 INFO  : Connected to target on host '127.0.0.1' and port '3121'.
14:53:43 INFO  : Jtag cable 'Platform Cable USB II 000013e2396701' is selected.
14:53:43 INFO  : 'jtag frequency' command is executed.
14:53:43 INFO  : Sourcing of '/home/nate/projects/duneWireTension/ElectricalMethod/firmware/source/sdk/design_1_wrapper_hw_platform_0/ps7_init.tcl' is done.
14:53:43 INFO  : Context for 'APU' is selected.
14:53:43 INFO  : Hardware design information is loaded from '/home/nate/projects/duneWireTension/ElectricalMethod/firmware/source/sdk/design_1_wrapper_hw_platform_0/system.hdf'.
14:53:43 INFO  : 'configparams force-mem-access 1' command is executed.
14:53:43 INFO  : Context for 'APU' is selected.
14:53:43 INFO  : 'stop' command is executed.
14:53:45 INFO  : 'ps7_init' command is executed.
14:53:45 INFO  : 'ps7_post_config' command is executed.
14:53:45 INFO  : Context for processor 'ps7_cortexa9_0' is selected.
14:53:45 INFO  : Processor reset is completed for 'ps7_cortexa9_0'.
14:53:45 INFO  : Context for processor 'ps7_cortexa9_0' is selected.
14:53:48 INFO  : The application '/home/nate/projects/duneWireTension/ElectricalMethod/firmware/source/sdk/lwip_ref/Release/lwip_ref.elf' is downloaded to processor 'ps7_cortexa9_0'.
14:53:48 INFO  : 'configparams force-mem-access 0' command is executed.
14:53:48 INFO  : ----------------XSDB Script----------------
connect -url tcp:127.0.0.1:3121
source /home/nate/projects/duneWireTension/ElectricalMethod/firmware/source/sdk/design_1_wrapper_hw_platform_0/ps7_init.tcl
targets -set -nocase -filter {name =~"APU*" && jtag_cable_name =~ "Platform Cable USB II 000013e2396701"} -index 0
loadhw -hw /home/nate/projects/duneWireTension/ElectricalMethod/firmware/source/sdk/design_1_wrapper_hw_platform_0/system.hdf -mem-ranges [list {0x40000000 0xbfffffff}]
configparams force-mem-access 1
targets -set -nocase -filter {name =~"APU*" && jtag_cable_name =~ "Platform Cable USB II 000013e2396701"} -index 0
stop
ps7_init
ps7_post_config
targets -set -nocase -filter {name =~ "ARM*#0" && jtag_cable_name =~ "Platform Cable USB II 000013e2396701"} -index 0
rst -processor
targets -set -nocase -filter {name =~ "ARM*#0" && jtag_cable_name =~ "Platform Cable USB II 000013e2396701"} -index 0
dow /home/nate/projects/duneWireTension/ElectricalMethod/firmware/source/sdk/lwip_ref/Release/lwip_ref.elf
configparams force-mem-access 0
----------------End of Script----------------

14:54:00 INFO  : Disconnected from the channel tcfchan#11.
14:54:52 INFO  : 'targets -set -filter {jtag_cable_name =~ "Platform Cable USB II 000013e2396701" && level==0} -index 1' command is executed.
14:54:52 INFO  : 'fpga -state' command is executed.
14:54:52 INFO  : Connected to target on host '127.0.0.1' and port '3121'.
14:54:53 INFO  : Jtag cable 'Platform Cable USB II 000013e2396701' is selected.
14:54:53 INFO  : 'jtag frequency' command is executed.
14:54:53 INFO  : Sourcing of '/home/nate/projects/duneWireTension/ElectricalMethod/firmware/source/sdk/design_1_wrapper_hw_platform_0/ps7_init.tcl' is done.
14:54:53 INFO  : Context for 'APU' is selected.
14:54:54 INFO  : Hardware design information is loaded from '/home/nate/projects/duneWireTension/ElectricalMethod/firmware/source/sdk/design_1_wrapper_hw_platform_0/system.hdf'.
14:54:54 INFO  : 'configparams force-mem-access 1' command is executed.
14:54:54 INFO  : Context for 'APU' is selected.
14:54:54 INFO  : 'stop' command is executed.
14:54:56 INFO  : 'ps7_init' command is executed.
14:54:56 INFO  : 'ps7_post_config' command is executed.
14:54:56 INFO  : Context for processor 'ps7_cortexa9_0' is selected.
14:54:56 INFO  : Processor reset is completed for 'ps7_cortexa9_0'.
14:54:56 INFO  : Context for processor 'ps7_cortexa9_0' is selected.
14:54:58 INFO  : The application '/home/nate/projects/duneWireTension/ElectricalMethod/firmware/source/sdk/lwip_ref/Release/lwip_ref.elf' is downloaded to processor 'ps7_cortexa9_0'.
14:54:58 INFO  : 'configparams force-mem-access 0' command is executed.
14:54:58 INFO  : ----------------XSDB Script----------------
connect -url tcp:127.0.0.1:3121
source /home/nate/projects/duneWireTension/ElectricalMethod/firmware/source/sdk/design_1_wrapper_hw_platform_0/ps7_init.tcl
targets -set -nocase -filter {name =~"APU*" && jtag_cable_name =~ "Platform Cable USB II 000013e2396701"} -index 0
loadhw -hw /home/nate/projects/duneWireTension/ElectricalMethod/firmware/source/sdk/design_1_wrapper_hw_platform_0/system.hdf -mem-ranges [list {0x40000000 0xbfffffff}]
configparams force-mem-access 1
targets -set -nocase -filter {name =~"APU*" && jtag_cable_name =~ "Platform Cable USB II 000013e2396701"} -index 0
stop
ps7_init
ps7_post_config
targets -set -nocase -filter {name =~ "ARM*#0" && jtag_cable_name =~ "Platform Cable USB II 000013e2396701"} -index 0
rst -processor
targets -set -nocase -filter {name =~ "ARM*#0" && jtag_cable_name =~ "Platform Cable USB II 000013e2396701"} -index 0
dow /home/nate/projects/duneWireTension/ElectricalMethod/firmware/source/sdk/lwip_ref/Release/lwip_ref.elf
configparams force-mem-access 0
----------------End of Script----------------

14:55:11 INFO  : Disconnected from the channel tcfchan#12.
14:55:17 INFO  : 'targets -set -filter {jtag_cable_name =~ "Platform Cable USB II 000013e2396701" && level==0} -index 1' command is executed.
14:55:17 INFO  : 'fpga -state' command is executed.
14:55:17 INFO  : Connected to target on host '127.0.0.1' and port '3121'.
14:55:17 INFO  : Jtag cable 'Platform Cable USB II 000013e2396701' is selected.
14:55:17 INFO  : 'jtag frequency' command is executed.
14:55:17 INFO  : Sourcing of '/home/nate/projects/duneWireTension/ElectricalMethod/firmware/source/sdk/design_1_wrapper_hw_platform_0/ps7_init.tcl' is done.
14:55:17 INFO  : Context for 'APU' is selected.
14:55:19 INFO  : Hardware design information is loaded from '/home/nate/projects/duneWireTension/ElectricalMethod/firmware/source/sdk/design_1_wrapper_hw_platform_0/system.hdf'.
14:55:19 INFO  : 'configparams force-mem-access 1' command is executed.
14:55:19 INFO  : Context for 'APU' is selected.
14:55:19 INFO  : 'stop' command is executed.
14:55:21 INFO  : 'ps7_init' command is executed.
14:55:21 INFO  : 'ps7_post_config' command is executed.
14:55:21 INFO  : Context for processor 'ps7_cortexa9_0' is selected.
14:55:21 INFO  : Processor reset is completed for 'ps7_cortexa9_0'.
14:55:21 INFO  : Context for processor 'ps7_cortexa9_0' is selected.
14:55:23 INFO  : The application '/home/nate/projects/duneWireTension/ElectricalMethod/firmware/source/sdk/lwip_ref/Release/lwip_ref.elf' is downloaded to processor 'ps7_cortexa9_0'.
14:55:23 INFO  : 'configparams force-mem-access 0' command is executed.
14:55:23 INFO  : ----------------XSDB Script----------------
connect -url tcp:127.0.0.1:3121
source /home/nate/projects/duneWireTension/ElectricalMethod/firmware/source/sdk/design_1_wrapper_hw_platform_0/ps7_init.tcl
targets -set -nocase -filter {name =~"APU*" && jtag_cable_name =~ "Platform Cable USB II 000013e2396701"} -index 0
loadhw -hw /home/nate/projects/duneWireTension/ElectricalMethod/firmware/source/sdk/design_1_wrapper_hw_platform_0/system.hdf -mem-ranges [list {0x40000000 0xbfffffff}]
configparams force-mem-access 1
targets -set -nocase -filter {name =~"APU*" && jtag_cable_name =~ "Platform Cable USB II 000013e2396701"} -index 0
stop
ps7_init
ps7_post_config
targets -set -nocase -filter {name =~ "ARM*#0" && jtag_cable_name =~ "Platform Cable USB II 000013e2396701"} -index 0
rst -processor
targets -set -nocase -filter {name =~ "ARM*#0" && jtag_cable_name =~ "Platform Cable USB II 000013e2396701"} -index 0
dow /home/nate/projects/duneWireTension/ElectricalMethod/firmware/source/sdk/lwip_ref/Release/lwip_ref.elf
configparams force-mem-access 0
----------------End of Script----------------

14:55:23 INFO  : Memory regions updated for context APU
14:55:23 INFO  : Context for processor 'ps7_cortexa9_0' is selected.
14:55:24 INFO  : 'con' command is executed.
14:55:24 INFO  : ----------------XSDB Script (After Launch)----------------
targets -set -nocase -filter {name =~ "ARM*#0" && jtag_cable_name =~ "Platform Cable USB II 000013e2396701"} -index 0
con
----------------End of Script----------------

14:55:24 INFO  : Launch script is exported to file '/home/nate/projects/duneWireTension/ElectricalMethod/firmware/source/sdk/.sdk/launch_scripts/xilinx_c-c++_application_(system_debugger)/system_debugger_using_release_lwip_ref.elf_on_local.tcl'
14:56:18 INFO  : Disconnected from the channel tcfchan#13.
14:56:19 INFO  : 'targets -set -filter {jtag_cable_name =~ "Platform Cable USB II 000013e2396701" && level==0} -index 1' command is executed.
14:56:19 INFO  : 'fpga -state' command is executed.
14:56:19 INFO  : Connected to target on host '127.0.0.1' and port '3121'.
14:56:19 INFO  : Jtag cable 'Platform Cable USB II 000013e2396701' is selected.
14:56:19 INFO  : 'jtag frequency' command is executed.
14:56:19 INFO  : Sourcing of '/home/nate/projects/duneWireTension/ElectricalMethod/firmware/source/sdk/design_1_wrapper_hw_platform_0/ps7_init.tcl' is done.
14:56:19 INFO  : Context for 'APU' is selected.
14:56:21 INFO  : Hardware design information is loaded from '/home/nate/projects/duneWireTension/ElectricalMethod/firmware/source/sdk/design_1_wrapper_hw_platform_0/system.hdf'.
14:56:21 INFO  : 'configparams force-mem-access 1' command is executed.
14:56:21 INFO  : Context for 'APU' is selected.
14:56:21 INFO  : 'stop' command is executed.
14:56:22 INFO  : 'ps7_init' command is executed.
14:56:22 INFO  : 'ps7_post_config' command is executed.
14:56:23 INFO  : Context for processor 'ps7_cortexa9_0' is selected.
14:56:23 INFO  : Processor reset is completed for 'ps7_cortexa9_0'.
14:56:23 INFO  : Context for processor 'ps7_cortexa9_0' is selected.
14:56:25 INFO  : The application '/home/nate/projects/duneWireTension/ElectricalMethod/firmware/source/sdk/lwip_ref/Release/lwip_ref.elf' is downloaded to processor 'ps7_cortexa9_0'.
14:56:25 INFO  : 'configparams force-mem-access 0' command is executed.
14:56:25 INFO  : ----------------XSDB Script----------------
connect -url tcp:127.0.0.1:3121
source /home/nate/projects/duneWireTension/ElectricalMethod/firmware/source/sdk/design_1_wrapper_hw_platform_0/ps7_init.tcl
targets -set -nocase -filter {name =~"APU*" && jtag_cable_name =~ "Platform Cable USB II 000013e2396701"} -index 0
loadhw -hw /home/nate/projects/duneWireTension/ElectricalMethod/firmware/source/sdk/design_1_wrapper_hw_platform_0/system.hdf -mem-ranges [list {0x40000000 0xbfffffff}]
configparams force-mem-access 1
targets -set -nocase -filter {name =~"APU*" && jtag_cable_name =~ "Platform Cable USB II 000013e2396701"} -index 0
stop
ps7_init
ps7_post_config
targets -set -nocase -filter {name =~ "ARM*#0" && jtag_cable_name =~ "Platform Cable USB II 000013e2396701"} -index 0
rst -processor
targets -set -nocase -filter {name =~ "ARM*#0" && jtag_cable_name =~ "Platform Cable USB II 000013e2396701"} -index 0
dow /home/nate/projects/duneWireTension/ElectricalMethod/firmware/source/sdk/lwip_ref/Release/lwip_ref.elf
configparams force-mem-access 0
----------------End of Script----------------

14:56:25 INFO  : Memory regions updated for context APU
14:56:25 INFO  : Context for processor 'ps7_cortexa9_0' is selected.
14:56:25 INFO  : 'con' command is executed.
14:56:25 INFO  : ----------------XSDB Script (After Launch)----------------
targets -set -nocase -filter {name =~ "ARM*#0" && jtag_cable_name =~ "Platform Cable USB II 000013e2396701"} -index 0
con
----------------End of Script----------------

14:56:25 INFO  : Launch script is exported to file '/home/nate/projects/duneWireTension/ElectricalMethod/firmware/source/sdk/.sdk/launch_scripts/xilinx_c-c++_application_(system_debugger)/system_debugger_using_release_lwip_ref.elf_on_local.tcl'
14:57:26 INFO  : Invoking Bootgen: bootgen -image output.bif -arch zynq -o /home/nate/projects/duneWireTension/ElectricalMethod/firmware/scripts/implementation/BOOT.bin -w on
14:57:27 INFO  : Bootgen command execution is done.
13:33:13 INFO  : Invoking Bootgen: bootgen -image output.bif -arch zynq -o /home/nate/projects/duneWireTension/ElectricalMethod/firmware/scripts/implementation/BOOT.bin -w on
13:33:14 INFO  : Bootgen command execution is done.
14:18:39 WARN  : channel "tcfchan#14" closed
18:44:48 INFO  : Registering command handlers for SDK TCF services
18:44:49 INFO  : Launching XSCT server: xsct -n -interactive /home/nate/projects/duneWireTension/ElectricalMethod/firmware/source/sdk/temp_xsdb_launch_script.tcl
18:44:50 INFO  : XSCT server has started successfully.
18:44:50 INFO  : Successfully done setting XSCT server connection channel  
18:44:50 INFO  : Successfully done setting SDK workspace  
18:44:50 INFO  : Processing command line option -hwspec /home/nate/projects/duneWireTension/ElectricalMethod/firmware/source/sdk/dwa_ps_bd_wrapper.hdf.
18:46:27 ERROR : The Hardware Project referenced by this BSP (dwaFsbl_bsp) was not found in this workspace. As a result, this BSP will not build properly. To fix this error, please import the associated hardware project or recreate a new BSP targeting an existing hardware platform.
18:48:00 ERROR : The Hardware Project referenced by this BSP (lwip_echo1_bsp) was not found in this workspace. As a result, this BSP will not build properly. To fix this error, please import the associated hardware project or recreate a new BSP targeting an existing hardware platform.
18:49:53 ERROR : (XSDB Server)ERROR: [Hsi 55-1594] Core PLAXI_INTERFACE of version 1.0 not found in repositories
ERROR: [Hsi 55-1403] /home/nate/projects/duneWireTension/ElectricalMethod/firmware/source/sdk/dwaFsbl_bsp/system.mss line 21 - No IP instance named PLAXI_INTERFACE_0 present in hardware design

18:49:53 ERROR : (XSDB Server)ERROR: [Hsi 55-1452] Error: running open_sw_design.

18:49:53 ERROR :  [Common 17-39] 'hsi::open_sw_design' failed due to earlier errors.
18:49:53 ERROR : (XSDB Server)ERROR: [Hsi 55-1594] Core PLAXI_INTERFACE of version 1.0 not found in repositories
ERROR: [Hsi 55-1403] /home/nate/projects/duneWireTension/ElectricalMethod/firmware/source/sdk/dwaFsbl_bsp/system.mss line 21 - No IP instance named PLAXI_INTERFACE_0 present in hardware design

18:49:53 ERROR : (XSDB Server)ERROR: [Hsi 55-1452] Error: running open_sw_design.

18:49:53 INFO  : Unable to read in MSS file /home/nate/projects/duneWireTension/ElectricalMethod/firmware/source/sdk/dwaFsbl_bsp/system.mss : null
18:49:53 ERROR : (XSDB Server)ERROR: [Hsi 55-1594] Core PLAXI_INTERFACE of version 1.0 not found in repositories
ERROR: [Hsi 55-1403] /home/nate/projects/duneWireTension/ElectricalMethod/firmware/source/sdk/dwaFsbl_bsp/system.mss line 21 - No IP instance named PLAXI_INTERFACE_0 present in hardware design

18:49:53 ERROR : (XSDB Server)ERROR: [Hsi 55-1452] Error: running open_sw_design.

18:49:53 ERROR : (XSDB Server)ERROR: [Hsi 55-1594] Core PLAXI_INTERFACE of version 1.0 not found in repositories
ERROR: [Hsi 55-1403] /home/nate/projects/duneWireTension/ElectricalMethod/firmware/source/sdk/dwaFsbl_bsp/system.mss line 21 - No IP instance named PLAXI_INTERFACE_0 present in hardware design

18:49:53 ERROR : (XSDB Server)ERROR: [Hsi 55-1452] Error: running open_sw_design.

18:49:53 ERROR : Failed to get_connected_periphs
Reason: ERROR: [Common 17-55] 'get_property' expects at least one object.
Resolution: If [get_<value>] was used to populate the object, check to make sure this command returns at least one valid object.

18:49:59 ERROR : (XSDB Server)ERROR: [Hsi 55-1594] Core PLAXI_INTERFACE of version 1.0 not found in repositories
ERROR: [Hsi 55-1403] /home/nate/projects/duneWireTension/ElectricalMethod/firmware/source/sdk/dwaFsbl_bsp/system.mss line 21 - No IP instance named PLAXI_INTERFACE_0 present in hardware design

18:49:59 ERROR :  [Common 17-39] 'hsi::open_sw_design' failed due to earlier errors.
18:49:59 ERROR : (XSDB Server)ERROR: [Hsi 55-1452] Error: running open_sw_design.

18:49:59 ERROR : (XSDB Server)ERROR: [Hsi 55-1594] Core PLAXI_INTERFACE of version 1.0 not found in repositories

18:49:59 ERROR : (XSDB Server)ERROR: [Hsi 55-1403] /home/nate/projects/duneWireTension/ElectricalMethod/firmware/source/sdk/dwaFsbl_bsp/system.mss line 21 - No IP instance named PLAXI_INTERFACE_0 present in hardware design

18:49:59 ERROR : (XSDB Server)ERROR: [Hsi 55-1452] Error: running open_sw_design.

18:49:59 INFO  : Unable to read in MSS file /home/nate/projects/duneWireTension/ElectricalMethod/firmware/source/sdk/dwaFsbl_bsp/system.mss : null
18:49:59 ERROR : Failed to closesw "/home/nate/projects/duneWireTension/ElectricalMethod/firmware/source/sdk/dwaFsbl_bsp/system.mss"
Reason: Cannot close sw design '/home/nate/projects/duneWireTension/ElectricalMethod/firmware/source/sdk/dwaFsbl_bsp/system.mss'.
Design is not opened in the current session.


18:50:10 ERROR : (XSDB Server)ERROR: [Hsi 55-1594] Core PLAXI_INTERFACE of version 1.0 not found in repositories
ERROR: [Hsi 55-1403] /home/nate/projects/duneWireTension/ElectricalMethod/firmware/source/sdk/dwaFsbl_bsp/system.mss line 21 - No IP instance named PLAXI_INTERFACE_0 present in hardware design

18:50:10 ERROR :  [Common 17-39] 'hsi::open_sw_design' failed due to earlier errors.
18:50:10 ERROR : (XSDB Server)ERROR: [Hsi 55-1452] Error: running open_sw_design.

18:50:10 ERROR : (XSDB Server)ERROR: [Hsi 55-1594] Core PLAXI_INTERFACE of version 1.0 not found in repositories

18:50:10 ERROR : (XSDB Server)ERROR: [Hsi 55-1403] /home/nate/projects/duneWireTension/ElectricalMethod/firmware/source/sdk/dwaFsbl_bsp/system.mss line 21 - No IP instance named PLAXI_INTERFACE_0 present in hardware design

18:50:10 ERROR : (XSDB Server)ERROR: [Hsi 55-1452] Error: running open_sw_design.

18:50:10 INFO  : Unable to read in MSS file /home/nate/projects/duneWireTension/ElectricalMethod/firmware/source/sdk/dwaFsbl_bsp/system.mss : null
18:50:10 ERROR : Failed to closesw "/home/nate/projects/duneWireTension/ElectricalMethod/firmware/source/sdk/dwaFsbl_bsp/system.mss"
Reason: Cannot close sw design '/home/nate/projects/duneWireTension/ElectricalMethod/firmware/source/sdk/dwaFsbl_bsp/system.mss'.
Design is not opened in the current session.


18:50:21 ERROR : (XSDB Server)ERROR: [Hsi 55-1594] Core PLAXI_INTERFACE of version 1.0 not found in repositories

18:50:21 ERROR :  [Common 17-39] 'hsi::open_sw_design' failed due to earlier errors.
18:50:21 ERROR : (XSDB Server)ERROR: [Hsi 55-1403] /home/nate/projects/duneWireTension/ElectricalMethod/firmware/source/sdk/dwaFsbl_bsp/system.mss line 21 - No IP instance named PLAXI_INTERFACE_0 present in hardware design
ERROR: [Hsi 55-1452] Error: running open_sw_design.

18:50:21 ERROR : (XSDB Server)ERROR: [Hsi 55-1594] Core PLAXI_INTERFACE of version 1.0 not found in repositories
ERROR: [Hsi 55-1403] /home/nate/projects/duneWireTension/ElectricalMethod/firmware/source/sdk/dwaFsbl_bsp/system.mss line 21 - No IP instance named PLAXI_INTERFACE_0 present in hardware design

18:50:21 ERROR : (XSDB Server)ERROR: [Hsi 55-1452] Error: running open_sw_design.

18:50:21 INFO  : Unable to read in MSS file /home/nate/projects/duneWireTension/ElectricalMethod/firmware/source/sdk/dwaFsbl_bsp/system.mss : null
18:50:21 ERROR : (XSDB Server)ERROR: [Hsi 55-1594] Core PLAXI_INTERFACE of version 1.0 not found in repositories

18:50:21 ERROR : (XSDB Server)ERROR: [Hsi 55-1403] /home/nate/projects/duneWireTension/ElectricalMethod/firmware/source/sdk/dwaFsbl_bsp/system.mss line 21 - No IP instance named PLAXI_INTERFACE_0 present in hardware design

18:50:21 ERROR : (XSDB Server)ERROR: [Hsi 55-1452] Error: running open_sw_design.

18:50:21 ERROR : (XSDB Server)ERROR: [Hsi 55-1594] Core PLAXI_INTERFACE of version 1.0 not found in repositories

18:50:21 ERROR : (XSDB Server)ERROR: [Hsi 55-1403] /home/nate/projects/duneWireTension/ElectricalMethod/firmware/source/sdk/dwaFsbl_bsp/system.mss line 21 - No IP instance named PLAXI_INTERFACE_0 present in hardware design

18:50:21 ERROR : (XSDB Server)ERROR: [Hsi 55-1452] Error: running open_sw_design.

18:50:21 ERROR : Failed to get_connected_periphs
Reason: ERROR: [Common 17-55] 'get_property' expects at least one object.
Resolution: If [get_<value>] was used to populate the object, check to make sure this command returns at least one valid object.

18:50:25 ERROR : (XSDB Server)ERROR: [Hsi 55-1594] Core PLAXI_INTERFACE of version 1.0 not found in repositories
ERROR: [Hsi 55-1403] /home/nate/projects/duneWireTension/ElectricalMethod/firmware/source/sdk/dwaFsbl_bsp/system.mss line 21 - No IP instance named PLAXI_INTERFACE_0 present in hardware design

18:50:25 ERROR :  [Common 17-39] 'hsi::open_sw_design' failed due to earlier errors.
18:50:25 ERROR : (XSDB Server)ERROR: [Hsi 55-1452] Error: running open_sw_design.

18:50:25 ERROR : (XSDB Server)ERROR: [Hsi 55-1594] Core PLAXI_INTERFACE of version 1.0 not found in repositories
ERROR: [Hsi 55-1403] /home/nate/projects/duneWireTension/ElectricalMethod/firmware/source/sdk/dwaFsbl_bsp/system.mss line 21 - No IP instance named PLAXI_INTERFACE_0 present in hardware design

18:50:25 ERROR : (XSDB Server)ERROR: [Hsi 55-1452] Error: running open_sw_design.

18:50:25 INFO  : Unable to read in MSS file /home/nate/projects/duneWireTension/ElectricalMethod/firmware/source/sdk/dwaFsbl_bsp/system.mss : null
18:50:25 ERROR : Failed to closesw "/home/nate/projects/duneWireTension/ElectricalMethod/firmware/source/sdk/dwaFsbl_bsp/system.mss"
Reason: Cannot close sw design '/home/nate/projects/duneWireTension/ElectricalMethod/firmware/source/sdk/dwaFsbl_bsp/system.mss'.
Design is not opened in the current session.


18:50:35 ERROR : (XSDB Server)ERROR: [Hsi 55-1594] Core PLAXI_INTERFACE of version 1.0 not found in repositories
ERROR: [Hsi 55-1403] /home/nate/projects/duneWireTension/ElectricalMethod/firmware/source/sdk/dwaFsbl_bsp/system.mss line 21 - No IP instance named PLAXI_INTERFACE_0 present in hardware design

18:50:35 ERROR :  [Common 17-39] 'hsi::open_sw_design' failed due to earlier errors.
18:50:35 ERROR : (XSDB Server)ERROR: [Hsi 55-1452] Error: running open_sw_design.

18:50:35 ERROR : (XSDB Server)ERROR: [Hsi 55-1594] Core PLAXI_INTERFACE of version 1.0 not found in repositories
ERROR: [Hsi 55-1403] /home/nate/projects/duneWireTension/ElectricalMethod/firmware/source/sdk/dwaFsbl_bsp/system.mss line 21 - No IP instance named PLAXI_INTERFACE_0 present in hardware design

18:50:35 ERROR : (XSDB Server)ERROR: [Hsi 55-1452] Error: running open_sw_design.

18:50:35 INFO  : Unable to read in MSS file /home/nate/projects/duneWireTension/ElectricalMethod/firmware/source/sdk/dwaFsbl_bsp/system.mss : null
18:50:35 ERROR : Failed to closesw "/home/nate/projects/duneWireTension/ElectricalMethod/firmware/source/sdk/dwaFsbl_bsp/system.mss"
Reason: Cannot close sw design '/home/nate/projects/duneWireTension/ElectricalMethod/firmware/source/sdk/dwaFsbl_bsp/system.mss'.
Design is not opened in the current session.


18:50:39 ERROR : (XSDB Server)ERROR: [Hsi 55-1594] Core PLAXI_INTERFACE of version 1.0 not found in repositories
ERROR: [Hsi 55-1403] /home/nate/projects/duneWireTension/ElectricalMethod/firmware/source/sdk/dwaFsbl_bsp/system.mss line 21 - No IP instance named PLAXI_INTERFACE_0 present in hardware design

18:50:39 ERROR :  [Common 17-39] 'hsi::open_sw_design' failed due to earlier errors.
18:50:39 ERROR : (XSDB Server)ERROR: [Hsi 55-1452] Error: running open_sw_design.

18:50:39 ERROR : (XSDB Server)ERROR: [Hsi 55-1594] Core PLAXI_INTERFACE of version 1.0 not found in repositories

18:50:39 ERROR : (XSDB Server)ERROR: [Hsi 55-1403] /home/nate/projects/duneWireTension/ElectricalMethod/firmware/source/sdk/dwaFsbl_bsp/system.mss line 21 - No IP instance named PLAXI_INTERFACE_0 present in hardware design

18:50:39 ERROR : (XSDB Server)ERROR: [Hsi 55-1452] Error: running open_sw_design.

18:50:39 INFO  : Unable to read in MSS file /home/nate/projects/duneWireTension/ElectricalMethod/firmware/source/sdk/dwaFsbl_bsp/system.mss : null
18:50:39 ERROR : (XSDB Server)ERROR: [Hsi 55-1594] Core PLAXI_INTERFACE of version 1.0 not found in repositories
ERROR: [Hsi 55-1403] /home/nate/projects/duneWireTension/ElectricalMethod/firmware/source/sdk/dwaFsbl_bsp/system.mss line 21 - No IP instance named PLAXI_INTERFACE_0 present in hardware design

18:50:39 ERROR : (XSDB Server)ERROR: [Hsi 55-1452] Error: running open_sw_design.

18:50:39 ERROR : (XSDB Server)ERROR: [Hsi 55-1594] Core PLAXI_INTERFACE of version 1.0 not found in repositories
ERROR: [Hsi 55-1403] /home/nate/projects/duneWireTension/ElectricalMethod/firmware/source/sdk/dwaFsbl_bsp/system.mss line 21 - No IP instance named PLAXI_INTERFACE_0 present in hardware design

18:50:39 ERROR : (XSDB Server)ERROR: [Hsi 55-1452] Error: running open_sw_design.

18:50:39 ERROR : Failed to get_connected_periphs
Reason: ERROR: [Common 17-55] 'get_property' expects at least one object.
Resolution: If [get_<value>] was used to populate the object, check to make sure this command returns at least one valid object.

18:53:48 ERROR : Unexpected error occurred during generating bsp sources
java.lang.reflect.InvocationTargetException
	at org.eclipse.jface.operation.ModalContext.run(ModalContext.java:398)
	at org.eclipse.jface.dialogs.ProgressMonitorDialog.run(ProgressMonitorDialog.java:481)
	at org.eclipse.ui.internal.progress.ProgressMonitorJobsDialog.run(ProgressMonitorJobsDialog.java:242)
	at org.eclipse.ui.internal.progress.ProgressManager$3.run(ProgressManager.java:895)
	at org.eclipse.swt.custom.BusyIndicator.showWhile(BusyIndicator.java:70)
	at org.eclipse.ui.internal.progress.ProgressManager.busyCursorWhile(ProgressManager.java:930)
	at org.eclipse.ui.internal.progress.ProgressManager.busyCursorWhile(ProgressManager.java:905)
	at org.eclipse.ui.internal.progress.ProgressManager.run(ProgressManager.java:1078)
	at com.xilinx.sdk.sw.ui.handlers.RegenBspSourcesHandler.execute(RegenBspSourcesHandler.java:124)
	at com.xilinx.sdk.sw.ui.handlers.RegenBspSourcesHandler.execute(RegenBspSourcesHandler.java:78)
	at org.eclipse.ui.internal.handlers.HandlerProxy.execute(HandlerProxy.java:295)
	at org.eclipse.ui.internal.handlers.E4HandlerProxy.execute(E4HandlerProxy.java:90)
	at sun.reflect.NativeMethodAccessorImpl.invoke0(Native Method)
	at sun.reflect.NativeMethodAccessorImpl.invoke(NativeMethodAccessorImpl.java:62)
	at sun.reflect.DelegatingMethodAccessorImpl.invoke(DelegatingMethodAccessorImpl.java:43)
	at java.lang.reflect.Method.invoke(Method.java:498)
	at org.eclipse.e4.core.internal.di.MethodRequestor.execute(MethodRequestor.java:55)
	at org.eclipse.e4.core.internal.di.InjectorImpl.invokeUsingClass(InjectorImpl.java:282)
	at org.eclipse.e4.core.internal.di.InjectorImpl.invoke(InjectorImpl.java:264)
	at org.eclipse.e4.core.contexts.ContextInjectionFactory.invoke(ContextInjectionFactory.java:132)
	at org.eclipse.e4.core.commands.internal.HandlerServiceHandler.execute(HandlerServiceHandler.java:152)
	at org.eclipse.core.commands.Command.executeWithChecks(Command.java:494)
	at org.eclipse.core.commands.ParameterizedCommand.executeWithChecks(ParameterizedCommand.java:488)
	at org.eclipse.e4.core.commands.internal.HandlerServiceImpl.executeHandler(HandlerServiceImpl.java:210)
	at org.eclipse.e4.ui.workbench.renderers.swt.HandledContributionItem.executeItem(HandledContributionItem.java:433)
	at org.eclipse.e4.ui.workbench.renderers.swt.AbstractContributionItem.handleWidgetSelection(AbstractContributionItem.java:454)
	at org.eclipse.e4.ui.workbench.renderers.swt.AbstractContributionItem$3.handleEvent(AbstractContributionItem.java:482)
	at org.eclipse.swt.widgets.EventTable.sendEvent(EventTable.java:84)
	at org.eclipse.swt.widgets.Display.sendEvent(Display.java:5219)
	at org.eclipse.swt.widgets.Widget.sendEvent(Widget.java:1340)
	at org.eclipse.swt.widgets.Display.runDeferredEvents(Display.java:4553)
	at org.eclipse.swt.widgets.Display.readAndDispatch(Display.java:4143)
	at org.eclipse.e4.ui.internal.workbench.swt.PartRenderingEngine$4.run(PartRenderingEngine.java:1121)
	at org.eclipse.core.databinding.observable.Realm.runWithDefault(Realm.java:336)
	at org.eclipse.e4.ui.internal.workbench.swt.PartRenderingEngine.run(PartRenderingEngine.java:1022)
	at org.eclipse.e4.ui.internal.workbench.E4Workbench.createAndRunUI(E4Workbench.java:150)
	at org.eclipse.ui.internal.Workbench$5.run(Workbench.java:687)
	at org.eclipse.core.databinding.observable.Realm.runWithDefault(Realm.java:336)
	at org.eclipse.ui.internal.Workbench.createAndRunWorkbench(Workbench.java:604)
	at org.eclipse.ui.PlatformUI.createAndRunWorkbench(PlatformUI.java:148)
	at org.eclipse.ui.internal.ide.application.IDEApplication.start(IDEApplication.java:138)
	at org.eclipse.equinox.internal.app.EclipseAppHandle.run(EclipseAppHandle.java:196)
	at org.eclipse.core.runtime.internal.adaptor.EclipseAppLauncher.runApplication(EclipseAppLauncher.java:134)
	at org.eclipse.core.runtime.internal.adaptor.EclipseAppLauncher.start(EclipseAppLauncher.java:104)
	at org.eclipse.core.runtime.adaptor.EclipseStarter.run(EclipseStarter.java:388)
	at org.eclipse.core.runtime.adaptor.EclipseStarter.run(EclipseStarter.java:243)
	at sun.reflect.NativeMethodAccessorImpl.invoke0(Native Method)
	at sun.reflect.NativeMethodAccessorImpl.invoke(NativeMethodAccessorImpl.java:62)
	at sun.reflect.DelegatingMethodAccessorImpl.invoke(DelegatingMethodAccessorImpl.java:43)
	at java.lang.reflect.Method.invoke(Method.java:498)
	at org.eclipse.equinox.launcher.Main.invokeFramework(Main.java:673)
	at org.eclipse.equinox.launcher.Main.basicRun(Main.java:610)
	at org.eclipse.equinox.launcher.Main.run(Main.java:1519)
	at org.eclipse.equinox.launcher.Main.main(Main.java:1492)
Caused by: java.lang.NullPointerException
	at com.xilinx.sdk.sw.ui.handlers.RegenBspSourcesHandler$1.run(RegenBspSourcesHandler.java:135)
	at org.eclipse.jface.operation.ModalContext$ModalContextThread.run(ModalContext.java:119)
19:32:37 ERROR : (XSDB Server)ERROR: [Hsi 55-1594] Core PLAXI_INTERFACE of version 1.0 not found in repositories
ERROR: [Hsi 55-1403] /home/nate/projects/duneWireTension/ElectricalMethod/firmware/source/sdk/lwip_echo1_bsp/system.mss line 21 - No IP instance named PLAXI_INTERFACE_0 present in hardware design

19:32:37 ERROR : (XSDB Server)ERROR: [Hsi 55-1452] Error: running open_sw_design.

19:32:37 ERROR :  [Common 17-39] 'hsi::open_sw_design' failed due to earlier errors.
19:32:37 ERROR : (XSDB Server)ERROR: [Hsi 55-1594] Core PLAXI_INTERFACE of version 1.0 not found in repositories
ERROR: [Hsi 55-1403] /home/nate/projects/duneWireTension/ElectricalMethod/firmware/source/sdk/lwip_echo1_bsp/system.mss line 21 - No IP instance named PLAXI_INTERFACE_0 present in hardware design

19:32:37 ERROR : (XSDB Server)ERROR: [Hsi 55-1452] Error: running open_sw_design.

19:32:37 INFO  : Unable to read in MSS file /home/nate/projects/duneWireTension/ElectricalMethod/firmware/source/sdk/lwip_echo1_bsp/system.mss : null
19:32:37 ERROR : Failed to closesw "/home/nate/projects/duneWireTension/ElectricalMethod/firmware/source/sdk/lwip_echo1_bsp/system.mss"
Reason: Cannot close sw design '/home/nate/projects/duneWireTension/ElectricalMethod/firmware/source/sdk/lwip_echo1_bsp/system.mss'.
Design is not opened in the current session.


19:40:39 ERROR : (XSDB Server)ERROR: [Hsi 55-1594] Core PLAXI_INTERFACE of version 1.0 not found in repositories
ERROR: [Hsi 55-1403] /home/nate/projects/duneWireTension/ElectricalMethod/firmware/source/sdk/lwip_echo1_bsp/system.mss line 21 - No IP instance named PLAXI_INTERFACE_0 present in hardware design

19:40:39 ERROR : (XSDB Server)ERROR: [Hsi 55-1452] Error: running open_sw_design.

19:40:39 ERROR :  [Common 17-39] 'hsi::open_sw_design' failed due to earlier errors.
19:40:39 ERROR : (XSDB Server)ERROR: [Hsi 55-1594] Core PLAXI_INTERFACE of version 1.0 not found in repositories

19:40:39 ERROR : (XSDB Server)ERROR: [Hsi 55-1403] /home/nate/projects/duneWireTension/ElectricalMethod/firmware/source/sdk/lwip_echo1_bsp/system.mss line 21 - No IP instance named PLAXI_INTERFACE_0 present in hardware design

19:40:39 ERROR : (XSDB Server)ERROR: [Hsi 55-1452] Error: running open_sw_design.

19:40:39 INFO  : Unable to read in MSS file /home/nate/projects/duneWireTension/ElectricalMethod/firmware/source/sdk/lwip_echo1_bsp/system.mss : null
19:40:39 ERROR : Failed to closesw "/home/nate/projects/duneWireTension/ElectricalMethod/firmware/source/sdk/lwip_echo1_bsp/system.mss"
Reason: Cannot close sw design '/home/nate/projects/duneWireTension/ElectricalMethod/firmware/source/sdk/lwip_echo1_bsp/system.mss'.
Design is not opened in the current session.


22:52:29 ERROR : (XSDB Server)ERROR: [Hsi 55-1594] Core PLAXI_INTERFACE of version 1.0 not found in repositories
ERROR: [Hsi 55-1403] /home/nate/projects/duneWireTension/ElectricalMethod/firmware/source/sdk/lwip_echo1_bsp/system.mss line 21 - No IP instance named PLAXI_INTERFACE_0 present in hardware design

22:52:29 ERROR :  [Common 17-39] 'hsi::open_sw_design' failed due to earlier errors.
22:52:29 ERROR : (XSDB Server)ERROR: [Hsi 55-1452] Error: running open_sw_design.

22:52:29 ERROR : (XSDB Server)ERROR: [Hsi 55-1594] Core PLAXI_INTERFACE of version 1.0 not found in repositories
ERROR: [Hsi 55-1403] /home/nate/projects/duneWireTension/ElectricalMethod/firmware/source/sdk/lwip_echo1_bsp/system.mss line 21 - No IP instance named PLAXI_INTERFACE_0 present in hardware design

22:52:29 ERROR : (XSDB Server)ERROR: [Hsi 55-1452] Error: running open_sw_design.

22:52:29 INFO  : Unable to read in MSS file /home/nate/projects/duneWireTension/ElectricalMethod/firmware/source/sdk/lwip_echo1_bsp/system.mss : null
22:52:29 ERROR : Failed to closesw "/home/nate/projects/duneWireTension/ElectricalMethod/firmware/source/sdk/lwip_echo1_bsp/system.mss"
Reason: Cannot close sw design '/home/nate/projects/duneWireTension/ElectricalMethod/firmware/source/sdk/lwip_echo1_bsp/system.mss'.
Design is not opened in the current session.


22:58:49 ERROR : (XSDB Server)ERROR: [Hsi 55-1594] Core PLAXI_INTERFACE of version 1.0 not found in repositories
ERROR: [Hsi 55-1403] /home/nate/projects/duneWireTension/ElectricalMethod/firmware/source/sdk/lwip_echo1_bsp/system.mss line 21 - No IP instance named PLAXI_INTERFACE_0 present in hardware design

22:58:49 ERROR :  [Common 17-39] 'hsi::open_sw_design' failed due to earlier errors.
22:58:49 ERROR : (XSDB Server)ERROR: [Hsi 55-1452] Error: running open_sw_design.

22:58:49 ERROR : (XSDB Server)ERROR: [Hsi 55-1594] Core PLAXI_INTERFACE of version 1.0 not found in repositories
ERROR: [Hsi 55-1403] /home/nate/projects/duneWireTension/ElectricalMethod/firmware/source/sdk/lwip_echo1_bsp/system.mss line 21 - No IP instance named PLAXI_INTERFACE_0 present in hardware design

22:58:49 ERROR : (XSDB Server)ERROR: [Hsi 55-1452] Error: running open_sw_design.

22:58:49 INFO  : Unable to read in MSS file /home/nate/projects/duneWireTension/ElectricalMethod/firmware/source/sdk/lwip_echo1_bsp/system.mss : null
22:58:49 ERROR : Failed to closesw "/home/nate/projects/duneWireTension/ElectricalMethod/firmware/source/sdk/lwip_echo1_bsp/system.mss"
Reason: Cannot close sw design '/home/nate/projects/duneWireTension/ElectricalMethod/firmware/source/sdk/lwip_echo1_bsp/system.mss'.
Design is not opened in the current session.


