16:12:28 **** Build of configuration Debug for project dwaFsbl ****
make all 
make --no-print-directory pre-build
a9-linaro-pre-build-step
 
make --no-print-directory main-build
Building file: ../src/fsbl_handoff.S
Invoking: ARM v7 gcc compiler
arm-none-eabi-gcc -Wall -O0 -g3 -I../../dwaFsbl_bsp/ps7_cortexa9_0/include -c -fmessage-length=0 -MT"src/fsbl_handoff.o" -mcpu=cortex-a9 -mfpu=vfpv3 -mfloat-abi=hard -MMD -MP -MF"src/fsbl_handoff.d" -MT"src/fsbl_handoff.o" -o "src/fsbl_handoff.o" "../src/fsbl_handoff.S"
Finished building: ../src/fsbl_handoff.S
 
Building file: ../src/fsbl_hooks.c
Invoking: ARM v7 gcc compiler
arm-none-eabi-gcc -Wall -O0 -g3 -I../../dwaFsbl_bsp/ps7_cortexa9_0/include -c -fmessage-length=0 -MT"src/fsbl_hooks.o" -mcpu=cortex-a9 -mfpu=vfpv3 -mfloat-abi=hard -MMD -MP -MF"src/fsbl_hooks.d" -MT"src/fsbl_hooks.o" -o "src/fsbl_hooks.o" "../src/fsbl_hooks.c"
In file included from ../src/fsbl_hooks.c:50:
../src/fsbl.h:320:10: fatal error: xil_io.h: No such file or directory
  320 | #include "xil_io.h"
      |          ^~~~~~~~~~
compilation terminated.
make[1]: *** [src/subdir.mk:67: src/fsbl_hooks.o] Error 1
make: *** [makefile:34: all] Error 2

16:12:28 Build Finished (took 121ms)

